HOA: v1
States: 4
Start: 0
AP: 3 "p1" "p3" "p0"
Acceptance: 3 (Inf(0) | Fin(1)) & Fin(2)
properties: trans-labels explicit-labels trans-acc
--BODY--
State: 0
[2] 0 {1}
[t] 1
[!1] 3
State: 1
[!0] 1 {1}
[0] 1 {0 1}
[0&2] 1 {1}
[!0&2] 2
State: 2
[!0&2] 2 {2}
[!0&2] 2 {1}
[0&2] 2 {0}
State: 3
[0&!1] 3 {1}
[!0&!1] 3 {0}
--END--
HOA: v1
States: 12
Start: 0
AP: 3 "p1" "p0" "p2"
Acceptance: 5 Inf(0) | (Fin(1) & Inf(2)) | (Fin(1) & Inf(3)) | (Fin(1) & Inf(4))
properties: trans-labels explicit-labels trans-acc deterministic
--BODY--
State: 0
[t] 11
State: 1
[1&!2] 1 {1}
[!1&!2] 2 {0 1}
State: 2
[!1&2] 7 {1}
[1&!2] 3 {2}
[1&2] 7 {2}
[!1&!2] 2 {0 1}
State: 3
[0&1&2] 4
[!0&!1&2] 5 {1}
[0&1&!2] 6 {3}
[!1&!2] 2 {0 1}
[!0&1&!2] 3 {3}
[!0&1&2] 7 {3}
State: 4
[1&!2] 8 {0}
[1&2] 4 {0}
State: 5
[!0&2] 5 {1}
[!0&!1&!2] 2 {0 1}
[!0&1&!2] 10 {1}
State: 6
[1&2] 4
[1&!2] 6 {4}
[!1&!2] 2 {0 1}
State: 7
[0&1] 4
[!0&!1&2] 5 {1}
[!0&!1&!2] 2 {0 1}
[!0&1&!2] 3 {3}
[!0&1&2] 7 {3}
State: 8
[!0&1&!2] 8 {0}
[1&2] 4 {0}
[0&1&!2] 9 {0}
State: 9
[1&!2] 9 {2}
[1&2] 4 {2}
State: 10
[0&1&!2] 1 {1}
[!0&2] 5 {1}
[!1&!2] 2 {0 1}
[!0&1&!2] 10 {1}
State: 11
[t] 2
--END--
HOA: v1
States: 4
Start: 0
AP: 3 "p1" "p0" "p2"
acc-name: parity min even 2
Acceptance: 2 Inf(0) | Fin(1)
properties: trans-labels explicit-labels trans-acc deterministic
--BODY--
State: 0
[!0&1&!2 | 0&!1&!2] 1
[!0&!1&!2 | 0&1&!2] 2
[!0&!1&2 | 0&1&2] 3
State: 1
[t] 1 {0}
State: 2
[!0&1 | 0&!1] 1
[!0&!1] 2 {0 1}
[0&1] 2
State: 3
[!0&!1 | 0&1] 3 {1}
--END--
HOA: v1
States: 5
Start: 0
AP: 3 "p1" "p0" "p2"
acc-name: generalized-co-Buchi 2
Acceptance: 2 Fin(0)|Fin(1)
properties: trans-labels explicit-labels trans-acc complete
properties: deterministic
--BODY--
State: 0
[t] 3
State: 1
[1] 2
[0&!1&!2] 1 {0}
[!0&!1&2] 1 {1}
[0&!1&2] 1
[!0&!1&!2] 1 {0 1}
State: 2
[t] 2
State: 3
[t] 4
State: 4
[2] 1
[!2] 4 {0 1}
--END--
HOA: v1
States: 6
Start: 0
AP: 2 "p1" "p2"
acc-name: generalized-Rabin 3 0 0 1
Acceptance: 4 (Fin(0)|Fin(1)) | (Fin(2) & Inf(3))
properties: trans-labels explicit-labels trans-acc complete
properties: deterministic
--BODY--
State: 0
[t] 2
State: 1
[1] 1 {1}
[!1] 1 {0 1 3}
State: 2
[1] 3
[0&!1] 4
[!0&!1] 2
State: 3
[0&!1] 5
[0&1] 3 {1 2 3}
[!0&!1] 3 {0 1 3}
[!0&1] 3 {2 3}
State: 4
[1] 1
[!0&!1] 4 {1}
[0&!1] 4 {0 1}
State: 5
[1] 1
[0&!1] 5 {0 1}
[!0&!1] 5 {1}
--END--
HOA: v1
States: 6
Start: 0
AP: 2 "p1" "p2"
acc-name: co-Buchi
Acceptance: 1 Fin(0)
properties: trans-labels explicit-labels trans-acc complete
properties: deterministic
--BODY--
State: 0
[!0&!1] 4
[0&!1] 1
[!0&1] 5
[0&1] 3
State: 1
[1] 2
[!1] 1
State: 2
[t] 2
State: 3
[!1] 2
[0&1] 3
[!0&1] 3 {0}
State: 4
[0&!1] 1
[1] 2
[!0&!1] 4 {0}
State: 5
[!1] 2
[0&1] 3
[!0&1] 5 {0}
--END--
HOA: v1
States: 5
Start: 0
AP: 2 "p1" "p2"
acc-name: co-Buchi
Acceptance: 1 Fin(0)
properties: trans-labels explicit-labels trans-acc deterministic
--BODY--
State: 0
[!0&!1] 2
[!0&1] 3
State: 1
[!0&!1] 1
[0 | 1] 1 {0}
State: 2
[0] 1
[!0&!1] 2
[!0&1] 3
State: 3
[0&!1] 1
[0&1] 4
[!0&!1] 2
[!0&1] 3
State: 4
[t] 4
--END--
