ltlcross {ltl2tgba_det}ltl2tgba -D -G %f > %O  -F randltl.txt --timeout=60 --automata --save-bogus=patterns_bogus.ltl --no-checks --products=0 --csv=patterns.csv
[08.06.2022 19:23:54]
=====================
randltl.txt:1: (X(p1)) R (((G(p1)) R (p2)) W (p3))
Running [P0: ltl2tgba_det]: ltl2tgba -D -G '(X(p1)) R (((G(p1)) R (p2)) W (p3))' > '/home/xschwar3/telatko/concur_response_experiments/randaut/autcross/lcr-o0-dWB9Lt' 
Gathering statistics...

randltl.txt:2: (F(p3)) | (G(!(p2)))
Running [P0: ltl2tgba_det]: ltl2tgba -D -G '(F(p3)) | (G(!(p2)))' > '/home/xschwar3/telatko/concur_response_experiments/randaut/autcross/lcr-o0-zJZ7Vt' 
Gathering statistics...

randltl.txt:3: 1
Running [P0: ltl2tgba_det]: ltl2tgba -D -G '1' > '/home/xschwar3/telatko/concur_response_experiments/randaut/autcross/lcr-o0-xO3Ueu' 
Gathering statistics...

randltl.txt:4: F((p0) R (p1))
Running [P0: ltl2tgba_det]: ltl2tgba -D -G 'F((p0) R (p1))' > '/home/xschwar3/telatko/concur_response_experiments/randaut/autcross/lcr-o0-A6o7Jt' 
Gathering statistics...

randltl.txt:5: ((F(G(p2))) R (!(p2))) | (G(F(p1)))
Running [P0: ltl2tgba_det]: ltl2tgba -D -G '((F(G(p2))) R (!(p2))) | (G(F(p1)))' > '/home/xschwar3/telatko/concur_response_experiments/randaut/autcross/lcr-o0-I6ChHs' 
Gathering statistics...

randltl.txt:6: X((p3) & (X((p3) W (!(p0)))))
Running [P0: ltl2tgba_det]: ltl2tgba -D -G 'X((p3) & (X((p3) W (!(p0)))))' > '/home/xschwar3/telatko/concur_response_experiments/randaut/autcross/lcr-o0-7n9n8v' 
Gathering statistics...

randltl.txt:7: F(p3)
Running [P0: ltl2tgba_det]: ltl2tgba -D -G 'F(p3)' > '/home/xschwar3/telatko/concur_response_experiments/randaut/autcross/lcr-o0-mN9R3u' 
Gathering statistics...

randltl.txt:8: 0
Running [P0: ltl2tgba_det]: ltl2tgba -D -G '0' > '/home/xschwar3/telatko/concur_response_experiments/randaut/autcross/lcr-o0-5fa59t' 
Gathering statistics...

randltl.txt:9: X(X(G(((X(!(p1))) U ((!(p0)) M (!(p3)))) | (X(G(p0))))))
Running [P0: ltl2tgba_det]: ltl2tgba -D -G 'X(X(G(((X(!(p1))) U ((!(p0)) M (!(p3)))) | (X(G(p0))))))' > '/home/xschwar3/telatko/concur_response_experiments/randaut/autcross/lcr-o0-3kVQZs' 
Gathering statistics...

randltl.txt:10: G(p0)
Running [P0: ltl2tgba_det]: ltl2tgba -D -G 'G(p0)' > '/home/xschwar3/telatko/concur_response_experiments/randaut/autcross/lcr-o0-J1QdSv' 
Gathering statistics...

randltl.txt:11: 0
warning: This formula or its negation has already been checked.
         Use --allow-dups if it should not be ignored.

randltl.txt:12: X(((F(p2)) W (X(p0))) <-> ((p2) <-> (F(p3))))
Running [P0: ltl2tgba_det]: ltl2tgba -D -G 'X(((F(p2)) W (X(p0))) <-> ((p2) <-> (F(p3))))' > '/home/xschwar3/telatko/concur_response_experiments/randaut/autcross/lcr-o0-ztsHrt' 
Gathering statistics...

randltl.txt:13: F(((p1) | (p2)) & (G(!(p0))))
Running [P0: ltl2tgba_det]: ltl2tgba -D -G 'F(((p1) | (p2)) & (G(!(p0))))' > '/home/xschwar3/telatko/concur_response_experiments/randaut/autcross/lcr-o0-mQEtgw' 
Gathering statistics...

randltl.txt:14: (p3) M (G(((p0) | (p2)) & (X(p2))))
Running [P0: ltl2tgba_det]: ltl2tgba -D -G '(p3) M (G(((p0) | (p2)) & (X(p2))))' > '/home/xschwar3/telatko/concur_response_experiments/randaut/autcross/lcr-o0-M9pTFs' 
Gathering statistics...

randltl.txt:15: ((X(p0)) | (G((G(p1)) | (X(p2))))) W (p2)
Running [P0: ltl2tgba_det]: ltl2tgba -D -G '((X(p0)) | (G((G(p1)) | (X(p2))))) W (p2)' > '/home/xschwar3/telatko/concur_response_experiments/randaut/autcross/lcr-o0-60VrEs' 
Gathering statistics...

randltl.txt:16: (G(p1)) & (X(X(p2)))
Running [P0: ltl2tgba_det]: ltl2tgba -D -G '(G(p1)) & (X(X(p2)))' > '/home/xschwar3/telatko/concur_response_experiments/randaut/autcross/lcr-o0-eM2fBt' 
Gathering statistics...

randltl.txt:17: 1
warning: This formula or its negation has already been checked.
         Use --allow-dups if it should not be ignored.

randltl.txt:18: ((p0) U (G(p2))) R ((p0) R (X(p1)))
Running [P0: ltl2tgba_det]: ltl2tgba -D -G '((p0) U (G(p2))) R ((p0) R (X(p1)))' > '/home/xschwar3/telatko/concur_response_experiments/randaut/autcross/lcr-o0-HjBgsu' 
Gathering statistics...

randltl.txt:19: ((p0) xor (G(p1))) xor ((!(p3)) & (X(!(p3))))
Running [P0: ltl2tgba_det]: ltl2tgba -D -G '((p0) xor (G(p1))) xor ((!(p3)) & (X(!(p3))))' > '/home/xschwar3/telatko/concur_response_experiments/randaut/autcross/lcr-o0-w3SXdt' 
Gathering statistics...

randltl.txt:20: (X(!(p2))) | (G(F((!(p0)) & (!(p3)))))
Running [P0: ltl2tgba_det]: ltl2tgba -D -G '(X(!(p2))) | (G(F((!(p0)) & (!(p3)))))' > '/home/xschwar3/telatko/concur_response_experiments/randaut/autcross/lcr-o0-dLzZwt' 
Gathering statistics...

randltl.txt:21: X((!(p2)) | (X(F(p1))))
Running [P0: ltl2tgba_det]: ltl2tgba -D -G 'X((!(p2)) | (X(F(p1))))' > '/home/xschwar3/telatko/concur_response_experiments/randaut/autcross/lcr-o0-vmuzuw' 
Gathering statistics...

randltl.txt:22: X(F(p3))
Running [P0: ltl2tgba_det]: ltl2tgba -D -G 'X(F(p3))' > '/home/xschwar3/telatko/concur_response_experiments/randaut/autcross/lcr-o0-VkPzIw' 
Gathering statistics...

randltl.txt:23: (p3) W (p1)
Running [P0: ltl2tgba_det]: ltl2tgba -D -G '(p3) W (p1)' > '/home/xschwar3/telatko/concur_response_experiments/randaut/autcross/lcr-o0-zppSgt' 
Gathering statistics...

randltl.txt:24: !(p1)
Running [P0: ltl2tgba_det]: ltl2tgba -D -G '!(p1)' > '/home/xschwar3/telatko/concur_response_experiments/randaut/autcross/lcr-o0-GnaYXt' 
Gathering statistics...

randltl.txt:25: X(G(!(p3)))
Running [P0: ltl2tgba_det]: ltl2tgba -D -G 'X(G(!(p3)))' > '/home/xschwar3/telatko/concur_response_experiments/randaut/autcross/lcr-o0-rxxaQu' 
Gathering statistics...

randltl.txt:26: F(((!(p2)) & (F((F(p1)) R (p3)))) | ((p2) & (G((G(!(p1))) U (!(p3))))))
Running [P0: ltl2tgba_det]: ltl2tgba -D -G 'F(((!(p2)) & (F((F(p1)) R (p3)))) | ((p2) & (G((G(!(p1))) U (!(p3))))))' > '/home/xschwar3/telatko/concur_response_experiments/randaut/autcross/lcr-o0-WDCxOu' 
Gathering statistics...

randltl.txt:27: X(X(F((((X(p0)) & ((!(p2)) R (F(!(p0))))) | (((p2) U (G(p0))) & (X(!(p0))))) R (!(p0)))))
Running [P0: ltl2tgba_det]: ltl2tgba -D -G 'X(X(F((((X(p0)) & ((!(p2)) R (F(!(p0))))) | (((p2) U (G(p0))) & (X(!(p0))))) R (!(p0)))))' > '/home/xschwar3/telatko/concur_response_experiments/randaut/autcross/lcr-o0-abXMzu' 
Gathering statistics...

randltl.txt:28: (X((p0) | (X(p1)))) | ((X(p2)) M ((p0) M (p3)))
Running [P0: ltl2tgba_det]: ltl2tgba -D -G '(X((p0) | (X(p1)))) | ((X(p2)) M ((p0) M (p3)))' > '/home/xschwar3/telatko/concur_response_experiments/randaut/autcross/lcr-o0-XNyhku' 
Gathering statistics...

randltl.txt:29: 1
warning: This formula or its negation has already been checked.
         Use --allow-dups if it should not be ignored.

randltl.txt:30: X((!(p3)) <-> (F(((F(p2)) & (G(p3))) | ((G(!(p2))) & (F(!(p3)))))))
Running [P0: ltl2tgba_det]: ltl2tgba -D -G 'X((!(p3)) <-> (F(((F(p2)) & (G(p3))) | ((G(!(p2))) & (F(!(p3)))))))' > '/home/xschwar3/telatko/concur_response_experiments/randaut/autcross/lcr-o0-MKBMcw' 
Gathering statistics...

randltl.txt:31: X(X((F(p2)) & ((p3) xor ((p2) <-> (X(F(p3)))))))
Running [P0: ltl2tgba_det]: ltl2tgba -D -G 'X(X((F(p2)) & ((p3) xor ((p2) <-> (X(F(p3)))))))' > '/home/xschwar3/telatko/concur_response_experiments/randaut/autcross/lcr-o0-9uZO9v' 
Gathering statistics...

randltl.txt:32: ((p3) | ((!(p1)) U (!(p0)))) W ((!(p2)) R (p1))
Running [P0: ltl2tgba_det]: ltl2tgba -D -G '((p3) | ((!(p1)) U (!(p0)))) W ((!(p2)) R (p1))' > '/home/xschwar3/telatko/concur_response_experiments/randaut/autcross/lcr-o0-i6arat' 
Gathering statistics...

randltl.txt:33: p1
Running [P0: ltl2tgba_det]: ltl2tgba -D -G 'p1' > '/home/xschwar3/telatko/concur_response_experiments/randaut/autcross/lcr-o0-tUlxSv' 
Gathering statistics...

randltl.txt:34: ((p1) & (p2)) | (F(!(p3)))
Running [P0: ltl2tgba_det]: ltl2tgba -D -G '((p1) & (p2)) | (F(!(p3)))' > '/home/xschwar3/telatko/concur_response_experiments/randaut/autcross/lcr-o0-pTlg1v' 
Gathering statistics...

randltl.txt:35: (p0) | (G((F(G(p0))) U (((p2) | (G(p3))) R (p3))))
Running [P0: ltl2tgba_det]: ltl2tgba -D -G '(p0) | (G((F(G(p0))) U (((p2) | (G(p3))) R (p3))))' > '/home/xschwar3/telatko/concur_response_experiments/randaut/autcross/lcr-o0-WdYLPt' 
Gathering statistics...

randltl.txt:36: (F(G(p2))) | (F(!(p1)))
Running [P0: ltl2tgba_det]: ltl2tgba -D -G '(F(G(p2))) | (F(!(p1)))' > '/home/xschwar3/telatko/concur_response_experiments/randaut/autcross/lcr-o0-bAsRNw' 
Gathering statistics...

randltl.txt:37: G(p1)
Running [P0: ltl2tgba_det]: ltl2tgba -D -G 'G(p1)' > '/home/xschwar3/telatko/concur_response_experiments/randaut/autcross/lcr-o0-gsvdKw' 
Gathering statistics...

randltl.txt:38: F(p1)
Running [P0: ltl2tgba_det]: ltl2tgba -D -G 'F(p1)' > '/home/xschwar3/telatko/concur_response_experiments/randaut/autcross/lcr-o0-Cc75Lu' 
Gathering statistics...

randltl.txt:39: (p0) <-> ((p2) xor ((p2) | ((!(p2)) M (F(!(p1))))))
Running [P0: ltl2tgba_det]: ltl2tgba -D -G '(p0) <-> ((p2) xor ((p2) | ((!(p2)) M (F(!(p1))))))' > '/home/xschwar3/telatko/concur_response_experiments/randaut/autcross/lcr-o0-eHAmqv' 
Gathering statistics...

randltl.txt:40: (p1) | ((p1) U (X((p0) U (!(p1)))))
Running [P0: ltl2tgba_det]: ltl2tgba -D -G '(p1) | ((p1) U (X((p0) U (!(p1)))))' > '/home/xschwar3/telatko/concur_response_experiments/randaut/autcross/lcr-o0-A6Snht' 
Gathering statistics...

randltl.txt:41: (X(p3)) R (((p2) & (X(F(p1)))) | ((!(p2)) & (X(G(!(p1))))))
Running [P0: ltl2tgba_det]: ltl2tgba -D -G '(X(p3)) R (((p2) & (X(F(p1)))) | ((!(p2)) & (X(G(!(p1))))))' > '/home/xschwar3/telatko/concur_response_experiments/randaut/autcross/lcr-o0-JKxNuu' 
Gathering statistics...

randltl.txt:42: 0
warning: This formula or its negation has already been checked.
         Use --allow-dups if it should not be ignored.

randltl.txt:43: G(((!(p0)) & (p1)) | ((p0) & (!(p1))))
Running [P0: ltl2tgba_det]: ltl2tgba -D -G 'G(((!(p0)) & (p1)) | ((p0) & (!(p1))))' > '/home/xschwar3/telatko/concur_response_experiments/randaut/autcross/lcr-o0-TMiAav' 
Gathering statistics...

randltl.txt:44: (!(p2)) <-> (!(p3))
Running [P0: ltl2tgba_det]: ltl2tgba -D -G '(!(p2)) <-> (!(p3))' > '/home/xschwar3/telatko/concur_response_experiments/randaut/autcross/lcr-o0-qUcxnv' 
Gathering statistics...

randltl.txt:45: ((p0) & (p3)) W (F((!(p3)) & (X((!(p3)) W (!(p2))))))
Running [P0: ltl2tgba_det]: ltl2tgba -D -G '((p0) & (p3)) W (F((!(p3)) & (X((!(p3)) W (!(p2))))))' > '/home/xschwar3/telatko/concur_response_experiments/randaut/autcross/lcr-o0-54ROss' 
Gathering statistics...

randltl.txt:46: p1
warning: This formula or its negation has already been checked.
         Use --allow-dups if it should not be ignored.

randltl.txt:47: F(((p1) & (G(F(p2)))) | ((!(p1)) & (F(G(!(p2))))))
Running [P0: ltl2tgba_det]: ltl2tgba -D -G 'F(((p1) & (G(F(p2)))) | ((!(p1)) & (F(G(!(p2))))))' > '/home/xschwar3/telatko/concur_response_experiments/randaut/autcross/lcr-o0-1dOR4u' 
Gathering statistics...

randltl.txt:48: (p3) xor ((p3) W (X(p0)))
Running [P0: ltl2tgba_det]: ltl2tgba -D -G '(p3) xor ((p3) W (X(p0)))' > '/home/xschwar3/telatko/concur_response_experiments/randaut/autcross/lcr-o0-nosaJs' 
Gathering statistics...

randltl.txt:49: G((F(p2)) | ((!(p2)) & (F(!(p1)))))
Running [P0: ltl2tgba_det]: ltl2tgba -D -G 'G((F(p2)) | ((!(p2)) & (F(!(p1)))))' > '/home/xschwar3/telatko/concur_response_experiments/randaut/autcross/lcr-o0-zBcQzs' 
Gathering statistics...

randltl.txt:50: (X(p1)) | ((p3) & (((p1) M (G(F(p1)))) U (X(!(p0)))))
Running [P0: ltl2tgba_det]: ltl2tgba -D -G '(X(p1)) | ((p3) & (((p1) M (G(F(p1)))) U (X(!(p0)))))' > '/home/xschwar3/telatko/concur_response_experiments/randaut/autcross/lcr-o0-0msFgt' 
Gathering statistics...

randltl.txt:51: G((p3) M (F(p1)))
Running [P0: ltl2tgba_det]: ltl2tgba -D -G 'G((p3) M (F(p1)))' > '/home/xschwar3/telatko/concur_response_experiments/randaut/autcross/lcr-o0-gc4jbu' 
Gathering statistics...

randltl.txt:52: X(X((G(F(p0))) R (p3)))
Running [P0: ltl2tgba_det]: ltl2tgba -D -G 'X(X((G(F(p0))) R (p3)))' > '/home/xschwar3/telatko/concur_response_experiments/randaut/autcross/lcr-o0-F81fMw' 
Gathering statistics...

randltl.txt:53: G(F(!(p3)))
Running [P0: ltl2tgba_det]: ltl2tgba -D -G 'G(F(!(p3)))' > '/home/xschwar3/telatko/concur_response_experiments/randaut/autcross/lcr-o0-PHOQFv' 
Gathering statistics...

randltl.txt:54: (((p1) M (!(p0))) U (X(p2))) W (G(!(p2)))
Running [P0: ltl2tgba_det]: ltl2tgba -D -G '(((p1) M (!(p0))) U (X(p2))) W (G(!(p2)))' > '/home/xschwar3/telatko/concur_response_experiments/randaut/autcross/lcr-o0-bjYTgw' 
Gathering statistics...

randltl.txt:55: F(G(!(p1)))
Running [P0: ltl2tgba_det]: ltl2tgba -D -G 'F(G(!(p1)))' > '/home/xschwar3/telatko/concur_response_experiments/randaut/autcross/lcr-o0-T7jwpv' 
Gathering statistics...

randltl.txt:56: 1
warning: This formula or its negation has already been checked.
         Use --allow-dups if it should not be ignored.

randltl.txt:57: ((G(!(p1))) M (F(!(p3)))) R ((p3) | (F(p0)))
Running [P0: ltl2tgba_det]: ltl2tgba -D -G '((G(!(p1))) M (F(!(p3)))) R ((p3) | (F(p0)))' > '/home/xschwar3/telatko/concur_response_experiments/randaut/autcross/lcr-o0-HKAPyu' 
Gathering statistics...

randltl.txt:58: (F(p0)) | (((p1) & (p3)) xor ((p1) | (G(p2))))
Running [P0: ltl2tgba_det]: ltl2tgba -D -G '(F(p0)) | (((p1) & (p3)) xor ((p1) | (G(p2))))' > '/home/xschwar3/telatko/concur_response_experiments/randaut/autcross/lcr-o0-DXDbbv' 
Gathering statistics...

randltl.txt:59: (p3) W (((p0) & (F(!(p1))) & (F(!(p2)))) | ((!(p0)) & ((G(p1)) | (G(p2)))))
Running [P0: ltl2tgba_det]: ltl2tgba -D -G '(p3) W (((p0) & (F(!(p1))) & (F(!(p2)))) | ((!(p0)) & ((G(p1)) | (G(p2)))))' > '/home/xschwar3/telatko/concur_response_experiments/randaut/autcross/lcr-o0-WsQbSt' 
Gathering statistics...

randltl.txt:60: X((p2) M ((!(p2)) | (X((p1) | (G(p0))))))
Running [P0: ltl2tgba_det]: ltl2tgba -D -G 'X((p2) M ((!(p2)) | (X((p1) | (G(p0))))))' > '/home/xschwar3/telatko/concur_response_experiments/randaut/autcross/lcr-o0-Tq4Ajv' 
Gathering statistics...

randltl.txt:61: F((!(p2)) | ((p2) & (p3)))
Running [P0: ltl2tgba_det]: ltl2tgba -D -G 'F((!(p2)) | ((p2) & (p3)))' > '/home/xschwar3/telatko/concur_response_experiments/randaut/autcross/lcr-o0-6EmWHs' 
Gathering statistics...

randltl.txt:62: (!(p1)) & (G(!(p3))) & (F(((p1) & (G(p0))) | ((!(p1)) & (F(!(p0))))))
Running [P0: ltl2tgba_det]: ltl2tgba -D -G '(!(p1)) & (G(!(p3))) & (F(((p1) & (G(p0))) | ((!(p1)) & (F(!(p0))))))' > '/home/xschwar3/telatko/concur_response_experiments/randaut/autcross/lcr-o0-JoSiEv' 
Gathering statistics...

randltl.txt:63: (p2) & (X(X(F(p2))))
Running [P0: ltl2tgba_det]: ltl2tgba -D -G '(p2) & (X(X(F(p2))))' > '/home/xschwar3/telatko/concur_response_experiments/randaut/autcross/lcr-o0-baqfSu' 
Gathering statistics...

randltl.txt:64: p0
Running [P0: ltl2tgba_det]: ltl2tgba -D -G 'p0' > '/home/xschwar3/telatko/concur_response_experiments/randaut/autcross/lcr-o0-9zaaYt' 
Gathering statistics...

randltl.txt:65: G((!(p0)) & (X(p3)))
Running [P0: ltl2tgba_det]: ltl2tgba -D -G 'G((!(p0)) & (X(p3)))' > '/home/xschwar3/telatko/concur_response_experiments/randaut/autcross/lcr-o0-pdXZJt' 
Gathering statistics...

randltl.txt:66: (p2) R ((G((F(!(p3))) & (F(G(!(p0)))))) R (!(p0)))
Running [P0: ltl2tgba_det]: ltl2tgba -D -G '(p2) R ((G((F(!(p3))) & (F(G(!(p0)))))) R (!(p0)))' > '/home/xschwar3/telatko/concur_response_experiments/randaut/autcross/lcr-o0-HX78Pv' 
Gathering statistics...

randltl.txt:67: (!(p0)) | (!(p3))
Running [P0: ltl2tgba_det]: ltl2tgba -D -G '(!(p0)) | (!(p3))' > '/home/xschwar3/telatko/concur_response_experiments/randaut/autcross/lcr-o0-arMwAw' 
Gathering statistics...

randltl.txt:68: (F(p0)) | (X(X(F(p3))))
Running [P0: ltl2tgba_det]: ltl2tgba -D -G '(F(p0)) | (X(X(F(p3))))' > '/home/xschwar3/telatko/concur_response_experiments/randaut/autcross/lcr-o0-CJIsAu' 
Gathering statistics...

randltl.txt:69: G((((p1) & ((!(p0)) | (p2))) | ((p0) & (!(p1)) & (!(p2)))) & ((!(p0)) U (p1)))
Running [P0: ltl2tgba_det]: ltl2tgba -D -G 'G((((p1) & ((!(p0)) | (p2))) | ((p0) & (!(p1)) & (!(p2)))) & ((!(p0)) U (p1)))' > '/home/xschwar3/telatko/concur_response_experiments/randaut/autcross/lcr-o0-mUZVIw' 
Gathering statistics...

randltl.txt:70: (X(p2)) & ((p3) R (!(p0)))
Running [P0: ltl2tgba_det]: ltl2tgba -D -G '(X(p2)) & ((p3) R (!(p0)))' > '/home/xschwar3/telatko/concur_response_experiments/randaut/autcross/lcr-o0-slRCjw' 
Gathering statistics...

randltl.txt:71: (G((!(p3)) | ((p1) U (p0)))) & (G(F(p3)))
Running [P0: ltl2tgba_det]: ltl2tgba -D -G '(G((!(p3)) | ((p1) U (p0)))) & (G(F(p3)))' > '/home/xschwar3/telatko/concur_response_experiments/randaut/autcross/lcr-o0-8HYC5v' 
Gathering statistics...

randltl.txt:72: (F(p1)) & (G(F(!(p0))))
Running [P0: ltl2tgba_det]: ltl2tgba -D -G '(F(p1)) & (G(F(!(p0))))' > '/home/xschwar3/telatko/concur_response_experiments/randaut/autcross/lcr-o0-kKVCbv' 
Gathering statistics...

randltl.txt:73: (p0) | (X((p0) M (((p1) & (X(!(p3)))) | ((!(p1)) & (X(p3))))))
Running [P0: ltl2tgba_det]: ltl2tgba -D -G '(p0) | (X((p0) M (((p1) & (X(!(p3)))) | ((!(p1)) & (X(p3))))))' > '/home/xschwar3/telatko/concur_response_experiments/randaut/autcross/lcr-o0-aEZNkw' 
Gathering statistics...

randltl.txt:74: (p2) <-> (X(X((p0) W (F(p3)))))
Running [P0: ltl2tgba_det]: ltl2tgba -D -G '(p2) <-> (X(X((p0) W (F(p3)))))' > '/home/xschwar3/telatko/concur_response_experiments/randaut/autcross/lcr-o0-ohHnbw' 
Gathering statistics...

randltl.txt:75: F((!(p1)) & (X(X(((p0) & (X(!(p1)))) | ((!(p0)) & (X(p1)))))))
Running [P0: ltl2tgba_det]: ltl2tgba -D -G 'F((!(p1)) & (X(X(((p0) & (X(!(p1)))) | ((!(p0)) & (X(p1)))))))' > '/home/xschwar3/telatko/concur_response_experiments/randaut/autcross/lcr-o0-ScJoet' 
Gathering statistics...

randltl.txt:76: (F(p1)) | (!((F(p3)) W (p2)))
Running [P0: ltl2tgba_det]: ltl2tgba -D -G '(F(p1)) | (!((F(p3)) W (p2)))' > '/home/xschwar3/telatko/concur_response_experiments/randaut/autcross/lcr-o0-XsM0ov' 
Gathering statistics...

randltl.txt:77: G(p3)
Running [P0: ltl2tgba_det]: ltl2tgba -D -G 'G(p3)' > '/home/xschwar3/telatko/concur_response_experiments/randaut/autcross/lcr-o0-540DXu' 
Gathering statistics...

randltl.txt:78: G((F((!(p1)) W (!(p0)))) & (F(G((p0) | ((F(p0)) U (!(p1)))))))
Running [P0: ltl2tgba_det]: ltl2tgba -D -G 'G((F((!(p1)) W (!(p0)))) & (F(G((p0) | ((F(p0)) U (!(p1)))))))' > '/home/xschwar3/telatko/concur_response_experiments/randaut/autcross/lcr-o0-oDjUWw' 
Gathering statistics...

randltl.txt:79: (G(p3)) xor ((G(p2)) U (p0))
Running [P0: ltl2tgba_det]: ltl2tgba -D -G '(G(p3)) xor ((G(p2)) U (p0))' > '/home/xschwar3/telatko/concur_response_experiments/randaut/autcross/lcr-o0-yajhst' 
Gathering statistics...

randltl.txt:80: (!(p0)) | (X(!(p2)))
Running [P0: ltl2tgba_det]: ltl2tgba -D -G '(!(p0)) | (X(!(p2)))' > '/home/xschwar3/telatko/concur_response_experiments/randaut/autcross/lcr-o0-W5YoOv' 
Gathering statistics...

randltl.txt:81: G(F(p3))
Running [P0: ltl2tgba_det]: ltl2tgba -D -G 'G(F(p3))' > '/home/xschwar3/telatko/concur_response_experiments/randaut/autcross/lcr-o0-JrWa0u' 
Gathering statistics...

randltl.txt:82: G(F((p3) | ((p2) & (G(!(p3))))))
Running [P0: ltl2tgba_det]: ltl2tgba -D -G 'G(F((p3) | ((p2) & (G(!(p3))))))' > '/home/xschwar3/telatko/concur_response_experiments/randaut/autcross/lcr-o0-hzxUet' 
Gathering statistics...

randltl.txt:83: (!(p3)) | (((p0) U (p2)) U (((p0) & (!(p3))) | ((!(p0)) & (p3))))
Running [P0: ltl2tgba_det]: ltl2tgba -D -G '(!(p3)) | (((p0) U (p2)) U (((p0) & (!(p3))) | ((!(p0)) & (p3))))' > '/home/xschwar3/telatko/concur_response_experiments/randaut/autcross/lcr-o0-rvayct' 
Gathering statistics...

randltl.txt:84: 0
warning: This formula or its negation has already been checked.
         Use --allow-dups if it should not be ignored.

randltl.txt:85: (X(p3)) <-> ((p0) | ((!(p0)) U (X((F(!(p0))) | (X((!(p1)) W (!(p3))))))))
Running [P0: ltl2tgba_det]: ltl2tgba -D -G '(X(p3)) <-> ((p0) | ((!(p0)) U (X((F(!(p0))) | (X((!(p1)) W (!(p3))))))))' > '/home/xschwar3/telatko/concur_response_experiments/randaut/autcross/lcr-o0-LwOWqt' 
Gathering statistics...

randltl.txt:86: ((p2) W ((G(p1)) | (G(p3)))) W (X(((!(p0)) & (X(!(p2)))) | ((p0) & (X(p2)))))
Running [P0: ltl2tgba_det]: ltl2tgba -D -G '((p2) W ((G(p1)) | (G(p3)))) W (X(((!(p0)) & (X(!(p2)))) | ((p0) & (X(p2)))))' > '/home/xschwar3/telatko/concur_response_experiments/randaut/autcross/lcr-o0-SQwSJs' 
Gathering statistics...

randltl.txt:87: F(p2)
Running [P0: ltl2tgba_det]: ltl2tgba -D -G 'F(p2)' > '/home/xschwar3/telatko/concur_response_experiments/randaut/autcross/lcr-o0-qRPiCv' 
Gathering statistics...

randltl.txt:88: (p1) M ((F(p2)) W (X((p0) & (F(!(p0))))))
Running [P0: ltl2tgba_det]: ltl2tgba -D -G '(p1) M ((F(p2)) W (X((p0) & (F(!(p0))))))' > '/home/xschwar3/telatko/concur_response_experiments/randaut/autcross/lcr-o0-zVTCPv' 
Gathering statistics...

randltl.txt:89: G(F(p2))
Running [P0: ltl2tgba_det]: ltl2tgba -D -G 'G(F(p2))' > '/home/xschwar3/telatko/concur_response_experiments/randaut/autcross/lcr-o0-I7bJcu' 
Gathering statistics...

randltl.txt:90: X(F(p1))
Running [P0: ltl2tgba_det]: ltl2tgba -D -G 'X(F(p1))' > '/home/xschwar3/telatko/concur_response_experiments/randaut/autcross/lcr-o0-vgcO9s' 
Gathering statistics...

randltl.txt:91: F((X(F(!(p0)))) & ((p0) W (p3)))
Running [P0: ltl2tgba_det]: ltl2tgba -D -G 'F((X(F(!(p0)))) & ((p0) W (p3)))' > '/home/xschwar3/telatko/concur_response_experiments/randaut/autcross/lcr-o0-xlrN8t' 
Gathering statistics...

randltl.txt:92: X((p3) W (((p0) & (p2)) | ((!(p0)) & (!(p2)))))
Running [P0: ltl2tgba_det]: ltl2tgba -D -G 'X((p3) W (((p0) & (p2)) | ((!(p0)) & (!(p2)))))' > '/home/xschwar3/telatko/concur_response_experiments/randaut/autcross/lcr-o0-w6myGw' 
Gathering statistics...

randltl.txt:93: ((!(p1)) W (p0)) U (!(p3))
Running [P0: ltl2tgba_det]: ltl2tgba -D -G '((!(p1)) W (p0)) U (!(p3))' > '/home/xschwar3/telatko/concur_response_experiments/randaut/autcross/lcr-o0-fsytDv' 
Gathering statistics...

randltl.txt:94: (F((!(p2)) & (X((!(p2)) U ((X(!(p0))) & (F(!(p3)))))))) | (F(G((p1) M (p2))))
Running [P0: ltl2tgba_det]: ltl2tgba -D -G '(F((!(p2)) & (X((!(p2)) U ((X(!(p0))) & (F(!(p3)))))))) | (F(G((p1) M (p2))))' > '/home/xschwar3/telatko/concur_response_experiments/randaut/autcross/lcr-o0-sOgbev' 
Gathering statistics...

randltl.txt:95: (!(p3)) <-> ((G(p1)) | ((!(p0)) M (p3)))
Running [P0: ltl2tgba_det]: ltl2tgba -D -G '(!(p3)) <-> ((G(p1)) | ((!(p0)) M (p3)))' > '/home/xschwar3/telatko/concur_response_experiments/randaut/autcross/lcr-o0-suapYv' 
Gathering statistics...

randltl.txt:96: F(!(p2))
Running [P0: ltl2tgba_det]: ltl2tgba -D -G 'F(!(p2))' > '/home/xschwar3/telatko/concur_response_experiments/randaut/autcross/lcr-o0-vTQ5tw' 
Gathering statistics...

randltl.txt:97: X(F((!(p2)) | (!(p3))))
Running [P0: ltl2tgba_det]: ltl2tgba -D -G 'X(F((!(p2)) | (!(p3))))' > '/home/xschwar3/telatko/concur_response_experiments/randaut/autcross/lcr-o0-p0mAXv' 
Gathering statistics...

randltl.txt:98: X(p3)
Running [P0: ltl2tgba_det]: ltl2tgba -D -G 'X(p3)' > '/home/xschwar3/telatko/concur_response_experiments/randaut/autcross/lcr-o0-47wO0t' 
Gathering statistics...

randltl.txt:99: G(((F(p3)) & (X(!(p0)))) | ((X(p0)) & (G(!(p3)))))
Running [P0: ltl2tgba_det]: ltl2tgba -D -G 'G(((F(p3)) & (X(!(p0)))) | ((X(p0)) & (G(!(p3)))))' > '/home/xschwar3/telatko/concur_response_experiments/randaut/autcross/lcr-o0-1QgBKv' 
Gathering statistics...

randltl.txt:100: (F(p3)) -> (p3)
Running [P0: ltl2tgba_det]: ltl2tgba -D -G '(F(p3)) -> (p3)' > '/home/xschwar3/telatko/concur_response_experiments/randaut/autcross/lcr-o0-BgSAYu' 
Gathering statistics...

randltl.txt:101: (G(p3)) U (G(p2))
Running [P0: ltl2tgba_det]: ltl2tgba -D -G '(G(p3)) U (G(p2))' > '/home/xschwar3/telatko/concur_response_experiments/randaut/autcross/lcr-o0-6YktFw' 
Gathering statistics...

randltl.txt:102: !(p3)
Running [P0: ltl2tgba_det]: ltl2tgba -D -G '!(p3)' > '/home/xschwar3/telatko/concur_response_experiments/randaut/autcross/lcr-o0-otVpvu' 
Gathering statistics...

randltl.txt:103: X(((p1) R (p0)) & (F((!(p1)) | (p3))))
Running [P0: ltl2tgba_det]: ltl2tgba -D -G 'X(((p1) R (p0)) & (F((!(p1)) | (p3))))' > '/home/xschwar3/telatko/concur_response_experiments/randaut/autcross/lcr-o0-wleWpw' 
Gathering statistics...

randltl.txt:104: G((G(p2)) | (F((!(p2)) & ((!(p3)) W (X(!(p1)))))))
Running [P0: ltl2tgba_det]: ltl2tgba -D -G 'G((G(p2)) | (F((!(p2)) & ((!(p3)) W (X(!(p1)))))))' > '/home/xschwar3/telatko/concur_response_experiments/randaut/autcross/lcr-o0-F9dLHw' 
Gathering statistics...

randltl.txt:105: (p3) | (X(G(p0)))
Running [P0: ltl2tgba_det]: ltl2tgba -D -G '(p3) | (X(G(p0)))' > '/home/xschwar3/telatko/concur_response_experiments/randaut/autcross/lcr-o0-ngZMdt' 
Gathering statistics...

randltl.txt:106: F(p0)
Running [P0: ltl2tgba_det]: ltl2tgba -D -G 'F(p0)' > '/home/xschwar3/telatko/concur_response_experiments/randaut/autcross/lcr-o0-vVpEov' 
Gathering statistics...

randltl.txt:107: ((!(p3)) | (G(F(p3)))) <-> (F(G(p1)))
Running [P0: ltl2tgba_det]: ltl2tgba -D -G '((!(p3)) | (G(F(p3)))) <-> (F(G(p1)))' > '/home/xschwar3/telatko/concur_response_experiments/randaut/autcross/lcr-o0-Je0fkw' 
Gathering statistics...

randltl.txt:108: p0
warning: This formula or its negation has already been checked.
         Use --allow-dups if it should not be ignored.

randltl.txt:109: (p0) | (!(p1)) | ((!(p3)) & (F(G((p0) & (p1)))))
Running [P0: ltl2tgba_det]: ltl2tgba -D -G '(p0) | (!(p1)) | ((!(p3)) & (F(G((p0) & (p1)))))' > '/home/xschwar3/telatko/concur_response_experiments/randaut/autcross/lcr-o0-0HPeQs' 
Gathering statistics...

randltl.txt:110: !((F(p3)) xor (X((!(p2)) W (!(p0)))))
Running [P0: ltl2tgba_det]: ltl2tgba -D -G '!((F(p3)) xor (X((!(p2)) W (!(p0)))))' > '/home/xschwar3/telatko/concur_response_experiments/randaut/autcross/lcr-o0-ALh12v' 
Gathering statistics...

randltl.txt:111: F((F(p3)) R ((p2) | (G(F(p2)))))
Running [P0: ltl2tgba_det]: ltl2tgba -D -G 'F((F(p3)) R ((p2) | (G(F(p2)))))' > '/home/xschwar3/telatko/concur_response_experiments/randaut/autcross/lcr-o0-CuRrzt' 
Gathering statistics...

randltl.txt:112: G(p1)
warning: This formula or its negation has already been checked.
         Use --allow-dups if it should not be ignored.

randltl.txt:113: ((p2) U (p1)) xor (X(G((!(p1)) | (F(p2)))))
Running [P0: ltl2tgba_det]: ltl2tgba -D -G '((p2) U (p1)) xor (X(G((!(p1)) | (F(p2)))))' > '/home/xschwar3/telatko/concur_response_experiments/randaut/autcross/lcr-o0-abIVYv' 
Gathering statistics...

randltl.txt:114: (p0) & (G(p2))
Running [P0: ltl2tgba_det]: ltl2tgba -D -G '(p0) & (G(p2))' > '/home/xschwar3/telatko/concur_response_experiments/randaut/autcross/lcr-o0-1gBNZv' 
Gathering statistics...

randltl.txt:115: X(X((G(p2)) R (F(p3))))
Running [P0: ltl2tgba_det]: ltl2tgba -D -G 'X(X((G(p2)) R (F(p3))))' > '/home/xschwar3/telatko/concur_response_experiments/randaut/autcross/lcr-o0-Th27Fs' 
Gathering statistics...

randltl.txt:116: F(!(p0))
Running [P0: ltl2tgba_det]: ltl2tgba -D -G 'F(!(p0))' > '/home/xschwar3/telatko/concur_response_experiments/randaut/autcross/lcr-o0-9ZDY6s' 
Gathering statistics...

randltl.txt:117: (G(!(p3))) M ((p2) | (p3))
Running [P0: ltl2tgba_det]: ltl2tgba -D -G '(G(!(p3))) M ((p2) | (p3))' > '/home/xschwar3/telatko/concur_response_experiments/randaut/autcross/lcr-o0-hqdf8t' 
Gathering statistics...

randltl.txt:118: G((F(p1)) & (F(!(p0))))
Running [P0: ltl2tgba_det]: ltl2tgba -D -G 'G((F(p1)) & (F(!(p0))))' > '/home/xschwar3/telatko/concur_response_experiments/randaut/autcross/lcr-o0-1kTIDt' 
Gathering statistics...

randltl.txt:119: (F(!(p3))) | (G((X(p1)) | (G(p0))))
Running [P0: ltl2tgba_det]: ltl2tgba -D -G '(F(!(p3))) | (G((X(p1)) | (G(p0))))' > '/home/xschwar3/telatko/concur_response_experiments/randaut/autcross/lcr-o0-4mEU8u' 
Gathering statistics...

randltl.txt:120: F(G(p3))
Running [P0: ltl2tgba_det]: ltl2tgba -D -G 'F(G(p3))' > '/home/xschwar3/telatko/concur_response_experiments/randaut/autcross/lcr-o0-9Obw0w' 
Gathering statistics...

randltl.txt:121: F((((p3) | (X((p3) M (p1)))) & ((F(!(p1))) | (F(G(!(p0)))))) | ((!(p3)) & (G(p1)) & (G(F(p0))) & (X((!(p3)) W (!(p1))))))
Running [P0: ltl2tgba_det]: ltl2tgba -D -G 'F((((p3) | (X((p3) M (p1)))) & ((F(!(p1))) | (F(G(!(p0)))))) | ((!(p3)) & (G(p1)) & (G(F(p0))) & (X((!(p3)) W (!(p1))))))' > '/home/xschwar3/telatko/concur_response_experiments/randaut/autcross/lcr-o0-8J2ixw' 
Gathering statistics...

randltl.txt:122: !(p1)
warning: This formula or its negation has already been checked.
         Use --allow-dups if it should not be ignored.

randltl.txt:123: (F(p0)) -> (G(p0))
Running [P0: ltl2tgba_det]: ltl2tgba -D -G '(F(p0)) -> (G(p0))' > '/home/xschwar3/telatko/concur_response_experiments/randaut/autcross/lcr-o0-YMheCu' 
Gathering statistics...

randltl.txt:124: X(F(p2))
Running [P0: ltl2tgba_det]: ltl2tgba -D -G 'X(F(p2))' > '/home/xschwar3/telatko/concur_response_experiments/randaut/autcross/lcr-o0-rr7diu' 
Gathering statistics...

randltl.txt:125: X(G((p1) | (p2)))
Running [P0: ltl2tgba_det]: ltl2tgba -D -G 'X(G((p1) | (p2)))' > '/home/xschwar3/telatko/concur_response_experiments/randaut/autcross/lcr-o0-U8vLYt' 
Gathering statistics...

randltl.txt:126: (p0) | (X(X(F(!(p0)))))
Running [P0: ltl2tgba_det]: ltl2tgba -D -G '(p0) | (X(X(F(!(p0)))))' > '/home/xschwar3/telatko/concur_response_experiments/randaut/autcross/lcr-o0-brHOBt' 
Gathering statistics...

randltl.txt:127: (G(!(p3))) | ((((p0) & (!(p2))) | ((!(p0)) & (p2))) R (!(p0)))
Running [P0: ltl2tgba_det]: ltl2tgba -D -G '(G(!(p3))) | ((((p0) & (!(p2))) | ((!(p0)) & (p2))) R (!(p0)))' > '/home/xschwar3/telatko/concur_response_experiments/randaut/autcross/lcr-o0-JBCBdu' 
Gathering statistics...

randltl.txt:128: 1
warning: This formula or its negation has already been checked.
         Use --allow-dups if it should not be ignored.

randltl.txt:129: (F(p0)) <-> (G(F(!(p1))))
Running [P0: ltl2tgba_det]: ltl2tgba -D -G '(F(p0)) <-> (G(F(!(p1))))' > '/home/xschwar3/telatko/concur_response_experiments/randaut/autcross/lcr-o0-Ct8mps' 
Gathering statistics...

randltl.txt:130: F(((F(!(p0))) & ((G(p1)) M (((p1) & (!(p3))) | ((!(p1)) & (p3))))) | ((G(p0)) & ((F(!(p1))) W (((p1) & (p3)) | ((!(p1)) & (!(p3)))))))
Running [P0: ltl2tgba_det]: ltl2tgba -D -G 'F(((F(!(p0))) & ((G(p1)) M (((p1) & (!(p3))) | ((!(p1)) & (p3))))) | ((G(p0)) & ((F(!(p1))) W (((p1) & (p3)) | ((!(p1)) & (!(p3)))))))' > '/home/xschwar3/telatko/concur_response_experiments/randaut/autcross/lcr-o0-USwY9t' 
Gathering statistics...

randltl.txt:131: ((p0) & (!(p1))) R ((p3) | (X(p2)))
Running [P0: ltl2tgba_det]: ltl2tgba -D -G '((p0) & (!(p1))) R ((p3) | (X(p2)))' > '/home/xschwar3/telatko/concur_response_experiments/randaut/autcross/lcr-o0-xmgsBu' 
Gathering statistics...

randltl.txt:132: F(G((p1) & (((p0) & (p2)) | ((!(p0)) & (!(p2))))))
Running [P0: ltl2tgba_det]: ltl2tgba -D -G 'F(G((p1) & (((p0) & (p2)) | ((!(p0)) & (!(p2))))))' > '/home/xschwar3/telatko/concur_response_experiments/randaut/autcross/lcr-o0-p6g3wu' 
Gathering statistics...

randltl.txt:133: (X(G(p2))) M ((p1) R (p3))
Running [P0: ltl2tgba_det]: ltl2tgba -D -G '(X(G(p2))) M ((p1) R (p3))' > '/home/xschwar3/telatko/concur_response_experiments/randaut/autcross/lcr-o0-okFFIt' 
Gathering statistics...

randltl.txt:134: (F(G(p2))) | (F(p0))
Running [P0: ltl2tgba_det]: ltl2tgba -D -G '(F(G(p2))) | (F(p0))' > '/home/xschwar3/telatko/concur_response_experiments/randaut/autcross/lcr-o0-5FTwCs' 
Gathering statistics...

randltl.txt:135: (p3) xor (F(p0))
Running [P0: ltl2tgba_det]: ltl2tgba -D -G '(p3) xor (F(p0))' > '/home/xschwar3/telatko/concur_response_experiments/randaut/autcross/lcr-o0-MBRWVs' 
Gathering statistics...

randltl.txt:136: ((p0) <-> (p3)) & (F(((p1) & (G(p3))) | ((!(p1)) & (F(!(p3))))))
Running [P0: ltl2tgba_det]: ltl2tgba -D -G '((p0) <-> (p3)) & (F(((p1) & (G(p3))) | ((!(p1)) & (F(!(p3))))))' > '/home/xschwar3/telatko/concur_response_experiments/randaut/autcross/lcr-o0-BbaZIu' 
Gathering statistics...

randltl.txt:137: (p1) W (((p0) & (p2)) | ((!(p0)) & (!(p2))))
Running [P0: ltl2tgba_det]: ltl2tgba -D -G '(p1) W (((p0) & (p2)) | ((!(p0)) & (!(p2))))' > '/home/xschwar3/telatko/concur_response_experiments/randaut/autcross/lcr-o0-3YfXBu' 
Gathering statistics...

randltl.txt:138: X((((!(p0)) & (p2)) W (!(p2))) U (X(X(!(p2)))))
Running [P0: ltl2tgba_det]: ltl2tgba -D -G 'X((((!(p0)) & (p2)) W (!(p2))) U (X(X(!(p2)))))' > '/home/xschwar3/telatko/concur_response_experiments/randaut/autcross/lcr-o0-IdwJlu' 
Gathering statistics...

randltl.txt:139: (p1) | (G(F(!(p2))))
Running [P0: ltl2tgba_det]: ltl2tgba -D -G '(p1) | (G(F(!(p2))))' > '/home/xschwar3/telatko/concur_response_experiments/randaut/autcross/lcr-o0-kZAuuu' 
Gathering statistics...

randltl.txt:140: X(F(p2))
warning: This formula or its negation has already been checked.
         Use --allow-dups if it should not be ignored.

randltl.txt:141: F(G((p1) U (p0)))
Running [P0: ltl2tgba_det]: ltl2tgba -D -G 'F(G((p1) U (p0)))' > '/home/xschwar3/telatko/concur_response_experiments/randaut/autcross/lcr-o0-5HwPut' 
Gathering statistics...

randltl.txt:142: G(p0)
warning: This formula or its negation has already been checked.
         Use --allow-dups if it should not be ignored.

randltl.txt:143: ((p0) -> ((p0) | (p2))) | ((!(p1)) & (X((!(p1)) U (!(p3)))))
Running [P0: ltl2tgba_det]: ltl2tgba -D -G '((p0) -> ((p0) | (p2))) | ((!(p1)) & (X((!(p1)) U (!(p3)))))' > '/home/xschwar3/telatko/concur_response_experiments/randaut/autcross/lcr-o0-xVysev' 
Gathering statistics...

randltl.txt:144: G((p1) & (X((p3) | (F(!(p2))))))
Running [P0: ltl2tgba_det]: ltl2tgba -D -G 'G((p1) & (X((p3) | (F(!(p2))))))' > '/home/xschwar3/telatko/concur_response_experiments/randaut/autcross/lcr-o0-kl3Olu' 
Gathering statistics...

randltl.txt:145: (!(p0)) <-> ((p3) xor (F(G(p1))))
Running [P0: ltl2tgba_det]: ltl2tgba -D -G '(!(p0)) <-> ((p3) xor (F(G(p1))))' > '/home/xschwar3/telatko/concur_response_experiments/randaut/autcross/lcr-o0-U6UNiv' 
Gathering statistics...

randltl.txt:146: ((p2) | (p3)) R (F(p2))
Running [P0: ltl2tgba_det]: ltl2tgba -D -G '((p2) | (p3)) R (F(p2))' > '/home/xschwar3/telatko/concur_response_experiments/randaut/autcross/lcr-o0-GTMMCu' 
Gathering statistics...

randltl.txt:147: X((F(p1)) & (X(X(X(((!(p3)) & (X(p3))) U (G(!(p1))))))))
Running [P0: ltl2tgba_det]: ltl2tgba -D -G 'X((F(p1)) & (X(X(X(((!(p3)) & (X(p3))) U (G(!(p1))))))))' > '/home/xschwar3/telatko/concur_response_experiments/randaut/autcross/lcr-o0-kmpLRs' 
Gathering statistics...

randltl.txt:148: G((p0) & (X((p0) | (!(p3)))))
Running [P0: ltl2tgba_det]: ltl2tgba -D -G 'G((p0) & (X((p0) | (!(p3)))))' > '/home/xschwar3/telatko/concur_response_experiments/randaut/autcross/lcr-o0-hpzGft' 
Gathering statistics...

randltl.txt:149: X((p0) & (p2) & (X(((p0) & (p2)) U (p1))))
Running [P0: ltl2tgba_det]: ltl2tgba -D -G 'X((p0) & (p2) & (X(((p0) & (p2)) U (p1))))' > '/home/xschwar3/telatko/concur_response_experiments/randaut/autcross/lcr-o0-OZY4jt' 
Gathering statistics...

randltl.txt:150: (F(p2)) xor (X(G(!(p3))))
Running [P0: ltl2tgba_det]: ltl2tgba -D -G '(F(p2)) xor (X(G(!(p3))))' > '/home/xschwar3/telatko/concur_response_experiments/randaut/autcross/lcr-o0-XAtT1s' 
Gathering statistics...

randltl.txt:151: X(!(p3))
Running [P0: ltl2tgba_det]: ltl2tgba -D -G 'X(!(p3))' > '/home/xschwar3/telatko/concur_response_experiments/randaut/autcross/lcr-o0-28ALTs' 
Gathering statistics...

randltl.txt:152: G(!(p3))
Running [P0: ltl2tgba_det]: ltl2tgba -D -G 'G(!(p3))' > '/home/xschwar3/telatko/concur_response_experiments/randaut/autcross/lcr-o0-s9h5Os' 
Gathering statistics...

randltl.txt:153: G(p0)
warning: This formula or its negation has already been checked.
         Use --allow-dups if it should not be ignored.

randltl.txt:154: X(F(p2))
warning: This formula or its negation has already been checked.
         Use --allow-dups if it should not be ignored.

randltl.txt:155: X(X((X((!(p0)) | (X(p2)))) xor ((p0) M (X(p0)))))
Running [P0: ltl2tgba_det]: ltl2tgba -D -G 'X(X((X((!(p0)) | (X(p2)))) xor ((p0) M (X(p0)))))' > '/home/xschwar3/telatko/concur_response_experiments/randaut/autcross/lcr-o0-J76TKt' 
Gathering statistics...

randltl.txt:156: (p2) <-> ((X(G(p3))) | ((p3) <-> (F(G(p2)))))
Running [P0: ltl2tgba_det]: ltl2tgba -D -G '(p2) <-> ((X(G(p3))) | ((p3) <-> (F(G(p2)))))' > '/home/xschwar3/telatko/concur_response_experiments/randaut/autcross/lcr-o0-uOM0Qu' 
Gathering statistics...

randltl.txt:157: X(p3)
warning: This formula or its negation has already been checked.
         Use --allow-dups if it should not be ignored.

randltl.txt:158: ((p1) xor (p2)) xor ((((!(p0)) & (p1)) | ((p0) & (!(p1)))) R ((p3) | (F(p1))))
Running [P0: ltl2tgba_det]: ltl2tgba -D -G '((p1) xor (p2)) xor ((((!(p0)) & (p1)) | ((p0) & (!(p1)))) R ((p3) | (F(p1))))' > '/home/xschwar3/telatko/concur_response_experiments/randaut/autcross/lcr-o0-xRtHlv' 
Gathering statistics...

randltl.txt:159: ((p1) <-> (X(p1))) <-> ((F(p1)) & (F((!(p0)) R (X(p2)))))
Running [P0: ltl2tgba_det]: ltl2tgba -D -G '((p1) <-> (X(p1))) <-> ((F(p1)) & (F((!(p0)) R (X(p2)))))' > '/home/xschwar3/telatko/concur_response_experiments/randaut/autcross/lcr-o0-J1P2Kw' 
Gathering statistics...

randltl.txt:160: X((X(p3)) M ((p0) W (p2)))
Running [P0: ltl2tgba_det]: ltl2tgba -D -G 'X((X(p3)) M ((p0) W (p2)))' > '/home/xschwar3/telatko/concur_response_experiments/randaut/autcross/lcr-o0-Evhcpt' 
Gathering statistics...

randltl.txt:161: (p0) | (G(!(p1)))
Running [P0: ltl2tgba_det]: ltl2tgba -D -G '(p0) | (G(!(p1)))' > '/home/xschwar3/telatko/concur_response_experiments/randaut/autcross/lcr-o0-E8tq4s' 
Gathering statistics...

randltl.txt:162: (F(p3)) & ((F((!(p1)) | (!(p3)))) U (X(X(p2))))
Running [P0: ltl2tgba_det]: ltl2tgba -D -G '(F(p3)) & ((F((!(p1)) | (!(p3)))) U (X(X(p2))))' > '/home/xschwar3/telatko/concur_response_experiments/randaut/autcross/lcr-o0-cNgJ8v' 
Gathering statistics...

randltl.txt:163: 0
warning: This formula or its negation has already been checked.
         Use --allow-dups if it should not be ignored.

randltl.txt:164: 0
warning: This formula or its negation has already been checked.
         Use --allow-dups if it should not be ignored.

randltl.txt:165: (G(p3)) <-> ((!(p3)) W ((X(p1)) R (F(p0))))
Running [P0: ltl2tgba_det]: ltl2tgba -D -G '(G(p3)) <-> ((!(p3)) W ((X(p1)) R (F(p0))))' > '/home/xschwar3/telatko/concur_response_experiments/randaut/autcross/lcr-o0-CSFv5v' 
Gathering statistics...

randltl.txt:166: (p3) | (G((!(p0)) & (!(p2))))
Running [P0: ltl2tgba_det]: ltl2tgba -D -G '(p3) | (G((!(p0)) & (!(p2))))' > '/home/xschwar3/telatko/concur_response_experiments/randaut/autcross/lcr-o0-2EUXrs' 
Gathering statistics...

randltl.txt:167: ((p0) xor (p2)) | (F(G(p0))) | (F((!(p2)) | (!(p3))))
Running [P0: ltl2tgba_det]: ltl2tgba -D -G '((p0) xor (p2)) | (F(G(p0))) | (F((!(p2)) | (!(p3))))' > '/home/xschwar3/telatko/concur_response_experiments/randaut/autcross/lcr-o0-LkJjBt' 
Gathering statistics...

randltl.txt:168: 1
warning: This formula or its negation has already been checked.
         Use --allow-dups if it should not be ignored.

randltl.txt:169: (!(p1)) | (F(!(p3)))
Running [P0: ltl2tgba_det]: ltl2tgba -D -G '(!(p1)) | (F(!(p3)))' > '/home/xschwar3/telatko/concur_response_experiments/randaut/autcross/lcr-o0-wJ2jKw' 
Gathering statistics...

randltl.txt:170: ((p0) | (G(p2))) M (F((X(p0)) W (G(p2))))
Running [P0: ltl2tgba_det]: ltl2tgba -D -G '((p0) | (G(p2))) M (F((X(p0)) W (G(p2))))' > '/home/xschwar3/telatko/concur_response_experiments/randaut/autcross/lcr-o0-6or8dw' 
Gathering statistics...

randltl.txt:171: (G((p0) | (p3))) | (X(X(X(p1))))
Running [P0: ltl2tgba_det]: ltl2tgba -D -G '(G((p0) | (p3))) | (X(X(X(p1))))' > '/home/xschwar3/telatko/concur_response_experiments/randaut/autcross/lcr-o0-nzQO6v' 
Gathering statistics...

randltl.txt:172: G(!(p2))
Running [P0: ltl2tgba_det]: ltl2tgba -D -G 'G(!(p2))' > '/home/xschwar3/telatko/concur_response_experiments/randaut/autcross/lcr-o0-hDxq3v' 
Gathering statistics...

randltl.txt:173: G(((((p1) R (p3)) M (F(p3))) R (X((p1) & (p2)))) U (p1))
Running [P0: ltl2tgba_det]: ltl2tgba -D -G 'G(((((p1) R (p3)) M (F(p3))) R (X((p1) & (p2)))) U (p1))' > '/home/xschwar3/telatko/concur_response_experiments/randaut/autcross/lcr-o0-ph6D3u' 
Gathering statistics...

randltl.txt:174: F(((!(p1)) & (((p1) & (p3)) | ((!(p1)) & (!(p3))))) W ((p2) | (p3)))
Running [P0: ltl2tgba_det]: ltl2tgba -D -G 'F(((!(p1)) & (((p1) & (p3)) | ((!(p1)) & (!(p3))))) W ((p2) | (p3)))' > '/home/xschwar3/telatko/concur_response_experiments/randaut/autcross/lcr-o0-SVRX8t' 
Gathering statistics...

randltl.txt:175: (X((p0) W (p3))) | ((!(p0)) & (G(!(p1))))
Running [P0: ltl2tgba_det]: ltl2tgba -D -G '(X((p0) W (p3))) | ((!(p0)) & (G(!(p1))))' > '/home/xschwar3/telatko/concur_response_experiments/randaut/autcross/lcr-o0-GvefWu' 
Gathering statistics...

randltl.txt:176: G((p1) | (!(p2)))
Running [P0: ltl2tgba_det]: ltl2tgba -D -G 'G((p1) | (!(p2)))' > '/home/xschwar3/telatko/concur_response_experiments/randaut/autcross/lcr-o0-OjBGDw' 
Gathering statistics...

randltl.txt:177: !(p2)
Running [P0: ltl2tgba_det]: ltl2tgba -D -G '!(p2)' > '/home/xschwar3/telatko/concur_response_experiments/randaut/autcross/lcr-o0-MACbav' 
Gathering statistics...

randltl.txt:178: X(p0)
Running [P0: ltl2tgba_det]: ltl2tgba -D -G 'X(p0)' > '/home/xschwar3/telatko/concur_response_experiments/randaut/autcross/lcr-o0-BuO98s' 
Gathering statistics...

randltl.txt:179: F((!(p0)) | (!(p1)) | (X(F(p3))))
Running [P0: ltl2tgba_det]: ltl2tgba -D -G 'F((!(p0)) | (!(p1)) | (X(F(p3))))' > '/home/xschwar3/telatko/concur_response_experiments/randaut/autcross/lcr-o0-VbirDt' 
Gathering statistics...

randltl.txt:180: ((((p0) & (!(p3))) | ((!(p0)) & (p3))) & ((((p2) | (p3)) & (F(p1))) | ((!(p2)) & (!(p3)) & (G(!(p1)))))) W (G(!(p2)))
Running [P0: ltl2tgba_det]: ltl2tgba -D -G '((((p0) & (!(p3))) | ((!(p0)) & (p3))) & ((((p2) | (p3)) & (F(p1))) | ((!(p2)) & (!(p3)) & (G(!(p1)))))) W (G(!(p2)))' > '/home/xschwar3/telatko/concur_response_experiments/randaut/autcross/lcr-o0-KamEyw' 
Gathering statistics...

randltl.txt:181: ((!(p0)) U (p1)) | (((p1) | (F(p2))) -> (p1))
Running [P0: ltl2tgba_det]: ltl2tgba -D -G '((!(p0)) U (p1)) | (((p1) | (F(p2))) -> (p1))' > '/home/xschwar3/telatko/concur_response_experiments/randaut/autcross/lcr-o0-2Ev60s' 
Gathering statistics...

randltl.txt:182: (G(!(p2))) | (F(!(p0))) | (G(p3))
Running [P0: ltl2tgba_det]: ltl2tgba -D -G '(G(!(p2))) | (F(!(p0))) | (G(p3))' > '/home/xschwar3/telatko/concur_response_experiments/randaut/autcross/lcr-o0-KVytws' 
Gathering statistics...

randltl.txt:183: F(((p0) & (p2) & (!(p3))) | ((!(p2)) & ((!(p0)) | (p3))))
Running [P0: ltl2tgba_det]: ltl2tgba -D -G 'F(((p0) & (p2) & (!(p3))) | ((!(p2)) & ((!(p0)) | (p3))))' > '/home/xschwar3/telatko/concur_response_experiments/randaut/autcross/lcr-o0-jjrCTw' 
Gathering statistics...

randltl.txt:184: X(G((!(p2)) U (X(!(p2)))))
Running [P0: ltl2tgba_det]: ltl2tgba -D -G 'X(G((!(p2)) U (X(!(p2)))))' > '/home/xschwar3/telatko/concur_response_experiments/randaut/autcross/lcr-o0-v3t6sw' 
Gathering statistics...

randltl.txt:185: (F(p3)) xor (G(F(((p1) & (X(!(p2)))) | ((p1) & (X(p2))))))
Running [P0: ltl2tgba_det]: ltl2tgba -D -G '(F(p3)) xor (G(F(((p1) & (X(!(p2)))) | ((p1) & (X(p2))))))' > '/home/xschwar3/telatko/concur_response_experiments/randaut/autcross/lcr-o0-LSZmmv' 
Gathering statistics...

randltl.txt:186: (((p1) & (!(p2))) | ((!(p1)) & (p2))) M (F((p0) W (p1)))
Running [P0: ltl2tgba_det]: ltl2tgba -D -G '(((p1) & (!(p2))) | ((!(p1)) & (p2))) M (F((p0) W (p1)))' > '/home/xschwar3/telatko/concur_response_experiments/randaut/autcross/lcr-o0-vsXz9u' 
Gathering statistics...

randltl.txt:187: G(((!(p0)) & (!(p3))) | ((p0) & (p3)))
Running [P0: ltl2tgba_det]: ltl2tgba -D -G 'G(((!(p0)) & (!(p3))) | ((p0) & (p3)))' > '/home/xschwar3/telatko/concur_response_experiments/randaut/autcross/lcr-o0-mFlXsv' 
Gathering statistics...

randltl.txt:188: X(G(p1))
Running [P0: ltl2tgba_det]: ltl2tgba -D -G 'X(G(p1))' > '/home/xschwar3/telatko/concur_response_experiments/randaut/autcross/lcr-o0-RqFqPv' 
Gathering statistics...

randltl.txt:189: !(p3)
warning: This formula or its negation has already been checked.
         Use --allow-dups if it should not be ignored.

randltl.txt:190: (F(p1)) & ((F(G((p0) | (p1)))) | (X(X(F(!(p2))))))
Running [P0: ltl2tgba_det]: ltl2tgba -D -G '(F(p1)) & ((F(G((p0) | (p1)))) | (X(X(F(!(p2))))))' > '/home/xschwar3/telatko/concur_response_experiments/randaut/autcross/lcr-o0-sQFPrs' 
Gathering statistics...

randltl.txt:191: ((p1) <-> ((p2) xor (X(!(p0))))) & ((p1) <-> (X(G(!(p2)))))
Running [P0: ltl2tgba_det]: ltl2tgba -D -G '((p1) <-> ((p2) xor (X(!(p0))))) & ((p1) <-> (X(G(!(p2)))))' > '/home/xschwar3/telatko/concur_response_experiments/randaut/autcross/lcr-o0-QMoIVv' 
Gathering statistics...

randltl.txt:192: (G(((p0) & (p1)) | ((!(p0)) & (!(p1))))) M (F(p3))
Running [P0: ltl2tgba_det]: ltl2tgba -D -G '(G(((p0) & (p1)) | ((!(p0)) & (!(p1))))) M (F(p3))' > '/home/xschwar3/telatko/concur_response_experiments/randaut/autcross/lcr-o0-cVcWGt' 
Gathering statistics...

randltl.txt:193: G(p3)
warning: This formula or its negation has already been checked.
         Use --allow-dups if it should not be ignored.

randltl.txt:194: (G(!(p2))) & (F(G(p3))) & (X((p3) <-> (F(p2))))
Running [P0: ltl2tgba_det]: ltl2tgba -D -G '(G(!(p2))) & (F(G(p3))) & (X((p3) <-> (F(p2))))' > '/home/xschwar3/telatko/concur_response_experiments/randaut/autcross/lcr-o0-Q68j0u' 
Gathering statistics...

randltl.txt:195: (p1) <-> (F((G(F(p3))) | (G((!(p0)) | (!(p1))))))
Running [P0: ltl2tgba_det]: ltl2tgba -D -G '(p1) <-> (F((G(F(p3))) | (G((!(p0)) | (!(p1))))))' > '/home/xschwar3/telatko/concur_response_experiments/randaut/autcross/lcr-o0-LZUlOw' 
Gathering statistics...

randltl.txt:196: (G(F(!(p0)))) | (X(G(p3)))
Running [P0: ltl2tgba_det]: ltl2tgba -D -G '(G(F(!(p0)))) | (X(G(p3)))' > '/home/xschwar3/telatko/concur_response_experiments/randaut/autcross/lcr-o0-wi3nqu' 
Gathering statistics...

randltl.txt:197: F(p0)
warning: This formula or its negation has already been checked.
         Use --allow-dups if it should not be ignored.

randltl.txt:198: (F(G(p0))) | (F((p1) | (p3)))
Running [P0: ltl2tgba_det]: ltl2tgba -D -G '(F(G(p0))) | (F((p1) | (p3)))' > '/home/xschwar3/telatko/concur_response_experiments/randaut/autcross/lcr-o0-rVHFss' 
Gathering statistics...

randltl.txt:199: (p1) & (p2)
Running [P0: ltl2tgba_det]: ltl2tgba -D -G '(p1) & (p2)' > '/home/xschwar3/telatko/concur_response_experiments/randaut/autcross/lcr-o0-wpHKRv' 
Gathering statistics...

randltl.txt:200: X(X(G((!(p3)) & (X(!(p3))))))
Running [P0: ltl2tgba_det]: ltl2tgba -D -G 'X(X(G((!(p3)) & (X(!(p3))))))' > '/home/xschwar3/telatko/concur_response_experiments/randaut/autcross/lcr-o0-VQwbvs' 
Gathering statistics...

randltl.txt:201: F(G((p2) & (!(p3))))
Running [P0: ltl2tgba_det]: ltl2tgba -D -G 'F(G((p2) & (!(p3))))' > '/home/xschwar3/telatko/concur_response_experiments/randaut/autcross/lcr-o0-ErnG1u' 
Gathering statistics...

randltl.txt:202: G(F(p3))
warning: This formula or its negation has already been checked.
         Use --allow-dups if it should not be ignored.

randltl.txt:203: (F(p3)) U (((!(p0)) & (X(!(p2)))) | ((p0) & (X(p2))))
Running [P0: ltl2tgba_det]: ltl2tgba -D -G '(F(p3)) U (((!(p0)) & (X(!(p2)))) | ((p0) & (X(p2))))' > '/home/xschwar3/telatko/concur_response_experiments/randaut/autcross/lcr-o0-aWgD8v' 
Gathering statistics...

randltl.txt:204: G(F((p3) & (X(((G(p2)) & ((p1) M (p3))) | ((F(!(p2))) & ((!(p1)) W (!(p3))))))))
Running [P0: ltl2tgba_det]: ltl2tgba -D -G 'G(F((p3) & (X(((G(p2)) & ((p1) M (p3))) | ((F(!(p2))) & ((!(p1)) W (!(p3))))))))' > '/home/xschwar3/telatko/concur_response_experiments/randaut/autcross/lcr-o0-m9Qt1v' 
Gathering statistics...

randltl.txt:205: ((G(p3)) | ((F(p2)) W (p2))) W (F(!(p0)))
Running [P0: ltl2tgba_det]: ltl2tgba -D -G '((G(p3)) | ((F(p2)) W (p2))) W (F(!(p0)))' > '/home/xschwar3/telatko/concur_response_experiments/randaut/autcross/lcr-o0-SJGlOt' 
Gathering statistics...

randltl.txt:206: (F(p1)) R (((F(G(p2))) & (G(p0))) | ((F(!(p0))) & (G(F(!(p2))))))
Running [P0: ltl2tgba_det]: ltl2tgba -D -G '(F(p1)) R (((F(G(p2))) & (G(p0))) | ((F(!(p0))) & (G(F(!(p2))))))' > '/home/xschwar3/telatko/concur_response_experiments/randaut/autcross/lcr-o0-RKHs7v' 
Gathering statistics...

randltl.txt:207: !((!(p2)) W (!(p3)))
Running [P0: ltl2tgba_det]: ltl2tgba -D -G '!((!(p2)) W (!(p3)))' > '/home/xschwar3/telatko/concur_response_experiments/randaut/autcross/lcr-o0-pMhBJv' 
Gathering statistics...

randltl.txt:208: G(((X(F(!(p1)))) & ((X(!(p1))) | (F(!(p0))))) | ((G(p0)) & (X(G(p1)))))
Running [P0: ltl2tgba_det]: ltl2tgba -D -G 'G(((X(F(!(p1)))) & ((X(!(p1))) | (F(!(p0))))) | ((G(p0)) & (X(G(p1)))))' > '/home/xschwar3/telatko/concur_response_experiments/randaut/autcross/lcr-o0-knNqMu' 
Gathering statistics...

randltl.txt:209: (F(!(p2))) | (X(X(G(p3))))
Running [P0: ltl2tgba_det]: ltl2tgba -D -G '(F(!(p2))) | (X(X(G(p3))))' > '/home/xschwar3/telatko/concur_response_experiments/randaut/autcross/lcr-o0-V20xFs' 
Gathering statistics...

randltl.txt:210: ((p1) M ((p2) R (X(p1)))) M (X(X(p1)))
Running [P0: ltl2tgba_det]: ltl2tgba -D -G '((p1) M ((p2) R (X(p1)))) M (X(X(p1)))' > '/home/xschwar3/telatko/concur_response_experiments/randaut/autcross/lcr-o0-0VubYs' 
Gathering statistics...

randltl.txt:211: (((p2) & (p3)) | ((!(p2)) & (!(p3)))) M (F(p1))
Running [P0: ltl2tgba_det]: ltl2tgba -D -G '(((p2) & (p3)) | ((!(p2)) & (!(p3)))) M (F(p1))' > '/home/xschwar3/telatko/concur_response_experiments/randaut/autcross/lcr-o0-Q9RQ6u' 
Gathering statistics...

randltl.txt:212: G(F(((p2) & (p3)) | ((!(p0)) & (p2)) | ((p2) & (X(((!(p0)) | (p3)) R (p0))))))
Running [P0: ltl2tgba_det]: ltl2tgba -D -G 'G(F(((p2) & (p3)) | ((!(p0)) & (p2)) | ((p2) & (X(((!(p0)) | (p3)) R (p0))))))' > '/home/xschwar3/telatko/concur_response_experiments/randaut/autcross/lcr-o0-ze1ont' 
Gathering statistics...

randltl.txt:213: ((p3) xor (F(p1))) & (G((F(!(p1))) & (F(G(!(p0))))))
Running [P0: ltl2tgba_det]: ltl2tgba -D -G '((p3) xor (F(p1))) & (G((F(!(p1))) & (F(G(!(p0))))))' > '/home/xschwar3/telatko/concur_response_experiments/randaut/autcross/lcr-o0-h4ABRv' 
Gathering statistics...

randltl.txt:214: (p2) xor (p3)
Running [P0: ltl2tgba_det]: ltl2tgba -D -G '(p2) xor (p3)' > '/home/xschwar3/telatko/concur_response_experiments/randaut/autcross/lcr-o0-6BjySv' 
Gathering statistics...

randltl.txt:215: G(p0)
warning: This formula or its negation has already been checked.
         Use --allow-dups if it should not be ignored.

randltl.txt:216: (X(p1)) | (F(G(p2)))
Running [P0: ltl2tgba_det]: ltl2tgba -D -G '(X(p1)) | (F(G(p2)))' > '/home/xschwar3/telatko/concur_response_experiments/randaut/autcross/lcr-o0-XrmJLw' 
Gathering statistics...

randltl.txt:217: (X(F(p1))) <-> (((!(p1)) | (F(((p1) & (!(p2))) | ((!(p1)) & (p2))))) R (F(p2)))
Running [P0: ltl2tgba_det]: ltl2tgba -D -G '(X(F(p1))) <-> (((!(p1)) | (F(((p1) & (!(p2))) | ((!(p1)) & (p2))))) R (F(p2)))' > '/home/xschwar3/telatko/concur_response_experiments/randaut/autcross/lcr-o0-TgrPPt' 
Gathering statistics...

randltl.txt:218: (p0) xor (X(p2))
Running [P0: ltl2tgba_det]: ltl2tgba -D -G '(p0) xor (X(p2))' > '/home/xschwar3/telatko/concur_response_experiments/randaut/autcross/lcr-o0-hpEgew' 
Gathering statistics...

randltl.txt:219: (p2) R (F(!(p3)))
Running [P0: ltl2tgba_det]: ltl2tgba -D -G '(p2) R (F(!(p3)))' > '/home/xschwar3/telatko/concur_response_experiments/randaut/autcross/lcr-o0-4p0DLt' 
Gathering statistics...

randltl.txt:220: X((!(p0)) | (X(p2)) | (F(!(p1))))
Running [P0: ltl2tgba_det]: ltl2tgba -D -G 'X((!(p0)) | (X(p2)) | (F(!(p1))))' > '/home/xschwar3/telatko/concur_response_experiments/randaut/autcross/lcr-o0-Yj9H2u' 
Gathering statistics...

randltl.txt:221: F((p0) & (F(!(p1))) & ((p2) W (!(p0))))
Running [P0: ltl2tgba_det]: ltl2tgba -D -G 'F((p0) & (F(!(p1))) & ((p2) W (!(p0))))' > '/home/xschwar3/telatko/concur_response_experiments/randaut/autcross/lcr-o0-uwBwFu' 
Gathering statistics...

randltl.txt:222: (G(!(p0))) | (G(F(p2)))
Running [P0: ltl2tgba_det]: ltl2tgba -D -G '(G(!(p0))) | (G(F(p2)))' > '/home/xschwar3/telatko/concur_response_experiments/randaut/autcross/lcr-o0-bBQQot' 
Gathering statistics...

randltl.txt:223: (X(p3)) | ((p2) R ((p0) M (p3)))
Running [P0: ltl2tgba_det]: ltl2tgba -D -G '(X(p3)) | ((p2) R ((p0) M (p3)))' > '/home/xschwar3/telatko/concur_response_experiments/randaut/autcross/lcr-o0-V3egbu' 
Gathering statistics...

randltl.txt:224: 0
warning: This formula or its negation has already been checked.
         Use --allow-dups if it should not be ignored.

randltl.txt:225: X(F(p1))
warning: This formula or its negation has already been checked.
         Use --allow-dups if it should not be ignored.

randltl.txt:226: (p0) & ((p1) | (!(p2)) | ((p3) U (X(G(p2)))))
Running [P0: ltl2tgba_det]: ltl2tgba -D -G '(p0) & ((p1) | (!(p2)) | ((p3) U (X(G(p2)))))' > '/home/xschwar3/telatko/concur_response_experiments/randaut/autcross/lcr-o0-RUzHev' 
Gathering statistics...

randltl.txt:227: (!(p3)) & (X(F(p1)))
Running [P0: ltl2tgba_det]: ltl2tgba -D -G '(!(p3)) & (X(F(p1)))' > '/home/xschwar3/telatko/concur_response_experiments/randaut/autcross/lcr-o0-xgnvOs' 
Gathering statistics...

randltl.txt:228: (G(p1)) <-> ((p1) xor (X(p3)))
Running [P0: ltl2tgba_det]: ltl2tgba -D -G '(G(p1)) <-> ((p1) xor (X(p3)))' > '/home/xschwar3/telatko/concur_response_experiments/randaut/autcross/lcr-o0-ButPrt' 
Gathering statistics...

randltl.txt:229: (G(p0)) & (F(!(p1)))
Running [P0: ltl2tgba_det]: ltl2tgba -D -G '(G(p0)) & (F(!(p1)))' > '/home/xschwar3/telatko/concur_response_experiments/randaut/autcross/lcr-o0-BYZ8Ku' 
Gathering statistics...

randltl.txt:230: (X(X(F(p3)))) xor ((p2) | ((p1) M (G(p3))))
Running [P0: ltl2tgba_det]: ltl2tgba -D -G '(X(X(F(p3)))) xor ((p2) | ((p1) M (G(p3))))' > '/home/xschwar3/telatko/concur_response_experiments/randaut/autcross/lcr-o0-U72IMw' 
Gathering statistics...

randltl.txt:231: 1
warning: This formula or its negation has already been checked.
         Use --allow-dups if it should not be ignored.

randltl.txt:232: (F(((!((p0) | (p1))) & (F(p2))) | (((p0) | (p1)) & (G(!(p2)))))) U (!(p3))
Running [P0: ltl2tgba_det]: ltl2tgba -D -G '(F(((!((p0) | (p1))) & (F(p2))) | (((p0) | (p1)) & (G(!(p2)))))) U (!(p3))' > '/home/xschwar3/telatko/concur_response_experiments/randaut/autcross/lcr-o0-7CU7Xs' 
Gathering statistics...

randltl.txt:233: (p1) <-> ((F(p0)) & (((F(p3)) & (F(p0))) | (G((!(p0)) & (!(p3))))))
Running [P0: ltl2tgba_det]: ltl2tgba -D -G '(p1) <-> ((F(p0)) & (((F(p3)) & (F(p0))) | (G((!(p0)) & (!(p3))))))' > '/home/xschwar3/telatko/concur_response_experiments/randaut/autcross/lcr-o0-wI9spw' 
Gathering statistics...

randltl.txt:234: (p2) M (F(((p0) & (!(p3)) & (X(p0))) | ((p3) & ((!(p0)) | (X(!(p0)))))))
Running [P0: ltl2tgba_det]: ltl2tgba -D -G '(p2) M (F(((p0) & (!(p3)) & (X(p0))) | ((p3) & ((!(p0)) | (X(!(p0)))))))' > '/home/xschwar3/telatko/concur_response_experiments/randaut/autcross/lcr-o0-a3uuut' 
Gathering statistics...

randltl.txt:235: F((p3) W (X(p2)))
Running [P0: ltl2tgba_det]: ltl2tgba -D -G 'F((p3) W (X(p2)))' > '/home/xschwar3/telatko/concur_response_experiments/randaut/autcross/lcr-o0-B1nbru' 
Gathering statistics...

randltl.txt:236: X(X(X(G(p0))))
Running [P0: ltl2tgba_det]: ltl2tgba -D -G 'X(X(X(G(p0))))' > '/home/xschwar3/telatko/concur_response_experiments/randaut/autcross/lcr-o0-8eTWFv' 
Gathering statistics...

randltl.txt:237: (p0) & ((p2) M (p1)) & (X((p0) U (X(p2))))
Running [P0: ltl2tgba_det]: ltl2tgba -D -G '(p0) & ((p2) M (p1)) & (X((p0) U (X(p2))))' > '/home/xschwar3/telatko/concur_response_experiments/randaut/autcross/lcr-o0-TEpEtu' 
Gathering statistics...

randltl.txt:238: (p0) & (!(p3)) & (((p1) | (p2)) xor (G(p3)))
Running [P0: ltl2tgba_det]: ltl2tgba -D -G '(p0) & (!(p3)) & (((p1) | (p2)) xor (G(p3)))' > '/home/xschwar3/telatko/concur_response_experiments/randaut/autcross/lcr-o0-7o6SOu' 
Gathering statistics...

randltl.txt:239: 1
warning: This formula or its negation has already been checked.
         Use --allow-dups if it should not be ignored.

randltl.txt:240: G(F(p2))
warning: This formula or its negation has already been checked.
         Use --allow-dups if it should not be ignored.

randltl.txt:241: 1
warning: This formula or its negation has already been checked.
         Use --allow-dups if it should not be ignored.

randltl.txt:242: G(((!(p1)) M (p2)) | ((!(p2)) M (F(G(p1)))))
Running [P0: ltl2tgba_det]: ltl2tgba -D -G 'G(((!(p1)) M (p2)) | ((!(p2)) M (F(G(p1)))))' > '/home/xschwar3/telatko/concur_response_experiments/randaut/autcross/lcr-o0-5B2Ndw' 
Gathering statistics...

randltl.txt:243: X((p1) W ((p3) | (X((!(p2)) U (!(p3))))))
Running [P0: ltl2tgba_det]: ltl2tgba -D -G 'X((p1) W ((p3) | (X((!(p2)) U (!(p3))))))' > '/home/xschwar3/telatko/concur_response_experiments/randaut/autcross/lcr-o0-PreEhv' 
Gathering statistics...

randltl.txt:244: F(G(p0))
Running [P0: ltl2tgba_det]: ltl2tgba -D -G 'F(G(p0))' > '/home/xschwar3/telatko/concur_response_experiments/randaut/autcross/lcr-o0-txznOt' 
Gathering statistics...

randltl.txt:245: ((p0) | (p2)) <-> ((p2) xor (X(G(p2))))
Running [P0: ltl2tgba_det]: ltl2tgba -D -G '((p0) | (p2)) <-> ((p2) xor (X(G(p2))))' > '/home/xschwar3/telatko/concur_response_experiments/randaut/autcross/lcr-o0-Vyza2s' 
Gathering statistics...

randltl.txt:246: X(!(p3))
warning: This formula or its negation has already been checked.
         Use --allow-dups if it should not be ignored.

randltl.txt:247: (X(F(p2))) & (F(G(((p0) & (p2)) | ((!(p0)) & (!(p2))))))
Running [P0: ltl2tgba_det]: ltl2tgba -D -G '(X(F(p2))) & (F(G(((p0) & (p2)) | ((!(p0)) & (!(p2))))))' > '/home/xschwar3/telatko/concur_response_experiments/randaut/autcross/lcr-o0-zA4TKv' 
Gathering statistics...

randltl.txt:248: G(F(p3))
warning: This formula or its negation has already been checked.
         Use --allow-dups if it should not be ignored.

randltl.txt:249: G(F(p0))
Running [P0: ltl2tgba_det]: ltl2tgba -D -G 'G(F(p0))' > '/home/xschwar3/telatko/concur_response_experiments/randaut/autcross/lcr-o0-uM1kcv' 
Gathering statistics...

randltl.txt:250: ((p3) M (p1)) & (X(G(p3)))
Running [P0: ltl2tgba_det]: ltl2tgba -D -G '((p3) M (p1)) & (X(G(p3)))' > '/home/xschwar3/telatko/concur_response_experiments/randaut/autcross/lcr-o0-9m0U7v' 
Gathering statistics...

randltl.txt:251: (F(G(p2))) | (X(X(X((p3) xor ((!(p1)) xor (p2))))))
Running [P0: ltl2tgba_det]: ltl2tgba -D -G '(F(G(p2))) | (X(X(X((p3) xor ((!(p1)) xor (p2))))))' > '/home/xschwar3/telatko/concur_response_experiments/randaut/autcross/lcr-o0-U5Lonw' 
Gathering statistics...

randltl.txt:252: (p3) <-> ((p0) <-> ((!(p3)) | (F(G(!(p1))))))
Running [P0: ltl2tgba_det]: ltl2tgba -D -G '(p3) <-> ((p0) <-> ((!(p3)) | (F(G(!(p1))))))' > '/home/xschwar3/telatko/concur_response_experiments/randaut/autcross/lcr-o0-MvAmTv' 
Gathering statistics...

randltl.txt:253: (((F(p0)) R ((p3) -> (!(p1)))) M (!(p2))) U (G(p2))
Running [P0: ltl2tgba_det]: ltl2tgba -D -G '(((F(p0)) R ((p3) -> (!(p1)))) M (!(p2))) U (G(p2))' > '/home/xschwar3/telatko/concur_response_experiments/randaut/autcross/lcr-o0-BKKrVt' 
Gathering statistics...

randltl.txt:254: (F(p3)) W ((p1) | (!(p2)))
Running [P0: ltl2tgba_det]: ltl2tgba -D -G '(F(p3)) W ((p1) | (!(p2)))' > '/home/xschwar3/telatko/concur_response_experiments/randaut/autcross/lcr-o0-C6dnFt' 
Gathering statistics...

randltl.txt:255: (!(p1)) & (!(p2)) & ((p0) | (G(!(p1))))
Running [P0: ltl2tgba_det]: ltl2tgba -D -G '(!(p1)) & (!(p2)) & ((p0) | (G(!(p1))))' > '/home/xschwar3/telatko/concur_response_experiments/randaut/autcross/lcr-o0-mleEnv' 
Gathering statistics...

randltl.txt:256: (p1) & (X(p0))
Running [P0: ltl2tgba_det]: ltl2tgba -D -G '(p1) & (X(p0))' > '/home/xschwar3/telatko/concur_response_experiments/randaut/autcross/lcr-o0-tWmKrv' 
Gathering statistics...

randltl.txt:257: 0
warning: This formula or its negation has already been checked.
         Use --allow-dups if it should not be ignored.

randltl.txt:258: (p2) xor ((F(G(p0))) U (G(p3)))
Running [P0: ltl2tgba_det]: ltl2tgba -D -G '(p2) xor ((F(G(p0))) U (G(p3)))' > '/home/xschwar3/telatko/concur_response_experiments/randaut/autcross/lcr-o0-b3G4wt' 
Gathering statistics...

randltl.txt:259: ((p3) & (((!(p1)) W (!(p0))) R (!(p2)))) W ((p0) M (G(p2)))
Running [P0: ltl2tgba_det]: ltl2tgba -D -G '((p3) & (((!(p1)) W (!(p0))) R (!(p2)))) W ((p0) M (G(p2)))' > '/home/xschwar3/telatko/concur_response_experiments/randaut/autcross/lcr-o0-Fihffu' 
Gathering statistics...

randltl.txt:260: ((!(p2)) | (G(F(p1)))) U (((G(p3)) R (p2)) W (G(p0)))
Running [P0: ltl2tgba_det]: ltl2tgba -D -G '((!(p2)) | (G(F(p1)))) U (((G(p3)) R (p2)) W (G(p0)))' > '/home/xschwar3/telatko/concur_response_experiments/randaut/autcross/lcr-o0-dT9ppv' 
Gathering statistics...

randltl.txt:261: (p2) | (F(p3))
Running [P0: ltl2tgba_det]: ltl2tgba -D -G '(p2) | (F(p3))' > '/home/xschwar3/telatko/concur_response_experiments/randaut/autcross/lcr-o0-XYdOiv' 
Gathering statistics...

randltl.txt:262: (X(G(!(p1)))) <-> ((!(p3)) R ((F(p3)) & (X(p0))))
Running [P0: ltl2tgba_det]: ltl2tgba -D -G '(X(G(!(p1)))) <-> ((!(p3)) R ((F(p3)) & (X(p0))))' > '/home/xschwar3/telatko/concur_response_experiments/randaut/autcross/lcr-o0-rYYkPv' 
Gathering statistics...

randltl.txt:263: G(!(p2))
warning: This formula or its negation has already been checked.
         Use --allow-dups if it should not be ignored.

randltl.txt:264: ((p2) U (p1)) <-> ((p0) xor (F(((p2) & (G(p0))) | ((!(p2)) & (F(!(p0)))))))
Running [P0: ltl2tgba_det]: ltl2tgba -D -G '((p2) U (p1)) <-> ((p0) xor (F(((p2) & (G(p0))) | ((!(p2)) & (F(!(p0)))))))' > '/home/xschwar3/telatko/concur_response_experiments/randaut/autcross/lcr-o0-FtJLqu' 
Gathering statistics...

randltl.txt:265: (p2) M (X(G(p3)))
Running [P0: ltl2tgba_det]: ltl2tgba -D -G '(p2) M (X(G(p3)))' > '/home/xschwar3/telatko/concur_response_experiments/randaut/autcross/lcr-o0-1tkoSt' 
Gathering statistics...

randltl.txt:266: (X(G(!(p3)))) <-> ((!(p2)) <-> ((p1) <-> (X(!(p2)))))
Running [P0: ltl2tgba_det]: ltl2tgba -D -G '(X(G(!(p3)))) <-> ((!(p2)) <-> ((p1) <-> (X(!(p2)))))' > '/home/xschwar3/telatko/concur_response_experiments/randaut/autcross/lcr-o0-UuHstu' 
Gathering statistics...

randltl.txt:267: !(p0)
Running [P0: ltl2tgba_det]: ltl2tgba -D -G '!(p0)' > '/home/xschwar3/telatko/concur_response_experiments/randaut/autcross/lcr-o0-On7Dws' 
Gathering statistics...

randltl.txt:268: F(((p0) & ((!(p1)) M (!(p3)))) | ((!(p0)) & ((p1) W (p3))))
Running [P0: ltl2tgba_det]: ltl2tgba -D -G 'F(((p0) & ((!(p1)) M (!(p3)))) | ((!(p0)) & ((p1) W (p3))))' > '/home/xschwar3/telatko/concur_response_experiments/randaut/autcross/lcr-o0-HNhogw' 
Gathering statistics...

randltl.txt:269: X((X((G(p1)) R (((!(p0)) & (!(p3))) | ((p0) & (p3))))) & (F((p0) | (X((p0) M (p1))))))
Running [P0: ltl2tgba_det]: ltl2tgba -D -G 'X((X((G(p1)) R (((!(p0)) & (!(p3))) | ((p0) & (p3))))) & (F((p0) | (X((p0) M (p1))))))' > '/home/xschwar3/telatko/concur_response_experiments/randaut/autcross/lcr-o0-8R05Qv' 
Gathering statistics...

randltl.txt:270: F((p2) & (G(p3)))
Running [P0: ltl2tgba_det]: ltl2tgba -D -G 'F((p2) & (G(p3)))' > '/home/xschwar3/telatko/concur_response_experiments/randaut/autcross/lcr-o0-Lp3PRt' 
Gathering statistics...

randltl.txt:271: G((((p2) & (!(p3))) | ((!(p2)) & (p3))) M (!(p0)))
Running [P0: ltl2tgba_det]: ltl2tgba -D -G 'G((((p2) & (!(p3))) | ((!(p2)) & (p3))) M (!(p0)))' > '/home/xschwar3/telatko/concur_response_experiments/randaut/autcross/lcr-o0-IU7hpw' 
Gathering statistics...

randltl.txt:272: (p1) | (((p3) | ((!(p3)) U ((p2) M (!(p0))))) W (((p0) & (!(p3))) | ((!(p0)) & (p3))))
Running [P0: ltl2tgba_det]: ltl2tgba -D -G '(p1) | (((p3) | ((!(p3)) U ((p2) M (!(p0))))) W (((p0) & (!(p3))) | ((!(p0)) & (p3))))' > '/home/xschwar3/telatko/concur_response_experiments/randaut/autcross/lcr-o0-z6TyFs' 
Gathering statistics...

randltl.txt:273: (((p0) | (p1)) xor (F(p3))) xor ((p1) & (F(p2)))
Running [P0: ltl2tgba_det]: ltl2tgba -D -G '(((p0) | (p1)) xor (F(p3))) xor ((p1) & (F(p2)))' > '/home/xschwar3/telatko/concur_response_experiments/randaut/autcross/lcr-o0-hStG5t' 
Gathering statistics...

randltl.txt:274: F(((!(p1)) & (G(F(!(p3))))) | ((p1) & (F(G(p3)))))
Running [P0: ltl2tgba_det]: ltl2tgba -D -G 'F(((!(p1)) & (G(F(!(p3))))) | ((p1) & (F(G(p3)))))' > '/home/xschwar3/telatko/concur_response_experiments/randaut/autcross/lcr-o0-T9OOVw' 
Gathering statistics...

randltl.txt:275: 0
warning: This formula or its negation has already been checked.
         Use --allow-dups if it should not be ignored.

randltl.txt:276: ((!(p0)) xor (p2)) | (X((F(!(p0))) | ((p1) U (p3))))
Running [P0: ltl2tgba_det]: ltl2tgba -D -G '((!(p0)) xor (p2)) | (X((F(!(p0))) | ((p1) U (p3))))' > '/home/xschwar3/telatko/concur_response_experiments/randaut/autcross/lcr-o0-zecugv' 
Gathering statistics...

randltl.txt:277: (G(p2)) U (p1)
Running [P0: ltl2tgba_det]: ltl2tgba -D -G '(G(p2)) U (p1)' > '/home/xschwar3/telatko/concur_response_experiments/randaut/autcross/lcr-o0-ZU27Vv' 
Gathering statistics...

randltl.txt:278: X(X(X(G((p1) & (X((p1) W (p2)))))))
Running [P0: ltl2tgba_det]: ltl2tgba -D -G 'X(X(X(G((p1) & (X((p1) W (p2)))))))' > '/home/xschwar3/telatko/concur_response_experiments/randaut/autcross/lcr-o0-U8GWWu' 
Gathering statistics...

randltl.txt:279: G(!(p1))
Running [P0: ltl2tgba_det]: ltl2tgba -D -G 'G(!(p1))' > '/home/xschwar3/telatko/concur_response_experiments/randaut/autcross/lcr-o0-MicnSv' 
Gathering statistics...

randltl.txt:280: G(!(p0))
Running [P0: ltl2tgba_det]: ltl2tgba -D -G 'G(!(p0))' > '/home/xschwar3/telatko/concur_response_experiments/randaut/autcross/lcr-o0-jpLmts' 
Gathering statistics...

randltl.txt:281: F(((F(((p2) & (!(p3))) | ((!(p2)) & (p3)))) & (X((p2) & (F(p3))))) | ((G(((p2) & (p3)) | ((!(p2)) & (!(p3))))) & (X((!(p2)) | (G(!(p3)))))))
Running [P0: ltl2tgba_det]: ltl2tgba -D -G 'F(((F(((p2) & (!(p3))) | ((!(p2)) & (p3)))) & (X((p2) & (F(p3))))) | ((G(((p2) & (p3)) | ((!(p2)) & (!(p3))))) & (X((!(p2)) | (G(!(p3)))))))' > '/home/xschwar3/telatko/concur_response_experiments/randaut/autcross/lcr-o0-n8rdTs' 
Gathering statistics...

randltl.txt:282: (!(p0)) W ((((p1) & (!(p2))) | ((!(p1)) & ((p2) | (G(!(p1)))))) W ((p3) M (p0)))
Running [P0: ltl2tgba_det]: ltl2tgba -D -G '(!(p0)) W ((((p1) & (!(p2))) | ((!(p1)) & ((p2) | (G(!(p1)))))) W ((p3) M (p0)))' > '/home/xschwar3/telatko/concur_response_experiments/randaut/autcross/lcr-o0-LSLXru' 
Gathering statistics...

randltl.txt:283: (!(p0)) & (F(p1)) & (F(!(p1)))
Running [P0: ltl2tgba_det]: ltl2tgba -D -G '(!(p0)) & (F(p1)) & (F(!(p1)))' > '/home/xschwar3/telatko/concur_response_experiments/randaut/autcross/lcr-o0-wj0VOs' 
Gathering statistics...

randltl.txt:284: (!(p0)) U (((p1) R (X(p3))) U (((p1) R (p2)) W (G(p1))))
Running [P0: ltl2tgba_det]: ltl2tgba -D -G '(!(p0)) U (((p1) R (X(p3))) U (((p1) R (p2)) W (G(p1))))' > '/home/xschwar3/telatko/concur_response_experiments/randaut/autcross/lcr-o0-RUHVku' 
Gathering statistics...

randltl.txt:285: F(!(p3))
Running [P0: ltl2tgba_det]: ltl2tgba -D -G 'F(!(p3))' > '/home/xschwar3/telatko/concur_response_experiments/randaut/autcross/lcr-o0-FF93Nt' 
Gathering statistics...

randltl.txt:286: 1
warning: This formula or its negation has already been checked.
         Use --allow-dups if it should not be ignored.

randltl.txt:287: (!(p1)) xor (p3)
Running [P0: ltl2tgba_det]: ltl2tgba -D -G '(!(p1)) xor (p3)' > '/home/xschwar3/telatko/concur_response_experiments/randaut/autcross/lcr-o0-498sEu' 
Gathering statistics...

randltl.txt:288: G((X(!(p1))) | (G(!(p0))) | (F((!(p3)) & (G(!(p1))))))
Running [P0: ltl2tgba_det]: ltl2tgba -D -G 'G((X(!(p1))) | (G(!(p0))) | (F((!(p3)) & (G(!(p1))))))' > '/home/xschwar3/telatko/concur_response_experiments/randaut/autcross/lcr-o0-TtM16v' 
Gathering statistics...

randltl.txt:289: ((!(p3)) xor ((p0) | (p2))) <-> (F(p2))
Running [P0: ltl2tgba_det]: ltl2tgba -D -G '((!(p3)) xor ((p0) | (p2))) <-> (F(p2))' > '/home/xschwar3/telatko/concur_response_experiments/randaut/autcross/lcr-o0-rAWF6s' 
Gathering statistics...

randltl.txt:290: (!(p1)) M ((!(p2)) | (F((p1) W (p3))) | (X((!(p2)) M (!(p0)))))
Running [P0: ltl2tgba_det]: ltl2tgba -D -G '(!(p1)) M ((!(p2)) | (F((p1) W (p3))) | (X((!(p2)) M (!(p0)))))' > '/home/xschwar3/telatko/concur_response_experiments/randaut/autcross/lcr-o0-rasniw' 
Gathering statistics...

randltl.txt:291: F(((p0) & (G(F(((p1) & (((p0) & (p2)) | ((!(p0)) & (!(p2))))) | ((!(p1)) & (((p0) & (!(p2))) | ((!(p0)) & (p2)))))))) R (p1))
Running [P0: ltl2tgba_det]: ltl2tgba -D -G 'F(((p0) & (G(F(((p1) & (((p0) & (p2)) | ((!(p0)) & (!(p2))))) | ((!(p1)) & (((p0) & (!(p2))) | ((!(p0)) & (p2)))))))) R (p1))' > '/home/xschwar3/telatko/concur_response_experiments/randaut/autcross/lcr-o0-8vnPtt' 
Gathering statistics...

randltl.txt:292: (F(G((p3) M (p1)))) | (X(X(F(((p1) & (p2)) | ((!(p1)) & (!(p2)))))))
Running [P0: ltl2tgba_det]: ltl2tgba -D -G '(F(G((p3) M (p1)))) | (X(X(F(((p1) & (p2)) | ((!(p1)) & (!(p2)))))))' > '/home/xschwar3/telatko/concur_response_experiments/randaut/autcross/lcr-o0-E50n1s' 
Gathering statistics...

randltl.txt:293: X(p2)
Running [P0: ltl2tgba_det]: ltl2tgba -D -G 'X(p2)' > '/home/xschwar3/telatko/concur_response_experiments/randaut/autcross/lcr-o0-JpxkUu' 
Gathering statistics...

randltl.txt:294: G(F(p0))
warning: This formula or its negation has already been checked.
         Use --allow-dups if it should not be ignored.

randltl.txt:295: G((p0) M (F(p3)))
Running [P0: ltl2tgba_det]: ltl2tgba -D -G 'G((p0) M (F(p3)))' > '/home/xschwar3/telatko/concur_response_experiments/randaut/autcross/lcr-o0-njj7jv' 
Gathering statistics...

randltl.txt:296: (p2) <-> (G(p1))
Running [P0: ltl2tgba_det]: ltl2tgba -D -G '(p2) <-> (G(p1))' > '/home/xschwar3/telatko/concur_response_experiments/randaut/autcross/lcr-o0-DRCUJu' 
Gathering statistics...

randltl.txt:297: (F(p2)) & (((G(p1)) & (F(p2))) | ((G(!(p2))) & (F(!(p1)))))
Running [P0: ltl2tgba_det]: ltl2tgba -D -G '(F(p2)) & (((G(p1)) & (F(p2))) | ((G(!(p2))) & (F(!(p1)))))' > '/home/xschwar3/telatko/concur_response_experiments/randaut/autcross/lcr-o0-Jny3Kv' 
Gathering statistics...

randltl.txt:298: (F(((p0) & (!(p2))) | ((!(p0)) & (p2)))) xor ((p1) | (X((p0) | (p2))))
Running [P0: ltl2tgba_det]: ltl2tgba -D -G '(F(((p0) & (!(p2))) | ((!(p0)) & (p2)))) xor ((p1) | (X((p0) | (p2))))' > '/home/xschwar3/telatko/concur_response_experiments/randaut/autcross/lcr-o0-Th44fu' 
Gathering statistics...

randltl.txt:299: F(G(p3))
warning: This formula or its negation has already been checked.
         Use --allow-dups if it should not be ignored.

randltl.txt:300: 0
warning: This formula or its negation has already been checked.
         Use --allow-dups if it should not be ignored.

randltl.txt:301: G(F(!(p3)))
warning: This formula or its negation has already been checked.
         Use --allow-dups if it should not be ignored.

randltl.txt:302: G(F(p1))
Running [P0: ltl2tgba_det]: ltl2tgba -D -G 'G(F(p1))' > '/home/xschwar3/telatko/concur_response_experiments/randaut/autcross/lcr-o0-daJ9Zu' 
Gathering statistics...

randltl.txt:303: 0
warning: This formula or its negation has already been checked.
         Use --allow-dups if it should not be ignored.

randltl.txt:304: 0
warning: This formula or its negation has already been checked.
         Use --allow-dups if it should not be ignored.

randltl.txt:305: (X(((p2) & (F(!(p1)))) | ((!(p2)) & (G(p1))))) M ((p0) R (p2))
Running [P0: ltl2tgba_det]: ltl2tgba -D -G '(X(((p2) & (F(!(p1)))) | ((!(p2)) & (G(p1))))) M ((p0) R (p2))' > '/home/xschwar3/telatko/concur_response_experiments/randaut/autcross/lcr-o0-KRTkku' 
Gathering statistics...

randltl.txt:306: (p0) R ((!(p0)) M (!(p3)))
Running [P0: ltl2tgba_det]: ltl2tgba -D -G '(p0) R ((!(p0)) M (!(p3)))' > '/home/xschwar3/telatko/concur_response_experiments/randaut/autcross/lcr-o0-8xbMat' 
Gathering statistics...

randltl.txt:307: 1
warning: This formula or its negation has already been checked.
         Use --allow-dups if it should not be ignored.

randltl.txt:308: (G(p1)) | (G(F(!(p0))))
Running [P0: ltl2tgba_det]: ltl2tgba -D -G '(G(p1)) | (G(F(!(p0))))' > '/home/xschwar3/telatko/concur_response_experiments/randaut/autcross/lcr-o0-z9Fpew' 
Gathering statistics...

randltl.txt:309: (X(X(!(p2)))) M ((p1) | ((p0) W (p3)))
Running [P0: ltl2tgba_det]: ltl2tgba -D -G '(X(X(!(p2)))) M ((p1) | ((p0) W (p3)))' > '/home/xschwar3/telatko/concur_response_experiments/randaut/autcross/lcr-o0-dsvrlv' 
Gathering statistics...

randltl.txt:310: X((G(!(p1))) R (p0))
Running [P0: ltl2tgba_det]: ltl2tgba -D -G 'X((G(!(p1))) R (p0))' > '/home/xschwar3/telatko/concur_response_experiments/randaut/autcross/lcr-o0-66Clnt' 
Gathering statistics...

randltl.txt:311: X(F(p2))
warning: This formula or its negation has already been checked.
         Use --allow-dups if it should not be ignored.

randltl.txt:312: (G(p2)) <-> ((G(!(p2))) | (F((!(p1)) | (p3))))
Running [P0: ltl2tgba_det]: ltl2tgba -D -G '(G(p2)) <-> ((G(!(p2))) | (F((!(p1)) | (p3))))' > '/home/xschwar3/telatko/concur_response_experiments/randaut/autcross/lcr-o0-vRHSut' 
Gathering statistics...

randltl.txt:313: (X(G(!(p2)))) | (F((p2) W (p1)))
Running [P0: ltl2tgba_det]: ltl2tgba -D -G '(X(G(!(p2)))) | (F((p2) W (p1)))' > '/home/xschwar3/telatko/concur_response_experiments/randaut/autcross/lcr-o0-yDsd1s' 
Gathering statistics...

randltl.txt:314: 1
warning: This formula or its negation has already been checked.
         Use --allow-dups if it should not be ignored.

randltl.txt:315: (!(p3)) & (F(G(p3)))
Running [P0: ltl2tgba_det]: ltl2tgba -D -G '(!(p3)) & (F(G(p3)))' > '/home/xschwar3/telatko/concur_response_experiments/randaut/autcross/lcr-o0-4GKc0v' 
Gathering statistics...

randltl.txt:316: 1
warning: This formula or its negation has already been checked.
         Use --allow-dups if it should not be ignored.

randltl.txt:317: G((F(G(!(p1)))) & (F((!(p1)) & (((p0) & (p1)) | ((!(p0)) & (!(p1)))))))
Running [P0: ltl2tgba_det]: ltl2tgba -D -G 'G((F(G(!(p1)))) & (F((!(p1)) & (((p0) & (p1)) | ((!(p0)) & (!(p1)))))))' > '/home/xschwar3/telatko/concur_response_experiments/randaut/autcross/lcr-o0-1UdRxt' 
Gathering statistics...

randltl.txt:318: G(((p0) M (G((p0) U (p3)))) M (X(!(p2))))
Running [P0: ltl2tgba_det]: ltl2tgba -D -G 'G(((p0) M (G((p0) U (p3)))) M (X(!(p2))))' > '/home/xschwar3/telatko/concur_response_experiments/randaut/autcross/lcr-o0-vGZdIu' 
Gathering statistics...

randltl.txt:319: (G(p3)) U (X((p1) & ((F(!(p0))) U (!(p1)))))
Running [P0: ltl2tgba_det]: ltl2tgba -D -G '(G(p3)) U (X((p1) & ((F(!(p0))) U (!(p1)))))' > '/home/xschwar3/telatko/concur_response_experiments/randaut/autcross/lcr-o0-QrIFtv' 
Gathering statistics...

randltl.txt:320: X((X(!(p3))) | ((!(p0)) R ((p0) | (!(p2)))))
Running [P0: ltl2tgba_det]: ltl2tgba -D -G 'X((X(!(p3))) | ((!(p0)) R ((p0) | (!(p2)))))' > '/home/xschwar3/telatko/concur_response_experiments/randaut/autcross/lcr-o0-fphtVs' 
Gathering statistics...

randltl.txt:321: X(F((!(p3)) W (F(!(p2)))))
Running [P0: ltl2tgba_det]: ltl2tgba -D -G 'X(F((!(p3)) W (F(!(p2)))))' > '/home/xschwar3/telatko/concur_response_experiments/randaut/autcross/lcr-o0-p4ik4v' 
Gathering statistics...

randltl.txt:322: ((p1) | (G(!(p0)))) W (X(p1))
Running [P0: ltl2tgba_det]: ltl2tgba -D -G '((p1) | (G(!(p0)))) W (X(p1))' > '/home/xschwar3/telatko/concur_response_experiments/randaut/autcross/lcr-o0-pgXwJv' 
Gathering statistics...

randltl.txt:323: (F(p0)) xor ((p1) & (X((p1) W (p2))))
Running [P0: ltl2tgba_det]: ltl2tgba -D -G '(F(p0)) xor ((p1) & (X((p1) W (p2))))' > '/home/xschwar3/telatko/concur_response_experiments/randaut/autcross/lcr-o0-mqjUPv' 
Gathering statistics...

randltl.txt:324: 1
warning: This formula or its negation has already been checked.
         Use --allow-dups if it should not be ignored.

randltl.txt:325: (!(p1)) W (X(F(!(p0))))
Running [P0: ltl2tgba_det]: ltl2tgba -D -G '(!(p1)) W (X(F(!(p0))))' > '/home/xschwar3/telatko/concur_response_experiments/randaut/autcross/lcr-o0-yvEksu' 
Gathering statistics...

randltl.txt:326: (!(p0)) | (X(p2))
Running [P0: ltl2tgba_det]: ltl2tgba -D -G '(!(p0)) | (X(p2))' > '/home/xschwar3/telatko/concur_response_experiments/randaut/autcross/lcr-o0-hLNyRt' 
Gathering statistics...

randltl.txt:327: ((p0) <-> (F(p1))) & ((p2) | (F(p0)))
Running [P0: ltl2tgba_det]: ltl2tgba -D -G '((p0) <-> (F(p1))) & ((p2) | (F(p0)))' > '/home/xschwar3/telatko/concur_response_experiments/randaut/autcross/lcr-o0-7JO9hw' 
Gathering statistics...

randltl.txt:328: (G(p0)) | (G(!(p0)))
Running [P0: ltl2tgba_det]: ltl2tgba -D -G '(G(p0)) | (G(!(p0)))' > '/home/xschwar3/telatko/concur_response_experiments/randaut/autcross/lcr-o0-ERTAgw' 
Gathering statistics...

randltl.txt:329: (F(p3)) | (G(!(p0)))
Running [P0: ltl2tgba_det]: ltl2tgba -D -G '(F(p3)) | (G(!(p0)))' > '/home/xschwar3/telatko/concur_response_experiments/randaut/autcross/lcr-o0-IP3Tsu' 
Gathering statistics...

randltl.txt:330: 1
warning: This formula or its negation has already been checked.
         Use --allow-dups if it should not be ignored.

randltl.txt:331: (F(p2)) | (F(G(p1)))
Running [P0: ltl2tgba_det]: ltl2tgba -D -G '(F(p2)) | (F(G(p1)))' > '/home/xschwar3/telatko/concur_response_experiments/randaut/autcross/lcr-o0-AtCCdw' 
Gathering statistics...

randltl.txt:332: ((!(p3)) | ((!(p2)) & (X(!(p1))))) W (X(!(p0)))
Running [P0: ltl2tgba_det]: ltl2tgba -D -G '((!(p3)) | ((!(p2)) & (X(!(p1))))) W (X(!(p0)))' > '/home/xschwar3/telatko/concur_response_experiments/randaut/autcross/lcr-o0-vYEIUw' 
Gathering statistics...

randltl.txt:333: X((p1) | (X((p1) R (F(!(p1))))))
Running [P0: ltl2tgba_det]: ltl2tgba -D -G 'X((p1) | (X((p1) R (F(!(p1))))))' > '/home/xschwar3/telatko/concur_response_experiments/randaut/autcross/lcr-o0-91unFv' 
Gathering statistics...

randltl.txt:334: (p0) | (X((!(p0)) & (G(p3))))
Running [P0: ltl2tgba_det]: ltl2tgba -D -G '(p0) | (X((!(p0)) & (G(p3))))' > '/home/xschwar3/telatko/concur_response_experiments/randaut/autcross/lcr-o0-P1vI8t' 
Gathering statistics...

randltl.txt:335: (p3) & (F(p1))
Running [P0: ltl2tgba_det]: ltl2tgba -D -G '(p3) & (F(p1))' > '/home/xschwar3/telatko/concur_response_experiments/randaut/autcross/lcr-o0-svnOAu' 
Gathering statistics...

randltl.txt:336: G(p1)
warning: This formula or its negation has already been checked.
         Use --allow-dups if it should not be ignored.

randltl.txt:337: (G(p2)) R ((p0) | (F(!(p1))))
Running [P0: ltl2tgba_det]: ltl2tgba -D -G '(G(p2)) R ((p0) | (F(!(p1))))' > '/home/xschwar3/telatko/concur_response_experiments/randaut/autcross/lcr-o0-8iztIu' 
Gathering statistics...

randltl.txt:338: (G((p0) & (p2))) | (((p1) | (G(p0))) R (!(p3)))
Running [P0: ltl2tgba_det]: ltl2tgba -D -G '(G((p0) & (p2))) | (((p1) | (G(p0))) R (!(p3)))' > '/home/xschwar3/telatko/concur_response_experiments/randaut/autcross/lcr-o0-QQTaMv' 
Gathering statistics...

randltl.txt:339: (!(p3)) R (X(!(p0)))
Running [P0: ltl2tgba_det]: ltl2tgba -D -G '(!(p3)) R (X(!(p0)))' > '/home/xschwar3/telatko/concur_response_experiments/randaut/autcross/lcr-o0-2hhjFs' 
Gathering statistics...

randltl.txt:340: F(p2)
warning: This formula or its negation has already been checked.
         Use --allow-dups if it should not be ignored.

randltl.txt:341: 0
warning: This formula or its negation has already been checked.
         Use --allow-dups if it should not be ignored.

randltl.txt:342: G(((!(p2)) & (X((!(p2)) W (!(p0))))) M (F(!(p3))))
Running [P0: ltl2tgba_det]: ltl2tgba -D -G 'G(((!(p2)) & (X((!(p2)) W (!(p0))))) M (F(!(p3))))' > '/home/xschwar3/telatko/concur_response_experiments/randaut/autcross/lcr-o0-iAm6Es' 
Gathering statistics...

randltl.txt:343: (G((p3) & (((p3) & (F(p0))) R (p2)))) R (F(!(p1)))
Running [P0: ltl2tgba_det]: ltl2tgba -D -G '(G((p3) & (((p3) & (F(p0))) R (p2)))) R (F(!(p1)))' > '/home/xschwar3/telatko/concur_response_experiments/randaut/autcross/lcr-o0-DfuvRu' 
Gathering statistics...

randltl.txt:344: (p1) M ((p2) R (p3))
Running [P0: ltl2tgba_det]: ltl2tgba -D -G '(p1) M ((p2) R (p3))' > '/home/xschwar3/telatko/concur_response_experiments/randaut/autcross/lcr-o0-jgeBFs' 
Gathering statistics...

randltl.txt:345: ((p2) & (X(p3))) <-> ((p1) & (F(p3)))
Running [P0: ltl2tgba_det]: ltl2tgba -D -G '((p2) & (X(p3))) <-> ((p1) & (F(p3)))' > '/home/xschwar3/telatko/concur_response_experiments/randaut/autcross/lcr-o0-oMm7Ts' 
Gathering statistics...

randltl.txt:346: X(!(p3))
warning: This formula or its negation has already been checked.
         Use --allow-dups if it should not be ignored.

randltl.txt:347: (G(F(p1))) U ((G(p2)) M (p0))
Running [P0: ltl2tgba_det]: ltl2tgba -D -G '(G(F(p1))) U ((G(p2)) M (p0))' > '/home/xschwar3/telatko/concur_response_experiments/randaut/autcross/lcr-o0-9XvXFu' 
Gathering statistics...

randltl.txt:348: ((p2) & (X(p1))) <-> ((((p1) & (!(p3))) | ((!(p1)) & (p3))) M (p0))
Running [P0: ltl2tgba_det]: ltl2tgba -D -G '((p2) & (X(p1))) <-> ((((p1) & (!(p3))) | ((!(p1)) & (p3))) M (p0))' > '/home/xschwar3/telatko/concur_response_experiments/randaut/autcross/lcr-o0-zj9zYt' 
Gathering statistics...

randltl.txt:349: (!(p1)) | (F(p0))
Running [P0: ltl2tgba_det]: ltl2tgba -D -G '(!(p1)) | (F(p0))' > '/home/xschwar3/telatko/concur_response_experiments/randaut/autcross/lcr-o0-4wOd3w' 
Gathering statistics...

randltl.txt:350: 1
warning: This formula or its negation has already been checked.
         Use --allow-dups if it should not be ignored.

randltl.txt:351: (p1) & (F((!(p1)) & (!(p3))))
Running [P0: ltl2tgba_det]: ltl2tgba -D -G '(p1) & (F((!(p1)) & (!(p3))))' > '/home/xschwar3/telatko/concur_response_experiments/randaut/autcross/lcr-o0-pUnLDw' 
Gathering statistics...

randltl.txt:352: (p2) | (G(p0))
Running [P0: ltl2tgba_det]: ltl2tgba -D -G '(p2) | (G(p0))' > '/home/xschwar3/telatko/concur_response_experiments/randaut/autcross/lcr-o0-svQGhv' 
Gathering statistics...

randltl.txt:353: (G(p3)) xor ((G(F(p0))) & (X(X(p0))))
Running [P0: ltl2tgba_det]: ltl2tgba -D -G '(G(p3)) xor ((G(F(p0))) & (X(X(p0))))' > '/home/xschwar3/telatko/concur_response_experiments/randaut/autcross/lcr-o0-aMlbqs' 
Gathering statistics...

randltl.txt:354: G(!(p1))
warning: This formula or its negation has already been checked.
         Use --allow-dups if it should not be ignored.

randltl.txt:355: (p3) & (G((!(p0)) & ((p3) W ((!(p2)) M (!(p1))))))
Running [P0: ltl2tgba_det]: ltl2tgba -D -G '(p3) & (G((!(p0)) & ((p3) W ((!(p2)) M (!(p1))))))' > '/home/xschwar3/telatko/concur_response_experiments/randaut/autcross/lcr-o0-zXPDAu' 
Gathering statistics...

randltl.txt:356: ((p1) & (G(!(p3)))) R (F(!(p3)))
Running [P0: ltl2tgba_det]: ltl2tgba -D -G '((p1) & (G(!(p3)))) R (F(!(p3)))' > '/home/xschwar3/telatko/concur_response_experiments/randaut/autcross/lcr-o0-V1BI2t' 
Gathering statistics...

randltl.txt:357: (G(p2)) M (((p0) & (!(p2))) | ((!(p0)) & (p2)))
Running [P0: ltl2tgba_det]: ltl2tgba -D -G '(G(p2)) M (((p0) & (!(p2))) | ((!(p0)) & (p2)))' > '/home/xschwar3/telatko/concur_response_experiments/randaut/autcross/lcr-o0-7DjTct' 
Gathering statistics...

randltl.txt:358: G((!(p1)) & ((p0) U (p2)))
Running [P0: ltl2tgba_det]: ltl2tgba -D -G 'G((!(p1)) & ((p0) U (p2)))' > '/home/xschwar3/telatko/concur_response_experiments/randaut/autcross/lcr-o0-csnDAs' 
Gathering statistics...

randltl.txt:359: X(F(p3))
warning: This formula or its negation has already been checked.
         Use --allow-dups if it should not be ignored.

randltl.txt:360: F((G(p2)) | (G(F(p0))))
Running [P0: ltl2tgba_det]: ltl2tgba -D -G 'F((G(p2)) | (G(F(p0))))' > '/home/xschwar3/telatko/concur_response_experiments/randaut/autcross/lcr-o0-Aujf0t' 
Gathering statistics...

randltl.txt:361: (G(p2)) | (X(p0))
Running [P0: ltl2tgba_det]: ltl2tgba -D -G '(G(p2)) | (X(p0))' > '/home/xschwar3/telatko/concur_response_experiments/randaut/autcross/lcr-o0-mYkaNw' 
Gathering statistics...

randltl.txt:362: (F(p2)) & (X(!(p0)))
Running [P0: ltl2tgba_det]: ltl2tgba -D -G '(F(p2)) & (X(!(p0)))' > '/home/xschwar3/telatko/concur_response_experiments/randaut/autcross/lcr-o0-qztqcu' 
Gathering statistics...

randltl.txt:363: (p2) | (((p2) & (p3)) xor ((p0) R ((((p3) & (G(p0))) | ((!(p3)) & (F(!(p0))))) U (X(p1)))))
Running [P0: ltl2tgba_det]: ltl2tgba -D -G '(p2) | (((p2) & (p3)) xor ((p0) R ((((p3) & (G(p0))) | ((!(p3)) & (F(!(p0))))) U (X(p1)))))' > '/home/xschwar3/telatko/concur_response_experiments/randaut/autcross/lcr-o0-vgyDmw' 
Gathering statistics...

randltl.txt:364: (p2) <-> (p3)
Running [P0: ltl2tgba_det]: ltl2tgba -D -G '(p2) <-> (p3)' > '/home/xschwar3/telatko/concur_response_experiments/randaut/autcross/lcr-o0-5aNh9u' 
Gathering statistics...

randltl.txt:365: X(X((!(p3)) W (X(!(p1)))))
Running [P0: ltl2tgba_det]: ltl2tgba -D -G 'X(X((!(p3)) W (X(!(p1)))))' > '/home/xschwar3/telatko/concur_response_experiments/randaut/autcross/lcr-o0-eohU0v' 
Gathering statistics...

randltl.txt:366: (p1) M (((G(p3)) | (F(G(!(p1))))) M ((F(!(p0))) & (F(p0))))
Running [P0: ltl2tgba_det]: ltl2tgba -D -G '(p1) M (((G(p3)) | (F(G(!(p1))))) M ((F(!(p0))) & (F(p0))))' > '/home/xschwar3/telatko/concur_response_experiments/randaut/autcross/lcr-o0-fYfySt' 
Gathering statistics...

randltl.txt:367: 0
warning: This formula or its negation has already been checked.
         Use --allow-dups if it should not be ignored.

randltl.txt:368: (((!(p1)) & (!(p3))) U (!(p2))) | (X((p3) & (G(p0))))
Running [P0: ltl2tgba_det]: ltl2tgba -D -G '(((!(p1)) & (!(p3))) U (!(p2))) | (X((p3) & (G(p0))))' > '/home/xschwar3/telatko/concur_response_experiments/randaut/autcross/lcr-o0-Q9oQRs' 
Gathering statistics...

randltl.txt:369: G((!(p1)) M (((p1) & ((!(p3)) | (X((!(p3)) R (X(X(!(p0)))))))) | ((!(p1)) & (p3) & (X((p3) U (X(X(p0))))))))
Running [P0: ltl2tgba_det]: ltl2tgba -D -G 'G((!(p1)) M (((p1) & ((!(p3)) | (X((!(p3)) R (X(X(!(p0)))))))) | ((!(p1)) & (p3) & (X((p3) U (X(X(p0))))))))' > '/home/xschwar3/telatko/concur_response_experiments/randaut/autcross/lcr-o0-FxLdMs' 
Gathering statistics...

randltl.txt:370: (p3) | (X(p3)) | ((!(p3)) & (G(F(p0))))
Running [P0: ltl2tgba_det]: ltl2tgba -D -G '(p3) | (X(p3)) | ((!(p3)) & (G(F(p0))))' > '/home/xschwar3/telatko/concur_response_experiments/randaut/autcross/lcr-o0-BkDcHv' 
Gathering statistics...

randltl.txt:371: X(G(p3))
Running [P0: ltl2tgba_det]: ltl2tgba -D -G 'X(G(p3))' > '/home/xschwar3/telatko/concur_response_experiments/randaut/autcross/lcr-o0-9YYIzu' 
Gathering statistics...

randltl.txt:372: (F(p1)) & (!(X(!(p0))))
Running [P0: ltl2tgba_det]: ltl2tgba -D -G '(F(p1)) & (!(X(!(p0))))' > '/home/xschwar3/telatko/concur_response_experiments/randaut/autcross/lcr-o0-0S6Qst' 
Gathering statistics...

randltl.txt:373: G(((p1) & (p2)) | ((!(p1)) & (!(p2))))
Running [P0: ltl2tgba_det]: ltl2tgba -D -G 'G(((p1) & (p2)) | ((!(p1)) & (!(p2))))' > '/home/xschwar3/telatko/concur_response_experiments/randaut/autcross/lcr-o0-CnGg8s' 
Gathering statistics...

randltl.txt:374: F(((G(p2)) & (((p1) & (((p1) & (G((!(p0)) | (X(!(p0)))))) | ((!(p1)) & (F((p0) & (X(p0))))))) | ((!(p1)) & (((p1) & (F((p0) & (X(p0))))) | ((!(p1)) & (G((!(p0)) | (X(!(p0)))))))))) | ((F(!(p2))) & (((p1) & (((p1) & (F((p0) & (X(p0))))) | ((!(p1)) & (G((!(p0)) | (X(!(p0)))))))) | ((!(p1)) & (((p1) & (G((!(p0)) | (X(!(p0)))))) | ((!(p1)) & (F((p0) & (X(p0))))))))))
Running [P0: ltl2tgba_det]: ltl2tgba -D -G 'F(((G(p2)) & (((p1) & (((p1) & (G((!(p0)) | (X(!(p0)))))) | ((!(p1)) & (F((p0) & (X(p0))))))) | ((!(p1)) & (((p1) & (F((p0) & (X(p0))))) | ((!(p1)) & (G((!(p0)) | (X(!(p0)))))))))) | ((F(!(p2))) & (((p1) & (((p1) & (F((p0) & (X(p0))))) | ((!(p1)) & (G((!(p0)) | (X(!(p0)))))))) | ((!(p1)) & (((p1) & (G((!(p0)) | (X(!(p0)))))) | ((!(p1)) & (F((p0) & (X(p0))))))))))' > '/home/xschwar3/telatko/concur_response_experiments/randaut/autcross/lcr-o0-osFb6u' 
Gathering statistics...

randltl.txt:375: (p1) U ((p3) U (G(p0)))
Running [P0: ltl2tgba_det]: ltl2tgba -D -G '(p1) U ((p3) U (G(p0)))' > '/home/xschwar3/telatko/concur_response_experiments/randaut/autcross/lcr-o0-1l3T2v' 
Gathering statistics...

randltl.txt:376: (p1) & ((p3) M ((p0) | ((!(p3)) M (F(p0)))))
Running [P0: ltl2tgba_det]: ltl2tgba -D -G '(p1) & ((p3) M ((p0) | ((!(p3)) M (F(p0)))))' > '/home/xschwar3/telatko/concur_response_experiments/randaut/autcross/lcr-o0-HFqsou' 
Gathering statistics...

randltl.txt:377: ((p0) & (X(!(p2)))) | ((!(p0)) & (X(p2)))
Running [P0: ltl2tgba_det]: ltl2tgba -D -G '((p0) & (X(!(p2)))) | ((!(p0)) & (X(p2)))' > '/home/xschwar3/telatko/concur_response_experiments/randaut/autcross/lcr-o0-KD6asv' 
Gathering statistics...

randltl.txt:378: F(p3)
warning: This formula or its negation has already been checked.
         Use --allow-dups if it should not be ignored.

randltl.txt:379: 0
warning: This formula or its negation has already been checked.
         Use --allow-dups if it should not be ignored.

randltl.txt:380: (p3) & (F(p0))
Running [P0: ltl2tgba_det]: ltl2tgba -D -G '(p3) & (F(p0))' > '/home/xschwar3/telatko/concur_response_experiments/randaut/autcross/lcr-o0-CqfX3s' 
Gathering statistics...

randltl.txt:381: F(G(p1))
Running [P0: ltl2tgba_det]: ltl2tgba -D -G 'F(G(p1))' > '/home/xschwar3/telatko/concur_response_experiments/randaut/autcross/lcr-o0-hNB8kv' 
Gathering statistics...

randltl.txt:382: ((!(p0)) R (!(p3))) | ((X(p1)) & (F(p2)))
Running [P0: ltl2tgba_det]: ltl2tgba -D -G '((!(p0)) R (!(p3))) | ((X(p1)) & (F(p2)))' > '/home/xschwar3/telatko/concur_response_experiments/randaut/autcross/lcr-o0-gBxBdw' 
Gathering statistics...

randltl.txt:383: G(!(p3))
warning: This formula or its negation has already been checked.
         Use --allow-dups if it should not be ignored.

randltl.txt:384: (((p1) & (!(p3))) | ((!(p1)) & (p3))) R (((p1) & (F(p3))) | ((!(p1)) & (G(!(p3)))))
Running [P0: ltl2tgba_det]: ltl2tgba -D -G '(((p1) & (!(p3))) | ((!(p1)) & (p3))) R (((p1) & (F(p3))) | ((!(p1)) & (G(!(p3)))))' > '/home/xschwar3/telatko/concur_response_experiments/randaut/autcross/lcr-o0-VJ9knu' 
Gathering statistics...

randltl.txt:385: G(p2)
Running [P0: ltl2tgba_det]: ltl2tgba -D -G 'G(p2)' > '/home/xschwar3/telatko/concur_response_experiments/randaut/autcross/lcr-o0-Bhykou' 
Gathering statistics...

randltl.txt:386: G(!(p1))
warning: This formula or its negation has already been checked.
         Use --allow-dups if it should not be ignored.

randltl.txt:387: (F(!(p3))) | ((!(p1)) R ((p2) & (X((p2) U (X(p2))))))
Running [P0: ltl2tgba_det]: ltl2tgba -D -G '(F(!(p3))) | ((!(p1)) R ((p2) & (X((p2) U (X(p2))))))' > '/home/xschwar3/telatko/concur_response_experiments/randaut/autcross/lcr-o0-empunw' 
Gathering statistics...

randltl.txt:388: ((p2) | (!(p3))) & (F(p2))
Running [P0: ltl2tgba_det]: ltl2tgba -D -G '((p2) | (!(p3))) & (F(p2))' > '/home/xschwar3/telatko/concur_response_experiments/randaut/autcross/lcr-o0-0bM1Av' 
Gathering statistics...

randltl.txt:389: G(((p3) M ((!(p2)) | (X(!(p2))))) | ((G(!(p3))) & ((!(p3)) U ((p2) & (X(p2))))))
Running [P0: ltl2tgba_det]: ltl2tgba -D -G 'G(((p3) M ((!(p2)) | (X(!(p2))))) | ((G(!(p3))) & ((!(p3)) U ((p2) & (X(p2))))))' > '/home/xschwar3/telatko/concur_response_experiments/randaut/autcross/lcr-o0-bZTzDw' 
Gathering statistics...

randltl.txt:390: (F(G(p0))) | ((F(p3)) W (p2))
Running [P0: ltl2tgba_det]: ltl2tgba -D -G '(F(G(p0))) | ((F(p3)) W (p2))' > '/home/xschwar3/telatko/concur_response_experiments/randaut/autcross/lcr-o0-cwKJrt' 
Gathering statistics...

randltl.txt:391: 0
warning: This formula or its negation has already been checked.
         Use --allow-dups if it should not be ignored.

randltl.txt:392: (X(F(p3))) xor (X(p3))
Running [P0: ltl2tgba_det]: ltl2tgba -D -G '(X(F(p3))) xor (X(p3))' > '/home/xschwar3/telatko/concur_response_experiments/randaut/autcross/lcr-o0-xl8Vdt' 
Gathering statistics...

randltl.txt:393: G((F(p2)) | ((!(p1)) R (!(p3))))
Running [P0: ltl2tgba_det]: ltl2tgba -D -G 'G((F(p2)) | ((!(p1)) R (!(p3))))' > '/home/xschwar3/telatko/concur_response_experiments/randaut/autcross/lcr-o0-Qr1Aew' 
Gathering statistics...

randltl.txt:394: (p3) | ((G(!(p1))) <-> ((p1) & (X(p0))))
Running [P0: ltl2tgba_det]: ltl2tgba -D -G '(p3) | ((G(!(p1))) <-> ((p1) & (X(p0))))' > '/home/xschwar3/telatko/concur_response_experiments/randaut/autcross/lcr-o0-2auVRt' 
Gathering statistics...

randltl.txt:395: 1
warning: This formula or its negation has already been checked.
         Use --allow-dups if it should not be ignored.

randltl.txt:396: (F(!(p1))) W ((!(p2)) R (p3))
Running [P0: ltl2tgba_det]: ltl2tgba -D -G '(F(!(p1))) W ((!(p2)) R (p3))' > '/home/xschwar3/telatko/concur_response_experiments/randaut/autcross/lcr-o0-V5Zvps' 
Gathering statistics...

randltl.txt:397: F(G(((!(p3)) | (X(!(p3)))) & ((p3) | (X(p3)))))
Running [P0: ltl2tgba_det]: ltl2tgba -D -G 'F(G(((!(p3)) | (X(!(p3)))) & ((p3) | (X(p3)))))' > '/home/xschwar3/telatko/concur_response_experiments/randaut/autcross/lcr-o0-mdsYtv' 
Gathering statistics...

randltl.txt:398: (X(X(G(p3)))) & ((p2) R ((p2) U (p1)))
Running [P0: ltl2tgba_det]: ltl2tgba -D -G '(X(X(G(p3)))) & ((p2) R ((p2) U (p1)))' > '/home/xschwar3/telatko/concur_response_experiments/randaut/autcross/lcr-o0-qYFXiw' 
Gathering statistics...

randltl.txt:399: 0
warning: This formula or its negation has already been checked.
         Use --allow-dups if it should not be ignored.

randltl.txt:400: (p2) | (X(F((!(p0)) & (!(p2)))))
Running [P0: ltl2tgba_det]: ltl2tgba -D -G '(p2) | (X(F((!(p0)) & (!(p2)))))' > '/home/xschwar3/telatko/concur_response_experiments/randaut/autcross/lcr-o0-oyduiu' 
Gathering statistics...

No problem detected.
0
