/home/xschwar3/telatko/statistics/sat23-camera-ready/patterns/patterns-ltl2tgba_det.hoa:1.1-16.7	Fp1
Running [A0]: autfilt './autcross/lcr-i0-4otG2N' > './autcross/lcr-o0-aBnh4L'
Running [A1]: /home/xschwar3/Desktop/telatko/telatko.py -F './autcross/lcr-i0-di9p7O' -T 30 -L 1 -I -O './autcross/lcr-o1-6zdd4O'
autcross: received signal 2
Traceback (most recent call last):
  File "/home/xschwar3/Desktop/telatko/telatko.py", line 9, in <module>
    from qbf.q_main import play, print_aut
  File "/home/xschwar3/Desktop/telatko/qbf/q_main.py", line 3, in <module>
    from qbf.parser import *
  File "/home/xschwar3/Desktop/telatko/qbf/parser.py", line 2, in <module>
    from z3 import is_true
  File "/home/xschwar3/.local/lib/python3.8/site-packages/z3/__init__.py", line 1, in <module>
    from .z3 import *
  File "/home/xschwar3/.local/lib/python3.8/site-packages/z3/z3.py", line 46, in <module>
    from . import z3core
  File "/home/xschwar3/.local/lib/python3.8/site-packages/z3/z3core.py", line 5, in <module>
    import pkg_resources
  File "/usr/lib/python3/dist-packages/pkg_resources/__init__.py", line 3254, in <module>
    def _initialize_master_working_set():
  File "/usr/lib/python3/dist-packages/pkg_resources/__init__.py", line 3237, in _call_aside
    f(*args, **kwargs)
  File "/usr/lib/python3/dist-packages/pkg_resources/__init__.py", line 3266, in _initialize_master_working_set
    working_set = WorkingSet._build_master()
  File "/usr/lib/python3/dist-packages/pkg_resources/__init__.py", line 575, in _build_master
    ws = cls()
  File "/usr/lib/python3/dist-packages/pkg_resources/__init__.py", line 568, in __init__
    self.add_entry(entry)
  File "/usr/lib/python3/dist-packages/pkg_resources/__init__.py", line 624, in add_entry
    for dist in find_distributions(entry, True):
  File "/usr/lib/python3/dist-packages/pkg_resources/__init__.py", line 2066, in find_on_path
    for dist in factory(fullpath):
  File "/usr/lib/python3/dist-packages/pkg_resources/__init__.py", line 2135, in distributions_from_metadata
    yield Distribution.from_location(
  File "/usr/lib/python3/dist-packages/pkg_resources/__init__.py", line 2592, in from_location
    return cls(
  File "/usr/lib/python3/dist-packages/pkg_resources/__init__.py", line 2996, in _reload_version
    md_version = self._get_version()
  File "/usr/lib/python3/dist-packages/pkg_resources/__init__.py", line 2774, in _get_version
    version = _version_from_file(lines)
  File "/usr/lib/python3/dist-packages/pkg_resources/__init__.py", line 2558, in _version_from_file
    line = next(iter(version_lines), '')
  File "/usr/lib/python3/dist-packages/pkg_resources/__init__.py", line 2769, in _get_metadata
    for line in self.get_metadata_lines(name):
  File "/usr/lib/python3/dist-packages/pkg_resources/__init__.py", line 2383, in yield_lines
    for s in strs.splitlines():
KeyboardInterrupt
