rab4.filt.hoa:1.1-69.7
Running [A0]: autfilt '/home/xschwar3/telatko/concur_response_experiments/randaut/autcross/lcr-i0-svivLq' > '/home/xschwar3/telatko/concur_response_experiments/randaut/autcross/lcr-o0-ZadGjr'
Running [A1]: /home/xschwar3/telatko/telatko.py -F '/home/xschwar3/telatko/concur_response_experiments/randaut/autcross/lcr-i0-mcCPlu' -T 30 -L 3 -I -G -O '/home/xschwar3/telatko/concur_response_experiments/randaut/autcross/lcr-o1-jw0TVq'
Running [A2]: autfilt '/home/xschwar3/telatko/concur_response_experiments/randaut/autcross/lcr-i0-ooRKHq' > '/home/xschwar3/telatko/concur_response_experiments/randaut/autcross/lcr-o2-8LVest' --simplify-acceptance
Running [A3]: autfilt '/home/xschwar3/telatko/concur_response_experiments/randaut/autcross/lcr-i0-6gg3Xp' > '/home/xschwar3/telatko/concur_response_experiments/randaut/autcross/lcr-o3-exOJGt' --small
Gathering statistics...

rab4.filt.hoa:70.1-88.7
Running [A0]: autfilt '/home/xschwar3/telatko/concur_response_experiments/randaut/autcross/lcr-i1-viSoit' > '/home/xschwar3/telatko/concur_response_experiments/randaut/autcross/lcr-o0-wzBzgr'
Running [A1]: /home/xschwar3/telatko/telatko.py -F '/home/xschwar3/telatko/concur_response_experiments/randaut/autcross/lcr-i1-oGFwiu' -T 30 -L 3 -I -G -O '/home/xschwar3/telatko/concur_response_experiments/randaut/autcross/lcr-o1-ySgjKq'
Running [A2]: autfilt '/home/xschwar3/telatko/concur_response_experiments/randaut/autcross/lcr-i1-jZmN8r' > '/home/xschwar3/telatko/concur_response_experiments/randaut/autcross/lcr-o2-nIYEls' --simplify-acceptance
Running [A3]: autfilt '/home/xschwar3/telatko/concur_response_experiments/randaut/autcross/lcr-i1-01S9zt' > '/home/xschwar3/telatko/concur_response_experiments/randaut/autcross/lcr-o3-NM5Pqq' --small
Gathering statistics...

rab4.filt.hoa:89.1-100.7
Running [A0]: autfilt '/home/xschwar3/telatko/concur_response_experiments/randaut/autcross/lcr-i2-8gSL5t' > '/home/xschwar3/telatko/concur_response_experiments/randaut/autcross/lcr-o0-52EeUt'
Running [A1]: /home/xschwar3/telatko/telatko.py -F '/home/xschwar3/telatko/concur_response_experiments/randaut/autcross/lcr-i2-4bpg6s' -T 30 -L 3 -I -G -O '/home/xschwar3/telatko/concur_response_experiments/randaut/autcross/lcr-o1-rc4nTp'
Running [A2]: autfilt '/home/xschwar3/telatko/concur_response_experiments/randaut/autcross/lcr-i2-jA04Ns' > '/home/xschwar3/telatko/concur_response_experiments/randaut/autcross/lcr-o2-tGatiq' --simplify-acceptance
Running [A3]: autfilt '/home/xschwar3/telatko/concur_response_experiments/randaut/autcross/lcr-i2-USjeFr' > '/home/xschwar3/telatko/concur_response_experiments/randaut/autcross/lcr-o3-xkzKBr' --small
Gathering statistics...

rab4.filt.hoa:101.1-116.7
Running [A0]: autfilt '/home/xschwar3/telatko/concur_response_experiments/randaut/autcross/lcr-i3-NrPi0r' > '/home/xschwar3/telatko/concur_response_experiments/randaut/autcross/lcr-o0-m6fGYs'
Running [A1]: /home/xschwar3/telatko/telatko.py -F '/home/xschwar3/telatko/concur_response_experiments/randaut/autcross/lcr-i3-lcV6vq' -T 30 -L 3 -I -G -O '/home/xschwar3/telatko/concur_response_experiments/randaut/autcross/lcr-o1-0Q6lbs'
Running [A2]: autfilt '/home/xschwar3/telatko/concur_response_experiments/randaut/autcross/lcr-i3-klGOKr' > '/home/xschwar3/telatko/concur_response_experiments/randaut/autcross/lcr-o2-FhlY6s' --simplify-acceptance
Running [A3]: autfilt '/home/xschwar3/telatko/concur_response_experiments/randaut/autcross/lcr-i3-GolBVt' > '/home/xschwar3/telatko/concur_response_experiments/randaut/autcross/lcr-o3-ldyt2t' --small
Gathering statistics...

rab4.filt.hoa:117.1-140.7
Running [A0]: autfilt '/home/xschwar3/telatko/concur_response_experiments/randaut/autcross/lcr-i4-YGkAHt' > '/home/xschwar3/telatko/concur_response_experiments/randaut/autcross/lcr-o0-Sa77Ws'
Running [A1]: /home/xschwar3/telatko/telatko.py -F '/home/xschwar3/telatko/concur_response_experiments/randaut/autcross/lcr-i4-0SrKkr' -T 30 -L 3 -I -G -O '/home/xschwar3/telatko/concur_response_experiments/randaut/autcross/lcr-o1-tmMQGs'
Running [A2]: autfilt '/home/xschwar3/telatko/concur_response_experiments/randaut/autcross/lcr-i4-lEqmit' > '/home/xschwar3/telatko/concur_response_experiments/randaut/autcross/lcr-o2-BrHFPp' --simplify-acceptance
Running [A3]: autfilt '/home/xschwar3/telatko/concur_response_experiments/randaut/autcross/lcr-i4-IHiRpq' > '/home/xschwar3/telatko/concur_response_experiments/randaut/autcross/lcr-o3-oqWYOt' --small
Gathering statistics...

rab4.filt.hoa:141.1-158.7
Running [A0]: autfilt '/home/xschwar3/telatko/concur_response_experiments/randaut/autcross/lcr-i5-hdBiks' > '/home/xschwar3/telatko/concur_response_experiments/randaut/autcross/lcr-o0-4oQinq'
Running [A1]: /home/xschwar3/telatko/telatko.py -F '/home/xschwar3/telatko/concur_response_experiments/randaut/autcross/lcr-i5-Dh2ROs' -T 30 -L 3 -I -G -O '/home/xschwar3/telatko/concur_response_experiments/randaut/autcross/lcr-o1-GbLcSs'
Running [A2]: autfilt '/home/xschwar3/telatko/concur_response_experiments/randaut/autcross/lcr-i5-nWh1yt' > '/home/xschwar3/telatko/concur_response_experiments/randaut/autcross/lcr-o2-swEdJq' --simplify-acceptance
Running [A3]: autfilt '/home/xschwar3/telatko/concur_response_experiments/randaut/autcross/lcr-i5-Xklfwq' > '/home/xschwar3/telatko/concur_response_experiments/randaut/autcross/lcr-o3-p1K9Uq' --small
Gathering statistics...

rab4.filt.hoa:159.1-176.7
Running [A0]: autfilt '/home/xschwar3/telatko/concur_response_experiments/randaut/autcross/lcr-i6-xn0rMp' > '/home/xschwar3/telatko/concur_response_experiments/randaut/autcross/lcr-o0-edLImq'
Running [A1]: /home/xschwar3/telatko/telatko.py -F '/home/xschwar3/telatko/concur_response_experiments/randaut/autcross/lcr-i6-9WtcVs' -T 30 -L 3 -I -G -O '/home/xschwar3/telatko/concur_response_experiments/randaut/autcross/lcr-o1-3ubFmt'
autcross: received signal 2
Traceback (most recent call last):
  File "/home/xschwar3/telatko/telatko.py", line 9, in <module>
    from qbf.q_main import play, print_aut
  File "/home/xschwar3/telatko/qbf/q_main.py", line 3, in <module>
    from qbf.parser import *
  File "/home/xschwar3/telatko/qbf/parser.py", line 2, in <module>
    from z3 import is_true
  File "/home/xschwar3/.local/lib/python3.8/site-packages/z3/__init__.py", line 1, in <module>
    from .z3 import *
  File "/home/xschwar3/.local/lib/python3.8/site-packages/z3/z3.py", line 46, in <module>
    from . import z3core
  File "/home/xschwar3/.local/lib/python3.8/site-packages/z3/z3core.py", line 5, in <module>
    import pkg_resources
  File "/usr/lib/python3/dist-packages/pkg_resources/__init__.py", line 84, in <module>
    __import__('pkg_resources.extern.packaging.requirements')
  File "/usr/lib/python3/dist-packages/pkg_resources/_vendor/packaging/requirements.py", line 9, in <module>
    from pkg_resources.extern.pyparsing import stringStart, stringEnd, originalTextFor, ParseException
  File "<frozen importlib._bootstrap>", line 991, in _find_and_load
  File "<frozen importlib._bootstrap>", line 975, in _find_and_load_unlocked
  File "<frozen importlib._bootstrap>", line 655, in _load_unlocked
  File "<frozen importlib._bootstrap>", line 618, in _load_backward_compatible
  File "/usr/lib/python3/dist-packages/pkg_resources/extern/__init__.py", line 43, in load_module
    __import__(extant)
  File "/usr/lib/python3/dist-packages/pkg_resources/_vendor/pyparsing.py", line 5399, in <module>
    class pyparsing_common:
  File "/usr/lib/python3/dist-packages/pkg_resources/_vendor/pyparsing.py", line 5551, in pyparsing_common
    signed_integer = Regex(r'[+-]?\d+').setName("signed integer").setParseAction(convertToInteger)
  File "/usr/lib/python3/dist-packages/pkg_resources/_vendor/pyparsing.py", line 1284, in setParseAction
    self.parseAction = list(map(_trim_arity, list(fns)))
  File "/usr/lib/python3/dist-packages/pkg_resources/_vendor/pyparsing.py", line 1066, in _trim_arity
    this_line = extract_stack(limit=2)[-1]
  File "/usr/lib/python3/dist-packages/pkg_resources/_vendor/pyparsing.py", line 1050, in extract_stack
    frame_summary = traceback.extract_stack(limit=-offset+limit-1)[offset]
  File "/usr/lib/python3.8/traceback.py", line 211, in extract_stack
    stack = StackSummary.extract(walk_stack(f), limit=limit)
  File "/usr/lib/python3.8/traceback.py", line 362, in extract
    linecache.checkcache(filename)
  File "/usr/lib/python3.8/linecache.py", line 74, in checkcache
    stat = os.stat(fullname)
KeyboardInterrupt
