ltl2tgba_det.filt.hoa:1.1-25.7	(FGp2 R !p2) | GFp1
Running [A0]: autfilt '/home/xschwar3/telatko/concur_response_experiments/randaut/autcross/lcr-i0-UzWhbf' > '/home/xschwar3/telatko/concur_response_experiments/randaut/autcross/lcr-o0-ljXXae'
Running [A1]: /home/xschwar3/telatko/telatko.py -F '/home/xschwar3/telatko/concur_response_experiments/randaut/autcross/lcr-i0-yEimxh' -T 30 -L 3 -I -G -O '/home/xschwar3/telatko/concur_response_experiments/randaut/autcross/lcr-o1-cvZWue'
Running [A2]: autfilt '/home/xschwar3/telatko/concur_response_experiments/randaut/autcross/lcr-i0-Mcf8Hf' > '/home/xschwar3/telatko/concur_response_experiments/randaut/autcross/lcr-o2-tzez3h' --simplify-acceptance
Running [A3]: autfilt '/home/xschwar3/telatko/concur_response_experiments/randaut/autcross/lcr-i0-CYdB5d' > '/home/xschwar3/telatko/concur_response_experiments/randaut/autcross/lcr-o3-SsZNQh' --small
Gathering statistics...

ltl2tgba_det.filt.hoa:26.1-128.7	X((Fp2 W Xp0) <-> (p2 <-> Fp3))
Running [A0]: autfilt '/home/xschwar3/telatko/concur_response_experiments/randaut/autcross/lcr-i1-86XI3h' > '/home/xschwar3/telatko/concur_response_experiments/randaut/autcross/lcr-o0-tgk95e'
Running [A1]: /home/xschwar3/telatko/telatko.py -F '/home/xschwar3/telatko/concur_response_experiments/randaut/autcross/lcr-i1-KPICbg' -T 30 -L 3 -I -G -O '/home/xschwar3/telatko/concur_response_experiments/randaut/autcross/lcr-o1-ZRdu4g'
Running [A2]: autfilt '/home/xschwar3/telatko/concur_response_experiments/randaut/autcross/lcr-i1-0p1Zsg' > '/home/xschwar3/telatko/concur_response_experiments/randaut/autcross/lcr-o2-9aLVQg' --simplify-acceptance
Running [A3]: autfilt '/home/xschwar3/telatko/concur_response_experiments/randaut/autcross/lcr-i1-0PJxZe' > '/home/xschwar3/telatko/concur_response_experiments/randaut/autcross/lcr-o3-qblBfh' --small
Gathering statistics...

ltl2tgba_det.filt.hoa:129.1-225.7	F((!p2 & F(Fp1 R p3)) | (p2 & G(G!p1 U !p3)))
Running [A0]: autfilt '/home/xschwar3/telatko/concur_response_experiments/randaut/autcross/lcr-i2-MCNmFh' > '/home/xschwar3/telatko/concur_response_experiments/randaut/autcross/lcr-o0-M1uZ8h'
Running [A1]: /home/xschwar3/telatko/telatko.py -F '/home/xschwar3/telatko/concur_response_experiments/randaut/autcross/lcr-i2-Utrvke' -T 30 -L 3 -I -G -O '/home/xschwar3/telatko/concur_response_experiments/randaut/autcross/lcr-o1-aioxHf'
Running [A2]: autfilt '/home/xschwar3/telatko/concur_response_experiments/randaut/autcross/lcr-i2-YN9H8g' > '/home/xschwar3/telatko/concur_response_experiments/randaut/autcross/lcr-o2-wPyVRg' --simplify-acceptance
Running [A3]: autfilt '/home/xschwar3/telatko/concur_response_experiments/randaut/autcross/lcr-i2-UL1dzg' > '/home/xschwar3/telatko/concur_response_experiments/randaut/autcross/lcr-o3-owUW5f' --small
Gathering statistics...

ltl2tgba_det.filt.hoa:226.1-273.7	X(!p3 <-> F((Fp2 & Gp3) | (G!p2 & F!p3)))
Running [A0]: autfilt '/home/xschwar3/telatko/concur_response_experiments/randaut/autcross/lcr-i3-rGENsh' > '/home/xschwar3/telatko/concur_response_experiments/randaut/autcross/lcr-o0-Xnl9vh'
Running [A1]: /home/xschwar3/telatko/telatko.py -F '/home/xschwar3/telatko/concur_response_experiments/randaut/autcross/lcr-i3-rkDJZd' -T 30 -L 3 -I -G -O '/home/xschwar3/telatko/concur_response_experiments/randaut/autcross/lcr-o1-Z7nPuh'
Running [A2]: autfilt '/home/xschwar3/telatko/concur_response_experiments/randaut/autcross/lcr-i3-KsSFci' > '/home/xschwar3/telatko/concur_response_experiments/randaut/autcross/lcr-o2-Ta5Clf' --simplify-acceptance
Running [A3]: autfilt '/home/xschwar3/telatko/concur_response_experiments/randaut/autcross/lcr-i3-ScDvyh' > '/home/xschwar3/telatko/concur_response_experiments/randaut/autcross/lcr-o3-N3o96d' --small
Gathering statistics...

ltl2tgba_det.filt.hoa:274.1-317.7	p0 | G(FGp0 U ((p2 | Gp3) R p3))
Running [A0]: autfilt '/home/xschwar3/telatko/concur_response_experiments/randaut/autcross/lcr-i4-2VS4Xe' > '/home/xschwar3/telatko/concur_response_experiments/randaut/autcross/lcr-o0-jhBk1g'
Running [A1]: /home/xschwar3/telatko/telatko.py -F '/home/xschwar3/telatko/concur_response_experiments/randaut/autcross/lcr-i4-5bE1Wf' -T 30 -L 3 -I -G -O '/home/xschwar3/telatko/concur_response_experiments/randaut/autcross/lcr-o1-luKvzd'
Running [A2]: autfilt '/home/xschwar3/telatko/concur_response_experiments/randaut/autcross/lcr-i4-Ra8XOg' > '/home/xschwar3/telatko/concur_response_experiments/randaut/autcross/lcr-o2-MYV62g' --simplify-acceptance
Running [A3]: autfilt '/home/xschwar3/telatko/concur_response_experiments/randaut/autcross/lcr-i4-KPStGf' > '/home/xschwar3/telatko/concur_response_experiments/randaut/autcross/lcr-o3-AHxyth' --small
Gathering statistics...

ltl2tgba_det.filt.hoa:318.1-350.7	F((p1 & GFp2) | (!p1 & FG!p2))
Running [A0]: autfilt '/home/xschwar3/telatko/concur_response_experiments/randaut/autcross/lcr-i5-rqM1Gh' > '/home/xschwar3/telatko/concur_response_experiments/randaut/autcross/lcr-o0-FCENgh'
Running [A1]: /home/xschwar3/telatko/telatko.py -F '/home/xschwar3/telatko/concur_response_experiments/randaut/autcross/lcr-i5-NWdYzh' -T 30 -L 3 -I -G -O '/home/xschwar3/telatko/concur_response_experiments/randaut/autcross/lcr-o1-zF1ckf'
Running [A2]: autfilt '/home/xschwar3/telatko/concur_response_experiments/randaut/autcross/lcr-i5-1I8sHg' > '/home/xschwar3/telatko/concur_response_experiments/randaut/autcross/lcr-o2-0f2hCh' --simplify-acceptance
Running [A3]: autfilt '/home/xschwar3/telatko/concur_response_experiments/randaut/autcross/lcr-i5-yM4yGd' > '/home/xschwar3/telatko/concur_response_experiments/randaut/autcross/lcr-o3-p0UIgg' --small
Gathering statistics...

ltl2tgba_det.filt.hoa:351.1-366.7	G(p3 M Fp1)
Running [A0]: autfilt '/home/xschwar3/telatko/concur_response_experiments/randaut/autcross/lcr-i6-uJLAPd' > '/home/xschwar3/telatko/concur_response_experiments/randaut/autcross/lcr-o0-V8SQKd'
Running [A1]: /home/xschwar3/telatko/telatko.py -F '/home/xschwar3/telatko/concur_response_experiments/randaut/autcross/lcr-i6-TYZr0g' -T 30 -L 3 -I -G -O '/home/xschwar3/telatko/concur_response_experiments/randaut/autcross/lcr-o1-FMlXWf'
Running [A2]: autfilt '/home/xschwar3/telatko/concur_response_experiments/randaut/autcross/lcr-i6-WxmNee' > '/home/xschwar3/telatko/concur_response_experiments/randaut/autcross/lcr-o2-ciEC9e' --simplify-acceptance
Running [A3]: autfilt '/home/xschwar3/telatko/concur_response_experiments/randaut/autcross/lcr-i6-5PLfRh' > '/home/xschwar3/telatko/concur_response_experiments/randaut/autcross/lcr-o3-PbzF2h' --small
Gathering statistics...

ltl2tgba_det.filt.hoa:367.1-395.7	(G!p1 M F!p3) R (p3 | Fp0)
Running [A0]: autfilt '/home/xschwar3/telatko/concur_response_experiments/randaut/autcross/lcr-i7-dV78Ph' > '/home/xschwar3/telatko/concur_response_experiments/randaut/autcross/lcr-o0-ywdYvh'
Running [A1]: /home/xschwar3/telatko/telatko.py -F '/home/xschwar3/telatko/concur_response_experiments/randaut/autcross/lcr-i7-pw6rEe' -T 30 -L 3 -I -G -O '/home/xschwar3/telatko/concur_response_experiments/randaut/autcross/lcr-o1-iqGE1f'
Running [A2]: autfilt '/home/xschwar3/telatko/concur_response_experiments/randaut/autcross/lcr-i7-rv6rth' > '/home/xschwar3/telatko/concur_response_experiments/randaut/autcross/lcr-o2-H3xdRh' --simplify-acceptance
Running [A3]: autfilt '/home/xschwar3/telatko/concur_response_experiments/randaut/autcross/lcr-i7-0EHvTg' > '/home/xschwar3/telatko/concur_response_experiments/randaut/autcross/lcr-o3-7KuhMe' --small
Gathering statistics...

ltl2tgba_det.filt.hoa:396.1-424.7	p2 R (G(F!p3 & FG!p0) R !p0)
Running [A0]: autfilt '/home/xschwar3/telatko/concur_response_experiments/randaut/autcross/lcr-i8-8pB6Pe' > '/home/xschwar3/telatko/concur_response_experiments/randaut/autcross/lcr-o0-7szVCe'
Running [A1]: /home/xschwar3/telatko/telatko.py -F '/home/xschwar3/telatko/concur_response_experiments/randaut/autcross/lcr-i8-chiSNh' -T 30 -L 3 -I -G -O '/home/xschwar3/telatko/concur_response_experiments/randaut/autcross/lcr-o1-tRRQ1d'
Running [A2]: autfilt '/home/xschwar3/telatko/concur_response_experiments/randaut/autcross/lcr-i8-AOVRlh' > '/home/xschwar3/telatko/concur_response_experiments/randaut/autcross/lcr-o2-CKRTAd' --simplify-acceptance
Running [A3]: autfilt '/home/xschwar3/telatko/concur_response_experiments/randaut/autcross/lcr-i8-OUioSh' > '/home/xschwar3/telatko/concur_response_experiments/randaut/autcross/lcr-o3-8NmR8d' --small
Gathering statistics...

ltl2tgba_det.filt.hoa:425.1-444.7	G(!p3 | (p1 U p0)) & GFp3
Running [A0]: autfilt '/home/xschwar3/telatko/concur_response_experiments/randaut/autcross/lcr-i9-93twof' > '/home/xschwar3/telatko/concur_response_experiments/randaut/autcross/lcr-o0-Cfn2Dg'
Running [A1]: /home/xschwar3/telatko/telatko.py -F '/home/xschwar3/telatko/concur_response_experiments/randaut/autcross/lcr-i9-hFQ7bg' -T 30 -L 3 -I -G -O '/home/xschwar3/telatko/concur_response_experiments/randaut/autcross/lcr-o1-9Tlryf'
Running [A2]: autfilt '/home/xschwar3/telatko/concur_response_experiments/randaut/autcross/lcr-i9-Z0PIwe' > '/home/xschwar3/telatko/concur_response_experiments/randaut/autcross/lcr-o2-24vBme' --simplify-acceptance
Running [A3]: autfilt '/home/xschwar3/telatko/concur_response_experiments/randaut/autcross/lcr-i9-xoTspe' > '/home/xschwar3/telatko/concur_response_experiments/randaut/autcross/lcr-o3-YdZgjf' --small
Gathering statistics...

ltl2tgba_det.filt.hoa:445.1-482.7	G(F(!p1 W !p0) & FG(p0 | (Fp0 U !p1)))
Running [A0]: autfilt '/home/xschwar3/telatko/concur_response_experiments/randaut/autcross/lcr-i10-LOoXme' > '/home/xschwar3/telatko/concur_response_experiments/randaut/autcross/lcr-o0-TtR9Uh'
Running [A1]: /home/xschwar3/telatko/telatko.py -F '/home/xschwar3/telatko/concur_response_experiments/randaut/autcross/lcr-i10-pZAM4e' -T 30 -L 3 -I -G -O '/home/xschwar3/telatko/concur_response_experiments/randaut/autcross/lcr-o1-LWsmTe'
Running [A2]: autfilt '/home/xschwar3/telatko/concur_response_experiments/randaut/autcross/lcr-i10-WpBDag' > '/home/xschwar3/telatko/concur_response_experiments/randaut/autcross/lcr-o2-sG5WYh' --simplify-acceptance
Running [A3]: autfilt '/home/xschwar3/telatko/concur_response_experiments/randaut/autcross/lcr-i10-TSPNfe' > '/home/xschwar3/telatko/concur_response_experiments/randaut/autcross/lcr-o3-k0LSnh' --small
Gathering statistics...

ltl2tgba_det.filt.hoa:483.1-559.7	F(!p2 & X(!p2 U (X!p0 & F!p3))) | FG(p1 M p2)
Running [A0]: autfilt '/home/xschwar3/telatko/concur_response_experiments/randaut/autcross/lcr-i11-wiyZOh' > '/home/xschwar3/telatko/concur_response_experiments/randaut/autcross/lcr-o0-ecgHTf'
Running [A1]: /home/xschwar3/telatko/telatko.py -F '/home/xschwar3/telatko/concur_response_experiments/randaut/autcross/lcr-i11-Bp3Wgf' -T 30 -L 3 -I -G -O '/home/xschwar3/telatko/concur_response_experiments/randaut/autcross/lcr-o1-hIzsWe'
Running [A2]: autfilt '/home/xschwar3/telatko/concur_response_experiments/randaut/autcross/lcr-i11-wM3vrg' > '/home/xschwar3/telatko/concur_response_experiments/randaut/autcross/lcr-o2-hOAUIh' --simplify-acceptance
Running [A3]: autfilt '/home/xschwar3/telatko/concur_response_experiments/randaut/autcross/lcr-i11-vk2Jpf' > '/home/xschwar3/telatko/concur_response_experiments/randaut/autcross/lcr-o3-g2UMAh' --small
Gathering statistics...

ltl2tgba_det.filt.hoa:560.1-618.7	G(Gp2 | F(!p2 & (!p3 W X!p1)))
Running [A0]: autfilt '/home/xschwar3/telatko/concur_response_experiments/randaut/autcross/lcr-i12-ko4DYf' > '/home/xschwar3/telatko/concur_response_experiments/randaut/autcross/lcr-o0-AEg6rg'
Running [A1]: /home/xschwar3/telatko/telatko.py -F '/home/xschwar3/telatko/concur_response_experiments/randaut/autcross/lcr-i12-VlPpQg' -T 30 -L 3 -I -G -O '/home/xschwar3/telatko/concur_response_experiments/randaut/autcross/lcr-o1-1jvgPf'
Running [A2]: autfilt '/home/xschwar3/telatko/concur_response_experiments/randaut/autcross/lcr-i12-KcveJe' > '/home/xschwar3/telatko/concur_response_experiments/randaut/autcross/lcr-o2-npntMe' --simplify-acceptance
Running [A3]: autfilt '/home/xschwar3/telatko/concur_response_experiments/randaut/autcross/lcr-i12-1xvTNf' > '/home/xschwar3/telatko/concur_response_experiments/randaut/autcross/lcr-o3-Hop9Ng' --small
Gathering statistics...

ltl2tgba_det.filt.hoa:619.1-639.7	(!p3 | GFp3) <-> FGp1
Running [A0]: autfilt '/home/xschwar3/telatko/concur_response_experiments/randaut/autcross/lcr-i13-XOwinh' > '/home/xschwar3/telatko/concur_response_experiments/randaut/autcross/lcr-o0-kYOzah'
Running [A1]: /home/xschwar3/telatko/telatko.py -F '/home/xschwar3/telatko/concur_response_experiments/randaut/autcross/lcr-i13-oYKTMf' -T 30 -L 3 -I -G -O '/home/xschwar3/telatko/concur_response_experiments/randaut/autcross/lcr-o1-VQPvQh'
Running [A2]: autfilt '/home/xschwar3/telatko/concur_response_experiments/randaut/autcross/lcr-i13-2u54Qf' > '/home/xschwar3/telatko/concur_response_experiments/randaut/autcross/lcr-o2-enrIhh' --simplify-acceptance
Running [A3]: autfilt '/home/xschwar3/telatko/concur_response_experiments/randaut/autcross/lcr-i13-Ol468d' > '/home/xschwar3/telatko/concur_response_experiments/randaut/autcross/lcr-o3-aZsW3e' --small
Gathering statistics...

ltl2tgba_det.filt.hoa:640.1-670.7	(p2 U p1) xor XG(!p1 | Fp2)
Running [A0]: autfilt '/home/xschwar3/telatko/concur_response_experiments/randaut/autcross/lcr-i14-3fgozd' > '/home/xschwar3/telatko/concur_response_experiments/randaut/autcross/lcr-o0-Ucnhth'
Running [A1]: /home/xschwar3/telatko/telatko.py -F '/home/xschwar3/telatko/concur_response_experiments/randaut/autcross/lcr-i14-dm7zLg' -T 30 -L 3 -I -G -O '/home/xschwar3/telatko/concur_response_experiments/randaut/autcross/lcr-o1-77rXWg'
Running [A2]: autfilt '/home/xschwar3/telatko/concur_response_experiments/randaut/autcross/lcr-i14-8acTKe' > '/home/xschwar3/telatko/concur_response_experiments/randaut/autcross/lcr-o2-bxH7uh' --simplify-acceptance
Running [A3]: autfilt '/home/xschwar3/telatko/concur_response_experiments/randaut/autcross/lcr-i14-6RqXae' > '/home/xschwar3/telatko/concur_response_experiments/randaut/autcross/lcr-o3-QEHEbh' --small
Gathering statistics...

ltl2tgba_det.filt.hoa:671.1-686.7	G(Fp1 & F!p0)
Running [A0]: autfilt '/home/xschwar3/telatko/concur_response_experiments/randaut/autcross/lcr-i15-a6xrFe' > '/home/xschwar3/telatko/concur_response_experiments/randaut/autcross/lcr-o0-ulgEHd'
Running [A1]: /home/xschwar3/telatko/telatko.py -F '/home/xschwar3/telatko/concur_response_experiments/randaut/autcross/lcr-i15-8nMUde' -T 30 -L 3 -I -G -O '/home/xschwar3/telatko/concur_response_experiments/randaut/autcross/lcr-o1-xLBULe'
Running [A2]: autfilt '/home/xschwar3/telatko/concur_response_experiments/randaut/autcross/lcr-i15-6SvkVh' > '/home/xschwar3/telatko/concur_response_experiments/randaut/autcross/lcr-o2-UMxApf' --simplify-acceptance
Running [A3]: autfilt '/home/xschwar3/telatko/concur_response_experiments/randaut/autcross/lcr-i15-vcFy5g' > '/home/xschwar3/telatko/concur_response_experiments/randaut/autcross/lcr-o3-TtotQh' --small
Gathering statistics...

ltl2tgba_det.filt.hoa:687.1-744.7	F(((p3 | X(p3 M p1)) & (F!p1 | FG!p0)) | (!p3 & Gp1 & GFp0 & X(!p3 W !p1)))
Running [A0]: autfilt '/home/xschwar3/telatko/concur_response_experiments/randaut/autcross/lcr-i16-Z9Fxqe' > '/home/xschwar3/telatko/concur_response_experiments/randaut/autcross/lcr-o0-QD7Ywd'
Running [A1]: /home/xschwar3/telatko/telatko.py -F '/home/xschwar3/telatko/concur_response_experiments/randaut/autcross/lcr-i16-Lhd7ve' -T 30 -L 3 -I -G -O '/home/xschwar3/telatko/concur_response_experiments/randaut/autcross/lcr-o1-rQiYsf'
Running [A2]: autfilt '/home/xschwar3/telatko/concur_response_experiments/randaut/autcross/lcr-i16-p27kkh' > '/home/xschwar3/telatko/concur_response_experiments/randaut/autcross/lcr-o2-wxyKWg' --simplify-acceptance
Running [A3]: autfilt '/home/xschwar3/telatko/concur_response_experiments/randaut/autcross/lcr-i16-1e5kdh' > '/home/xschwar3/telatko/concur_response_experiments/randaut/autcross/lcr-o3-5nqpUe' --small
Gathering statistics...

ltl2tgba_det.filt.hoa:745.1-761.7	Fp0 <-> GF!p1
Running [A0]: autfilt '/home/xschwar3/telatko/concur_response_experiments/randaut/autcross/lcr-i17-xka1If' > '/home/xschwar3/telatko/concur_response_experiments/randaut/autcross/lcr-o0-pV5tZg'
Running [A1]: /home/xschwar3/telatko/telatko.py -F '/home/xschwar3/telatko/concur_response_experiments/randaut/autcross/lcr-i17-6uma1d' -T 30 -L 3 -I -G -O '/home/xschwar3/telatko/concur_response_experiments/randaut/autcross/lcr-o1-dsGoSg'
Running [A2]: autfilt '/home/xschwar3/telatko/concur_response_experiments/randaut/autcross/lcr-i17-nbEH6d' > '/home/xschwar3/telatko/concur_response_experiments/randaut/autcross/lcr-o2-F0aYWg' --simplify-acceptance
Running [A3]: autfilt '/home/xschwar3/telatko/concur_response_experiments/randaut/autcross/lcr-i17-zkwo5d' > '/home/xschwar3/telatko/concur_response_experiments/randaut/autcross/lcr-o3-QW6hyf' --small
Gathering statistics...

ltl2tgba_det.filt.hoa:762.1-862.7	F((F!p0 & (Gp1 M ((p1 & !p3) | (!p1 & p3)))) | (Gp0 & (F!p1 W ((p1 & p3) | (!p1 & !p3)))))
Running [A0]: autfilt '/home/xschwar3/telatko/concur_response_experiments/randaut/autcross/lcr-i18-rnqbHd' > '/home/xschwar3/telatko/concur_response_experiments/randaut/autcross/lcr-o0-UvvWih'
Running [A1]: /home/xschwar3/telatko/telatko.py -F '/home/xschwar3/telatko/concur_response_experiments/randaut/autcross/lcr-i18-aVmv3d' -T 30 -L 3 -I -G -O '/home/xschwar3/telatko/concur_response_experiments/randaut/autcross/lcr-o1-0gYnff'
Running [A2]: autfilt '/home/xschwar3/telatko/concur_response_experiments/randaut/autcross/lcr-i18-Hvr72d' > '/home/xschwar3/telatko/concur_response_experiments/randaut/autcross/lcr-o2-S4Uqif' --simplify-acceptance
Running [A3]: autfilt '/home/xschwar3/telatko/concur_response_experiments/randaut/autcross/lcr-i18-bytiwe' > '/home/xschwar3/telatko/concur_response_experiments/randaut/autcross/lcr-o3-xyCRLd' --small
Gathering statistics...

ltl2tgba_det.filt.hoa:863.1-880.7	FG(p1 U p0)
Running [A0]: autfilt '/home/xschwar3/telatko/concur_response_experiments/randaut/autcross/lcr-i19-JXUihe' > '/home/xschwar3/telatko/concur_response_experiments/randaut/autcross/lcr-o0-28Ywkg'
Running [A1]: /home/xschwar3/telatko/telatko.py -F '/home/xschwar3/telatko/concur_response_experiments/randaut/autcross/lcr-i19-lDREog' -T 30 -L 3 -I -G -O '/home/xschwar3/telatko/concur_response_experiments/randaut/autcross/lcr-o1-rILLbf'
Running [A2]: autfilt '/home/xschwar3/telatko/concur_response_experiments/randaut/autcross/lcr-i19-fNVKLe' > '/home/xschwar3/telatko/concur_response_experiments/randaut/autcross/lcr-o2-Yi3W9f' --simplify-acceptance
Running [A3]: autfilt '/home/xschwar3/telatko/concur_response_experiments/randaut/autcross/lcr-i19-3AsW2g' > '/home/xschwar3/telatko/concur_response_experiments/randaut/autcross/lcr-o3-mdqLig' --small
Gathering statistics...

ltl2tgba_det.filt.hoa:881.1-904.7	!p0 <-> (p3 xor FGp1)
Running [A0]: autfilt '/home/xschwar3/telatko/concur_response_experiments/randaut/autcross/lcr-i20-IMWqje' > '/home/xschwar3/telatko/concur_response_experiments/randaut/autcross/lcr-o0-39uaVg'
Running [A1]: /home/xschwar3/telatko/telatko.py -F '/home/xschwar3/telatko/concur_response_experiments/randaut/autcross/lcr-i20-ATWWbi' -T 30 -L 3 -I -G -O '/home/xschwar3/telatko/concur_response_experiments/randaut/autcross/lcr-o1-N5Xote'
Running [A2]: autfilt '/home/xschwar3/telatko/concur_response_experiments/randaut/autcross/lcr-i20-lj1slh' > '/home/xschwar3/telatko/concur_response_experiments/randaut/autcross/lcr-o2-xzzX0d' --simplify-acceptance
Running [A3]: autfilt '/home/xschwar3/telatko/concur_response_experiments/randaut/autcross/lcr-i20-DvTj9d' > '/home/xschwar3/telatko/concur_response_experiments/randaut/autcross/lcr-o3-9bECoh' --small
Gathering statistics...

ltl2tgba_det.filt.hoa:905.1-943.7	p2 <-> (XGp3 | (p3 <-> FGp2))
Running [A0]: autfilt '/home/xschwar3/telatko/concur_response_experiments/randaut/autcross/lcr-i21-OjstKe' > '/home/xschwar3/telatko/concur_response_experiments/randaut/autcross/lcr-o0-7WtZ5d'
Running [A1]: /home/xschwar3/telatko/telatko.py -F '/home/xschwar3/telatko/concur_response_experiments/randaut/autcross/lcr-i21-1ulvmh' -T 30 -L 3 -I -G -O '/home/xschwar3/telatko/concur_response_experiments/randaut/autcross/lcr-o1-2lR3Yg'
Running [A2]: autfilt '/home/xschwar3/telatko/concur_response_experiments/randaut/autcross/lcr-i21-hioRkg' > '/home/xschwar3/telatko/concur_response_experiments/randaut/autcross/lcr-o2-HF4DCf' --simplify-acceptance
Running [A3]: autfilt '/home/xschwar3/telatko/concur_response_experiments/randaut/autcross/lcr-i21-BYRLhf' > '/home/xschwar3/telatko/concur_response_experiments/randaut/autcross/lcr-o3-H6PKJe' --small
Gathering statistics...

ltl2tgba_det.filt.hoa:944.1-1002.7	Gp3 <-> (!p3 W (Xp1 R Fp0))
Running [A0]: autfilt '/home/xschwar3/telatko/concur_response_experiments/randaut/autcross/lcr-i22-WT9Hme' > '/home/xschwar3/telatko/concur_response_experiments/randaut/autcross/lcr-o0-EjQAPf'
Running [A1]: /home/xschwar3/telatko/telatko.py -F '/home/xschwar3/telatko/concur_response_experiments/randaut/autcross/lcr-i22-OCDE2h' -T 30 -L 3 -I -G -O '/home/xschwar3/telatko/concur_response_experiments/randaut/autcross/lcr-o1-cG268g'
Running [A2]: autfilt '/home/xschwar3/telatko/concur_response_experiments/randaut/autcross/lcr-i22-68PKXh' > '/home/xschwar3/telatko/concur_response_experiments/randaut/autcross/lcr-o2-N1qvkf' --simplify-acceptance
Running [A3]: autfilt '/home/xschwar3/telatko/concur_response_experiments/randaut/autcross/lcr-i22-dQDtYg' > '/home/xschwar3/telatko/concur_response_experiments/randaut/autcross/lcr-o3-sCUvye' --small
Gathering statistics...

ltl2tgba_det.filt.hoa:1003.1-1019.7	Fp3 xor GF((p1 & X!p2) | (p1 & Xp2))
Running [A0]: autfilt '/home/xschwar3/telatko/concur_response_experiments/randaut/autcross/lcr-i23-THV58f' > '/home/xschwar3/telatko/concur_response_experiments/randaut/autcross/lcr-o0-fdIAug'
Running [A1]: /home/xschwar3/telatko/telatko.py -F '/home/xschwar3/telatko/concur_response_experiments/randaut/autcross/lcr-i23-0QyjSg' -T 30 -L 3 -I -G -O '/home/xschwar3/telatko/concur_response_experiments/randaut/autcross/lcr-o1-Qa8Smh'
Running [A2]: autfilt '/home/xschwar3/telatko/concur_response_experiments/randaut/autcross/lcr-i23-V0eFai' > '/home/xschwar3/telatko/concur_response_experiments/randaut/autcross/lcr-o2-RyiExe' --simplify-acceptance
Running [A3]: autfilt '/home/xschwar3/telatko/concur_response_experiments/randaut/autcross/lcr-i23-ePljye' > '/home/xschwar3/telatko/concur_response_experiments/randaut/autcross/lcr-o3-iriulf' --small
Gathering statistics...

ltl2tgba_det.filt.hoa:1020.1-1042.7	p1 <-> F(GFp3 | G(!p0 | !p1))
Running [A0]: autfilt '/home/xschwar3/telatko/concur_response_experiments/randaut/autcross/lcr-i24-svg3yg' > '/home/xschwar3/telatko/concur_response_experiments/randaut/autcross/lcr-o0-IAgGWg'
Running [A1]: /home/xschwar3/telatko/telatko.py -F '/home/xschwar3/telatko/concur_response_experiments/randaut/autcross/lcr-i24-b8dUdg' -T 30 -L 3 -I -G -O '/home/xschwar3/telatko/concur_response_experiments/randaut/autcross/lcr-o1-NHmIyg'
Running [A2]: autfilt '/home/xschwar3/telatko/concur_response_experiments/randaut/autcross/lcr-i24-YaWi3f' > '/home/xschwar3/telatko/concur_response_experiments/randaut/autcross/lcr-o2-wY12Vg' --simplify-acceptance
Running [A3]: autfilt '/home/xschwar3/telatko/concur_response_experiments/randaut/autcross/lcr-i24-494Wfh' > '/home/xschwar3/telatko/concur_response_experiments/randaut/autcross/lcr-o3-j5Jktg' --small
Gathering statistics...

ltl2tgba_det.filt.hoa:1043.1-1250.7	GF(p3 & X((Gp2 & (p1 M p3)) | (F!p2 & (!p1 W !p3))))
Running [A0]: autfilt '/home/xschwar3/telatko/concur_response_experiments/randaut/autcross/lcr-i25-YsJbde' > '/home/xschwar3/telatko/concur_response_experiments/randaut/autcross/lcr-o0-S9MOnh'
Running [A1]: /home/xschwar3/telatko/telatko.py -F '/home/xschwar3/telatko/concur_response_experiments/randaut/autcross/lcr-i25-r6urNh' -T 30 -L 3 -I -G -O '/home/xschwar3/telatko/concur_response_experiments/randaut/autcross/lcr-o1-4MP4Of'
Running [A2]: autfilt '/home/xschwar3/telatko/concur_response_experiments/randaut/autcross/lcr-i25-5d9A4g' > '/home/xschwar3/telatko/concur_response_experiments/randaut/autcross/lcr-o2-ziiYJh' --simplify-acceptance
Running [A3]: autfilt '/home/xschwar3/telatko/concur_response_experiments/randaut/autcross/lcr-i25-wBIaDg' > '/home/xschwar3/telatko/concur_response_experiments/randaut/autcross/lcr-o3-UP9Pgh' --small
Gathering statistics...

ltl2tgba_det.filt.hoa:1251.1-1302.7	Fp1 R ((FGp2 & Gp0) | (F!p0 & GF!p2))
Running [A0]: autfilt '/home/xschwar3/telatko/concur_response_experiments/randaut/autcross/lcr-i26-07wKSg' > '/home/xschwar3/telatko/concur_response_experiments/randaut/autcross/lcr-o0-njbI9g'
Running [A1]: /home/xschwar3/telatko/telatko.py -F '/home/xschwar3/telatko/concur_response_experiments/randaut/autcross/lcr-i26-vyf5fe' -T 30 -L 3 -I -G -O '/home/xschwar3/telatko/concur_response_experiments/randaut/autcross/lcr-o1-b9qnqe'
Running [A2]: autfilt '/home/xschwar3/telatko/concur_response_experiments/randaut/autcross/lcr-i26-WtNtOh' > '/home/xschwar3/telatko/concur_response_experiments/randaut/autcross/lcr-o2-noEiJg' --simplify-acceptance
Running [A3]: autfilt '/home/xschwar3/telatko/concur_response_experiments/randaut/autcross/lcr-i26-kBQsYh' > '/home/xschwar3/telatko/concur_response_experiments/randaut/autcross/lcr-o3-AGA21f' --small
Gathering statistics...

ltl2tgba_det.filt.hoa:1303.1-1322.7	GF((p2 & p3) | (!p0 & p2) | (p2 & X((!p0 | p3) R p0)))
Running [A0]: autfilt '/home/xschwar3/telatko/concur_response_experiments/randaut/autcross/lcr-i27-eA48ph' > '/home/xschwar3/telatko/concur_response_experiments/randaut/autcross/lcr-o0-JhfDkf'
Running [A1]: /home/xschwar3/telatko/telatko.py -F '/home/xschwar3/telatko/concur_response_experiments/randaut/autcross/lcr-i27-4yWdpe' -T 30 -L 3 -I -G -O '/home/xschwar3/telatko/concur_response_experiments/randaut/autcross/lcr-o1-m58l5h'
Running [A2]: autfilt '/home/xschwar3/telatko/concur_response_experiments/randaut/autcross/lcr-i27-2TU6kg' > '/home/xschwar3/telatko/concur_response_experiments/randaut/autcross/lcr-o2-VjDnRf' --simplify-acceptance
Running [A3]: autfilt '/home/xschwar3/telatko/concur_response_experiments/randaut/autcross/lcr-i27-nMK4dh' > '/home/xschwar3/telatko/concur_response_experiments/randaut/autcross/lcr-o3-cgd1Lg' --small
Gathering statistics...

ltl2tgba_det.filt.hoa:1323.1-1347.7	(p3 xor Fp1) & G(F!p1 & FG!p0)
Running [A0]: autfilt '/home/xschwar3/telatko/concur_response_experiments/randaut/autcross/lcr-i28-3hPKGg' > '/home/xschwar3/telatko/concur_response_experiments/randaut/autcross/lcr-o0-BhEgUd'
Running [A1]: /home/xschwar3/telatko/telatko.py -F '/home/xschwar3/telatko/concur_response_experiments/randaut/autcross/lcr-i28-m6z33f' -T 30 -L 3 -I -G -O '/home/xschwar3/telatko/concur_response_experiments/randaut/autcross/lcr-o1-7jSB6g'
Running [A2]: autfilt '/home/xschwar3/telatko/concur_response_experiments/randaut/autcross/lcr-i28-KoeFKe' > '/home/xschwar3/telatko/concur_response_experiments/randaut/autcross/lcr-o2-Lkahef' --simplify-acceptance
Running [A3]: autfilt '/home/xschwar3/telatko/concur_response_experiments/randaut/autcross/lcr-i28-YdCnif' > '/home/xschwar3/telatko/concur_response_experiments/randaut/autcross/lcr-o3-J58SCf' --small
Gathering statistics...

ltl2tgba_det.filt.hoa:1348.1-1370.7	G((!p1 M p2) | (!p2 M FGp1))
Running [A0]: autfilt '/home/xschwar3/telatko/concur_response_experiments/randaut/autcross/lcr-i29-CYl45f' > '/home/xschwar3/telatko/concur_response_experiments/randaut/autcross/lcr-o0-21EeCh'
Running [A1]: /home/xschwar3/telatko/telatko.py -F '/home/xschwar3/telatko/concur_response_experiments/randaut/autcross/lcr-i29-qKEZAf' -T 30 -L 3 -I -G -O '/home/xschwar3/telatko/concur_response_experiments/randaut/autcross/lcr-o1-MJ4Ome'
Running [A2]: autfilt '/home/xschwar3/telatko/concur_response_experiments/randaut/autcross/lcr-i29-HOuYFf' > '/home/xschwar3/telatko/concur_response_experiments/randaut/autcross/lcr-o2-WB9Uqh' --simplify-acceptance
Running [A3]: autfilt '/home/xschwar3/telatko/concur_response_experiments/randaut/autcross/lcr-i29-IMO6gh' > '/home/xschwar3/telatko/concur_response_experiments/randaut/autcross/lcr-o3-5LJwsg' --small
Gathering statistics...

ltl2tgba_det.filt.hoa:1371.1-1401.7	p2 xor (FGp0 U Gp3)
Running [A0]: autfilt '/home/xschwar3/telatko/concur_response_experiments/randaut/autcross/lcr-i30-dnZYze' > '/home/xschwar3/telatko/concur_response_experiments/randaut/autcross/lcr-o0-EsxTnf'
Running [A1]: /home/xschwar3/telatko/telatko.py -F '/home/xschwar3/telatko/concur_response_experiments/randaut/autcross/lcr-i30-8Zdhgg' -T 30 -L 3 -I -G -O '/home/xschwar3/telatko/concur_response_experiments/randaut/autcross/lcr-o1-VTVALh'
Running [A2]: autfilt '/home/xschwar3/telatko/concur_response_experiments/randaut/autcross/lcr-i30-mM8Ple' > '/home/xschwar3/telatko/concur_response_experiments/randaut/autcross/lcr-o2-RUHSke' --simplify-acceptance
Running [A3]: autfilt '/home/xschwar3/telatko/concur_response_experiments/randaut/autcross/lcr-i30-178xkh' > '/home/xschwar3/telatko/concur_response_experiments/randaut/autcross/lcr-o3-AtkG8e' --small
Gathering statistics...

ltl2tgba_det.filt.hoa:1402.1-1569.7	(!p2 | GFp1) U ((Gp3 R p2) W Gp0)
Running [A0]: autfilt '/home/xschwar3/telatko/concur_response_experiments/randaut/autcross/lcr-i31-7VtrDg' > '/home/xschwar3/telatko/concur_response_experiments/randaut/autcross/lcr-o0-3qXk2f'
Running [A1]: /home/xschwar3/telatko/telatko.py -F '/home/xschwar3/telatko/concur_response_experiments/randaut/autcross/lcr-i31-kddegf' -T 30 -L 3 -I -G -O '/home/xschwar3/telatko/concur_response_experiments/randaut/autcross/lcr-o1-Ct5J6d'
Running [A2]: autfilt '/home/xschwar3/telatko/concur_response_experiments/randaut/autcross/lcr-i31-Y9IAPf' > '/home/xschwar3/telatko/concur_response_experiments/randaut/autcross/lcr-o2-5JecPh' --simplify-acceptance
Running [A3]: autfilt '/home/xschwar3/telatko/concur_response_experiments/randaut/autcross/lcr-i31-CsCiPf' > '/home/xschwar3/telatko/concur_response_experiments/randaut/autcross/lcr-o3-bk0qYd' --small
Gathering statistics...

ltl2tgba_det.filt.hoa:1570.1-1651.7	(p2 U p1) <-> (p0 xor F((p2 & Gp0) | (!p2 & F!p0)))
Running [A0]: autfilt '/home/xschwar3/telatko/concur_response_experiments/randaut/autcross/lcr-i32-NVdi9f' > '/home/xschwar3/telatko/concur_response_experiments/randaut/autcross/lcr-o0-iTwTZg'
Running [A1]: /home/xschwar3/telatko/telatko.py -F '/home/xschwar3/telatko/concur_response_experiments/randaut/autcross/lcr-i32-Fuftbe' -T 30 -L 3 -I -G -O '/home/xschwar3/telatko/concur_response_experiments/randaut/autcross/lcr-o1-V5iMle'
Running [A2]: autfilt '/home/xschwar3/telatko/concur_response_experiments/randaut/autcross/lcr-i32-lu3N7g' > '/home/xschwar3/telatko/concur_response_experiments/randaut/autcross/lcr-o2-dW3v7d' --simplify-acceptance
Running [A3]: autfilt '/home/xschwar3/telatko/concur_response_experiments/randaut/autcross/lcr-i32-j8grph' > '/home/xschwar3/telatko/concur_response_experiments/randaut/autcross/lcr-o3-GgbK4f' --small
Gathering statistics...

ltl2tgba_det.filt.hoa:1652.1-1684.7	F((!p1 & GF!p3) | (p1 & FGp3))
Running [A0]: autfilt '/home/xschwar3/telatko/concur_response_experiments/randaut/autcross/lcr-i33-372lHh' > '/home/xschwar3/telatko/concur_response_experiments/randaut/autcross/lcr-o0-u5ZKRh'
Running [A1]: /home/xschwar3/telatko/telatko.py -F '/home/xschwar3/telatko/concur_response_experiments/randaut/autcross/lcr-i33-ZRdNIh' -T 30 -L 3 -I -G -O '/home/xschwar3/telatko/concur_response_experiments/randaut/autcross/lcr-o1-go181f'
Running [A2]: autfilt '/home/xschwar3/telatko/concur_response_experiments/randaut/autcross/lcr-i33-0zkBve' > '/home/xschwar3/telatko/concur_response_experiments/randaut/autcross/lcr-o2-amSHPd' --simplify-acceptance
Running [A3]: autfilt '/home/xschwar3/telatko/concur_response_experiments/randaut/autcross/lcr-i33-W5a42g' > '/home/xschwar3/telatko/concur_response_experiments/randaut/autcross/lcr-o3-DdTL6e' --small
Gathering statistics...

ltl2tgba_det.filt.hoa:1685.1-1710.7	F((p0 & GF((p1 & ((p0 & p2) | (!p0 & !p2))) | (!p1 & ((p0 & !p2) | (!p0 & p2))))) R p1)
Running [A0]: autfilt '/home/xschwar3/telatko/concur_response_experiments/randaut/autcross/lcr-i34-vt9mUf' > '/home/xschwar3/telatko/concur_response_experiments/randaut/autcross/lcr-o0-8KAqUf'
Running [A1]: /home/xschwar3/telatko/telatko.py -F '/home/xschwar3/telatko/concur_response_experiments/randaut/autcross/lcr-i34-oGUlke' -T 30 -L 3 -I -G -O '/home/xschwar3/telatko/concur_response_experiments/randaut/autcross/lcr-o1-815M6d'
Running [A2]: autfilt '/home/xschwar3/telatko/concur_response_experiments/randaut/autcross/lcr-i34-qCgeJd' > '/home/xschwar3/telatko/concur_response_experiments/randaut/autcross/lcr-o2-i0S8Qd' --simplify-acceptance
Running [A3]: autfilt '/home/xschwar3/telatko/concur_response_experiments/randaut/autcross/lcr-i34-gFQcRg' > '/home/xschwar3/telatko/concur_response_experiments/randaut/autcross/lcr-o3-4dMGfg' --small
Gathering statistics...

ltl2tgba_det.filt.hoa:1711.1-1737.7	FG(p3 M p1) | XXF((p1 & p2) | (!p1 & !p2))
Running [A0]: autfilt '/home/xschwar3/telatko/concur_response_experiments/randaut/autcross/lcr-i35-hZLTSe' > '/home/xschwar3/telatko/concur_response_experiments/randaut/autcross/lcr-o0-JZsIoe'
Running [A1]: /home/xschwar3/telatko/telatko.py -F '/home/xschwar3/telatko/concur_response_experiments/randaut/autcross/lcr-i35-d82cQg' -T 30 -L 3 -I -G -O '/home/xschwar3/telatko/concur_response_experiments/randaut/autcross/lcr-o1-zOi3fe'
Running [A2]: autfilt '/home/xschwar3/telatko/concur_response_experiments/randaut/autcross/lcr-i35-HG6GPd' > '/home/xschwar3/telatko/concur_response_experiments/randaut/autcross/lcr-o2-T86LIh' --simplify-acceptance
Running [A3]: autfilt '/home/xschwar3/telatko/concur_response_experiments/randaut/autcross/lcr-i35-6o5lvg' > '/home/xschwar3/telatko/concur_response_experiments/randaut/autcross/lcr-o3-18qeTe' --small
Gathering statistics...

ltl2tgba_det.filt.hoa:1738.1-1753.7	G(p0 M Fp3)
Running [A0]: autfilt '/home/xschwar3/telatko/concur_response_experiments/randaut/autcross/lcr-i36-WBExpe' > '/home/xschwar3/telatko/concur_response_experiments/randaut/autcross/lcr-o0-3XtfXd'
Running [A1]: /home/xschwar3/telatko/telatko.py -F '/home/xschwar3/telatko/concur_response_experiments/randaut/autcross/lcr-i36-uvFaje' -T 30 -L 3 -I -G -O '/home/xschwar3/telatko/concur_response_experiments/randaut/autcross/lcr-o1-Nm2dDd'
Running [A2]: autfilt '/home/xschwar3/telatko/concur_response_experiments/randaut/autcross/lcr-i36-HhjuEh' > '/home/xschwar3/telatko/concur_response_experiments/randaut/autcross/lcr-o2-Dkpale' --simplify-acceptance
Running [A3]: autfilt '/home/xschwar3/telatko/concur_response_experiments/randaut/autcross/lcr-i36-0ov06d' > '/home/xschwar3/telatko/concur_response_experiments/randaut/autcross/lcr-o3-Uw6psg' --small
Gathering statistics...

ltl2tgba_det.filt.hoa:1754.1-1768.7	G(FG!p1 & F(!p1 & ((p0 & p1) | (!p0 & !p1))))
Running [A0]: autfilt '/home/xschwar3/telatko/concur_response_experiments/randaut/autcross/lcr-i37-3s1Wzg' > '/home/xschwar3/telatko/concur_response_experiments/randaut/autcross/lcr-o0-u5UQsf'
Running [A1]: /home/xschwar3/telatko/telatko.py -F '/home/xschwar3/telatko/concur_response_experiments/randaut/autcross/lcr-i37-RUmS8g' -T 30 -L 3 -I -G -O '/home/xschwar3/telatko/concur_response_experiments/randaut/autcross/lcr-o1-cFufRh'
Running [A2]: autfilt '/home/xschwar3/telatko/concur_response_experiments/randaut/autcross/lcr-i37-qMJGwg' > '/home/xschwar3/telatko/concur_response_experiments/randaut/autcross/lcr-o2-NExQBf' --simplify-acceptance
Running [A3]: autfilt '/home/xschwar3/telatko/concur_response_experiments/randaut/autcross/lcr-i37-rzZilf' > '/home/xschwar3/telatko/concur_response_experiments/randaut/autcross/lcr-o3-1FuDOg' --small
Gathering statistics...

ltl2tgba_det.filt.hoa:1769.1-1793.7	G((p0 M G(p0 U p3)) M X!p2)
Running [A0]: autfilt '/home/xschwar3/telatko/concur_response_experiments/randaut/autcross/lcr-i38-3xGVOd' > '/home/xschwar3/telatko/concur_response_experiments/randaut/autcross/lcr-o0-wTFOif'
Running [A1]: /home/xschwar3/telatko/telatko.py -F '/home/xschwar3/telatko/concur_response_experiments/randaut/autcross/lcr-i38-UCTT5h' -T 30 -L 3 -I -G -O '/home/xschwar3/telatko/concur_response_experiments/randaut/autcross/lcr-o1-ILSvrh'
Running [A2]: autfilt '/home/xschwar3/telatko/concur_response_experiments/randaut/autcross/lcr-i38-78zS6d' > '/home/xschwar3/telatko/concur_response_experiments/randaut/autcross/lcr-o2-fOXg9d' --simplify-acceptance
Running [A3]: autfilt '/home/xschwar3/telatko/concur_response_experiments/randaut/autcross/lcr-i38-bvSl4f' > '/home/xschwar3/telatko/concur_response_experiments/randaut/autcross/lcr-o3-3YprWd' --small
Gathering statistics...

ltl2tgba_det.filt.hoa:1794.1-1829.7	G((!p2 & X(!p2 W !p0)) M F!p3)
Running [A0]: autfilt '/home/xschwar3/telatko/concur_response_experiments/randaut/autcross/lcr-i39-blgmEg' > '/home/xschwar3/telatko/concur_response_experiments/randaut/autcross/lcr-o0-6yKJXg'
Running [A1]: /home/xschwar3/telatko/telatko.py -F '/home/xschwar3/telatko/concur_response_experiments/randaut/autcross/lcr-i39-4zXMPf' -T 30 -L 3 -I -G -O '/home/xschwar3/telatko/concur_response_experiments/randaut/autcross/lcr-o1-9k7nwe'
Running [A2]: autfilt '/home/xschwar3/telatko/concur_response_experiments/randaut/autcross/lcr-i39-jjaq6e' > '/home/xschwar3/telatko/concur_response_experiments/randaut/autcross/lcr-o2-5031Le' --simplify-acceptance
Running [A3]: autfilt '/home/xschwar3/telatko/concur_response_experiments/randaut/autcross/lcr-i39-xQ578e' > '/home/xschwar3/telatko/concur_response_experiments/randaut/autcross/lcr-o3-K83DUh' --small
Gathering statistics...

ltl2tgba_det.filt.hoa:1830.1-1859.7	GFp1 U (Gp2 M p0)
Running [A0]: autfilt '/home/xschwar3/telatko/concur_response_experiments/randaut/autcross/lcr-i40-kCWHIg' > '/home/xschwar3/telatko/concur_response_experiments/randaut/autcross/lcr-o0-St8E5h'
Running [A1]: /home/xschwar3/telatko/telatko.py -F '/home/xschwar3/telatko/concur_response_experiments/randaut/autcross/lcr-i40-f0hrTd' -T 30 -L 3 -I -G -O '/home/xschwar3/telatko/concur_response_experiments/randaut/autcross/lcr-o1-tIlIMd'
Running [A2]: autfilt '/home/xschwar3/telatko/concur_response_experiments/randaut/autcross/lcr-i40-FIJj0g' > '/home/xschwar3/telatko/concur_response_experiments/randaut/autcross/lcr-o2-1LR60f' --simplify-acceptance
Running [A3]: autfilt '/home/xschwar3/telatko/concur_response_experiments/randaut/autcross/lcr-i40-8k97Qe' > '/home/xschwar3/telatko/concur_response_experiments/randaut/autcross/lcr-o3-9sGX0d' --small
Gathering statistics...

ltl2tgba_det.filt.hoa:1860.1-1896.7	Gp3 xor (GFp0 & XXp0)
Running [A0]: autfilt '/home/xschwar3/telatko/concur_response_experiments/randaut/autcross/lcr-i41-TEXcLe' > '/home/xschwar3/telatko/concur_response_experiments/randaut/autcross/lcr-o0-m8CAUh'
Running [A1]: /home/xschwar3/telatko/telatko.py -F '/home/xschwar3/telatko/concur_response_experiments/randaut/autcross/lcr-i41-ZBnlTd' -T 30 -L 3 -I -G -O '/home/xschwar3/telatko/concur_response_experiments/randaut/autcross/lcr-o1-lCeNNd'
Running [A2]: autfilt '/home/xschwar3/telatko/concur_response_experiments/randaut/autcross/lcr-i41-Bw1vxd' > '/home/xschwar3/telatko/concur_response_experiments/randaut/autcross/lcr-o2-rAttif' --simplify-acceptance
Running [A3]: autfilt '/home/xschwar3/telatko/concur_response_experiments/randaut/autcross/lcr-i41-Q1VHyg' > '/home/xschwar3/telatko/concur_response_experiments/randaut/autcross/lcr-o3-GjUWYe' --small
Gathering statistics...

ltl2tgba_det.filt.hoa:1897.1-1911.7	F(Gp2 | GFp0)
Running [A0]: autfilt '/home/xschwar3/telatko/concur_response_experiments/randaut/autcross/lcr-i42-3AIjdh' > '/home/xschwar3/telatko/concur_response_experiments/randaut/autcross/lcr-o0-Uhodlh'
Running [A1]: /home/xschwar3/telatko/telatko.py -F '/home/xschwar3/telatko/concur_response_experiments/randaut/autcross/lcr-i42-YQqHdh' -T 30 -L 3 -I -G -O '/home/xschwar3/telatko/concur_response_experiments/randaut/autcross/lcr-o1-rfIoZg'
Running [A2]: autfilt '/home/xschwar3/telatko/concur_response_experiments/randaut/autcross/lcr-i42-WoBsHd' > '/home/xschwar3/telatko/concur_response_experiments/randaut/autcross/lcr-o2-f4Iz2g' --simplify-acceptance
Running [A3]: autfilt '/home/xschwar3/telatko/concur_response_experiments/randaut/autcross/lcr-i42-8XhMgf' > '/home/xschwar3/telatko/concur_response_experiments/randaut/autcross/lcr-o3-kRqNIe' --small
Gathering statistics...

ltl2tgba_det.filt.hoa:1912.1-1938.7	FGp0 | (Fp3 W p2)
Running [A0]: autfilt '/home/xschwar3/telatko/concur_response_experiments/randaut/autcross/lcr-i43-rHSy9g' > '/home/xschwar3/telatko/concur_response_experiments/randaut/autcross/lcr-o0-LRc2Gd'
Running [A1]: /home/xschwar3/telatko/telatko.py -F '/home/xschwar3/telatko/concur_response_experiments/randaut/autcross/lcr-i43-jkpQZg' -T 30 -L 3 -I -G -O '/home/xschwar3/telatko/concur_response_experiments/randaut/autcross/lcr-o1-J8eTBf'
Running [A2]: autfilt '/home/xschwar3/telatko/concur_response_experiments/randaut/autcross/lcr-i43-KRPc2f' > '/home/xschwar3/telatko/concur_response_experiments/randaut/autcross/lcr-o2-WPb47f' --simplify-acceptance
Running [A3]: autfilt '/home/xschwar3/telatko/concur_response_experiments/randaut/autcross/lcr-i43-jdz4he' > '/home/xschwar3/telatko/concur_response_experiments/randaut/autcross/lcr-o3-H31vYf' --small
Gathering statistics...

No problem detected.
