ltl2tgba.hoa:1.1-55.7	Xp1 R ((Gp1 R p2) W p3)
Running [A0]: autfilt '/home/xschwar3/telatko/concur_response_experiments/randaut/autcross/lcr-i0-1HNQ2f' > '/home/xschwar3/telatko/concur_response_experiments/randaut/autcross/lcr-o0-vgkeGi'
Running [A1]: /home/xschwar3/telatko/telatko.py -F '/home/xschwar3/telatko/concur_response_experiments/randaut/autcross/lcr-i0-eyKfVf' -T 30 -L 3 -I -G -O '/home/xschwar3/telatko/concur_response_experiments/randaut/autcross/lcr-o1-RVoBFh'
Running [A2]: autfilt '/home/xschwar3/telatko/concur_response_experiments/randaut/autcross/lcr-i0-bP6x8f' > '/home/xschwar3/telatko/concur_response_experiments/randaut/autcross/lcr-o2-ptuH2h' --simplify-acceptance
Running [A3]: autfilt '/home/xschwar3/telatko/concur_response_experiments/randaut/autcross/lcr-i0-o2ucdj' > '/home/xschwar3/telatko/concur_response_experiments/randaut/autcross/lcr-o3-5sjnwg' --small
Gathering statistics...

ltl2tgba.hoa:56.1-75.7	Fp3 | G!p2
Running [A0]: autfilt '/home/xschwar3/telatko/concur_response_experiments/randaut/autcross/lcr-i1-4FIJbj' > '/home/xschwar3/telatko/concur_response_experiments/randaut/autcross/lcr-o0-VSoPqh'
Running [A1]: /home/xschwar3/telatko/telatko.py -F '/home/xschwar3/telatko/concur_response_experiments/randaut/autcross/lcr-i1-Q3Eczh' -T 30 -L 3 -I -G -O '/home/xschwar3/telatko/concur_response_experiments/randaut/autcross/lcr-o1-kYlsUi'
Running [A2]: autfilt '/home/xschwar3/telatko/concur_response_experiments/randaut/autcross/lcr-i1-6qSJWh' > '/home/xschwar3/telatko/concur_response_experiments/randaut/autcross/lcr-o2-Tn0slh' --simplify-acceptance
Running [A3]: autfilt '/home/xschwar3/telatko/concur_response_experiments/randaut/autcross/lcr-i1-RTGjLf' > '/home/xschwar3/telatko/concur_response_experiments/randaut/autcross/lcr-o3-EOyRSe' --small
Gathering statistics...

ltl2tgba.hoa:76.1-88.7	1
Running [A0]: autfilt '/home/xschwar3/telatko/concur_response_experiments/randaut/autcross/lcr-i2-jVzbXh' > '/home/xschwar3/telatko/concur_response_experiments/randaut/autcross/lcr-o0-wkFMGi'
Running [A1]: /home/xschwar3/telatko/telatko.py -F '/home/xschwar3/telatko/concur_response_experiments/randaut/autcross/lcr-i2-ysBdzf' -T 30 -L 3 -I -G -O '/home/xschwar3/telatko/concur_response_experiments/randaut/autcross/lcr-o1-GnmA8f'
Running [A2]: autfilt '/home/xschwar3/telatko/concur_response_experiments/randaut/autcross/lcr-i2-E07Rzh' > '/home/xschwar3/telatko/concur_response_experiments/randaut/autcross/lcr-o2-i5C36i' --simplify-acceptance
Running [A3]: autfilt '/home/xschwar3/telatko/concur_response_experiments/randaut/autcross/lcr-i2-LHsgxh' > '/home/xschwar3/telatko/concur_response_experiments/randaut/autcross/lcr-o3-UsrXJf' --small
Gathering statistics...

ltl2tgba.hoa:89.1-105.7	F(p0 R p1)
Running [A0]: autfilt '/home/xschwar3/telatko/concur_response_experiments/randaut/autcross/lcr-i3-i0fAIf' > '/home/xschwar3/telatko/concur_response_experiments/randaut/autcross/lcr-o0-Qi3yZf'
Running [A1]: /home/xschwar3/telatko/telatko.py -F '/home/xschwar3/telatko/concur_response_experiments/randaut/autcross/lcr-i3-cJRD9f' -T 30 -L 3 -I -G -O '/home/xschwar3/telatko/concur_response_experiments/randaut/autcross/lcr-o1-FzAFdf'
Running [A2]: autfilt '/home/xschwar3/telatko/concur_response_experiments/randaut/autcross/lcr-i3-z2fVYh' > '/home/xschwar3/telatko/concur_response_experiments/randaut/autcross/lcr-o2-wNcM1i' --simplify-acceptance
Running [A3]: autfilt '/home/xschwar3/telatko/concur_response_experiments/randaut/autcross/lcr-i3-HB5Maj' > '/home/xschwar3/telatko/concur_response_experiments/randaut/autcross/lcr-o3-x82CNe' --small
Gathering statistics...

ltl2tgba.hoa:106.1-131.7	(FGp2 R !p2) | GFp1
Running [A0]: autfilt '/home/xschwar3/telatko/concur_response_experiments/randaut/autcross/lcr-i4-xSHGqg' > '/home/xschwar3/telatko/concur_response_experiments/randaut/autcross/lcr-o0-fpTJti'
Running [A1]: /home/xschwar3/telatko/telatko.py -F '/home/xschwar3/telatko/concur_response_experiments/randaut/autcross/lcr-i4-jVMTJg' -T 30 -L 3 -I -G -O '/home/xschwar3/telatko/concur_response_experiments/randaut/autcross/lcr-o1-5YS5ui'
Running [A2]: autfilt '/home/xschwar3/telatko/concur_response_experiments/randaut/autcross/lcr-i4-bgGasi' > '/home/xschwar3/telatko/concur_response_experiments/randaut/autcross/lcr-o2-7DJV8h' --simplify-acceptance
Running [A3]: autfilt '/home/xschwar3/telatko/concur_response_experiments/randaut/autcross/lcr-i4-DExT4e' > '/home/xschwar3/telatko/concur_response_experiments/randaut/autcross/lcr-o3-l6dgKg' --small
Gathering statistics...

ltl2tgba.hoa:132.1-151.7	X(p3 & X(p3 W !p0))
Running [A0]: autfilt '/home/xschwar3/telatko/concur_response_experiments/randaut/autcross/lcr-i5-rbpvsi' > '/home/xschwar3/telatko/concur_response_experiments/randaut/autcross/lcr-o0-qdM1dg'
Running [A1]: /home/xschwar3/telatko/telatko.py -F '/home/xschwar3/telatko/concur_response_experiments/randaut/autcross/lcr-i5-RcB6yg' -T 30 -L 3 -I -G -O '/home/xschwar3/telatko/concur_response_experiments/randaut/autcross/lcr-o1-NVLE5f'
Running [A2]: autfilt '/home/xschwar3/telatko/concur_response_experiments/randaut/autcross/lcr-i5-v1mqrg' > '/home/xschwar3/telatko/concur_response_experiments/randaut/autcross/lcr-o2-00vRrh' --simplify-acceptance
Running [A3]: autfilt '/home/xschwar3/telatko/concur_response_experiments/randaut/autcross/lcr-i5-6fLGrh' > '/home/xschwar3/telatko/concur_response_experiments/randaut/autcross/lcr-o3-K8mPch' --small
Gathering statistics...

ltl2tgba.hoa:152.1-167.7	Fp3
Running [A0]: autfilt '/home/xschwar3/telatko/concur_response_experiments/randaut/autcross/lcr-i6-nWjcPi' > '/home/xschwar3/telatko/concur_response_experiments/randaut/autcross/lcr-o0-gFwz5i'
Running [A1]: /home/xschwar3/telatko/telatko.py -F '/home/xschwar3/telatko/concur_response_experiments/randaut/autcross/lcr-i6-UkfyAg' -T 30 -L 3 -I -G -O '/home/xschwar3/telatko/concur_response_experiments/randaut/autcross/lcr-o1-104dYg'
Running [A2]: autfilt '/home/xschwar3/telatko/concur_response_experiments/randaut/autcross/lcr-i6-HR2y7e' > '/home/xschwar3/telatko/concur_response_experiments/randaut/autcross/lcr-o2-6gMcWg' --simplify-acceptance
Running [A3]: autfilt '/home/xschwar3/telatko/concur_response_experiments/randaut/autcross/lcr-i6-3IQXGg' > '/home/xschwar3/telatko/concur_response_experiments/randaut/autcross/lcr-o3-dJPZvh' --small
Gathering statistics...

ltl2tgba.hoa:168.1-179.7	0
Running [A0]: autfilt '/home/xschwar3/telatko/concur_response_experiments/randaut/autcross/lcr-i7-XvBYRi' > '/home/xschwar3/telatko/concur_response_experiments/randaut/autcross/lcr-o0-Z63IJh'
Running [A1]: /home/xschwar3/telatko/telatko.py -F '/home/xschwar3/telatko/concur_response_experiments/randaut/autcross/lcr-i7-Q3cLQg' -T 30 -L 3 -I -G -O '/home/xschwar3/telatko/concur_response_experiments/randaut/autcross/lcr-o1-fzq8fi'
Running [A2]: autfilt '/home/xschwar3/telatko/concur_response_experiments/randaut/autcross/lcr-i7-qW83nh' > '/home/xschwar3/telatko/concur_response_experiments/randaut/autcross/lcr-o2-oZDoRi' --simplify-acceptance
Running [A3]: autfilt '/home/xschwar3/telatko/concur_response_experiments/randaut/autcross/lcr-i7-OGVHkf' > '/home/xschwar3/telatko/concur_response_experiments/randaut/autcross/lcr-o3-X8tGcf' --small
Gathering statistics...

ltl2tgba.hoa:180.1-228.7	XXG((X!p1 U (!p0 M !p3)) | XGp0)
Running [A0]: autfilt '/home/xschwar3/telatko/concur_response_experiments/randaut/autcross/lcr-i8-yjN4cg' > '/home/xschwar3/telatko/concur_response_experiments/randaut/autcross/lcr-o0-GbHtri'
Running [A1]: /home/xschwar3/telatko/telatko.py -F '/home/xschwar3/telatko/concur_response_experiments/randaut/autcross/lcr-i8-EQc8Ve' -T 30 -L 3 -I -G -O '/home/xschwar3/telatko/concur_response_experiments/randaut/autcross/lcr-o1-kVnjti'
Running [A2]: autfilt '/home/xschwar3/telatko/concur_response_experiments/randaut/autcross/lcr-i8-tV2z5g' > '/home/xschwar3/telatko/concur_response_experiments/randaut/autcross/lcr-o2-7UhO2i' --simplify-acceptance
Running [A3]: autfilt '/home/xschwar3/telatko/concur_response_experiments/randaut/autcross/lcr-i8-j1LKbj' > '/home/xschwar3/telatko/concur_response_experiments/randaut/autcross/lcr-o3-gp2nbi' --small
Gathering statistics...

ltl2tgba.hoa:229.1-241.7	Gp0
Running [A0]: autfilt '/home/xschwar3/telatko/concur_response_experiments/randaut/autcross/lcr-i9-V1oRhi' > '/home/xschwar3/telatko/concur_response_experiments/randaut/autcross/lcr-o0-RvsLUg'
Running [A1]: /home/xschwar3/telatko/telatko.py -F '/home/xschwar3/telatko/concur_response_experiments/randaut/autcross/lcr-i9-VIaiEe' -T 30 -L 3 -I -G -O '/home/xschwar3/telatko/concur_response_experiments/randaut/autcross/lcr-o1-KdvoXf'
Running [A2]: autfilt '/home/xschwar3/telatko/concur_response_experiments/randaut/autcross/lcr-i9-tYqGsf' > '/home/xschwar3/telatko/concur_response_experiments/randaut/autcross/lcr-o2-dYURTh' --simplify-acceptance
Running [A3]: autfilt '/home/xschwar3/telatko/concur_response_experiments/randaut/autcross/lcr-i9-CJuCvh' > '/home/xschwar3/telatko/concur_response_experiments/randaut/autcross/lcr-o3-awFEqg' --small
Gathering statistics...

ltl2tgba.hoa:242.1-253.7	0
Running [A0]: autfilt '/home/xschwar3/telatko/concur_response_experiments/randaut/autcross/lcr-i10-PKVxdi' > '/home/xschwar3/telatko/concur_response_experiments/randaut/autcross/lcr-o0-7Vvrag'
Running [A1]: /home/xschwar3/telatko/telatko.py -F '/home/xschwar3/telatko/concur_response_experiments/randaut/autcross/lcr-i10-Y8DmRe' -T 30 -L 3 -I -G -O '/home/xschwar3/telatko/concur_response_experiments/randaut/autcross/lcr-o1-wB6omi'
Running [A2]: autfilt '/home/xschwar3/telatko/concur_response_experiments/randaut/autcross/lcr-i10-UeotBe' > '/home/xschwar3/telatko/concur_response_experiments/randaut/autcross/lcr-o2-RLtE1i' --simplify-acceptance
Running [A3]: autfilt '/home/xschwar3/telatko/concur_response_experiments/randaut/autcross/lcr-i10-C07Sag' > '/home/xschwar3/telatko/concur_response_experiments/randaut/autcross/lcr-o3-p45UDf' --small
Gathering statistics...

ltl2tgba.hoa:254.1-356.7	X((Fp2 W Xp0) <-> (p2 <-> Fp3))
Running [A0]: autfilt '/home/xschwar3/telatko/concur_response_experiments/randaut/autcross/lcr-i11-1KG7Ph' > '/home/xschwar3/telatko/concur_response_experiments/randaut/autcross/lcr-o0-PL9xCf'
Running [A1]: /home/xschwar3/telatko/telatko.py -F '/home/xschwar3/telatko/concur_response_experiments/randaut/autcross/lcr-i11-Bv0Dzf' -T 30 -L 3 -I -G -O '/home/xschwar3/telatko/concur_response_experiments/randaut/autcross/lcr-o1-LT0Wcj'
Running [A2]: autfilt '/home/xschwar3/telatko/concur_response_experiments/randaut/autcross/lcr-i11-PobtAe' > '/home/xschwar3/telatko/concur_response_experiments/randaut/autcross/lcr-o2-2bWF2g' --simplify-acceptance
Running [A3]: autfilt '/home/xschwar3/telatko/concur_response_experiments/randaut/autcross/lcr-i11-VfiWei' > '/home/xschwar3/telatko/concur_response_experiments/randaut/autcross/lcr-o3-vpgVFe' --small
Gathering statistics...

ltl2tgba.hoa:357.1-373.7	F((p1 | p2) & G!p0)
Running [A0]: autfilt '/home/xschwar3/telatko/concur_response_experiments/randaut/autcross/lcr-i12-gC6lSi' > '/home/xschwar3/telatko/concur_response_experiments/randaut/autcross/lcr-o0-CoNWAh'
Running [A1]: /home/xschwar3/telatko/telatko.py -F '/home/xschwar3/telatko/concur_response_experiments/randaut/autcross/lcr-i12-jJslph' -T 30 -L 3 -I -G -O '/home/xschwar3/telatko/concur_response_experiments/randaut/autcross/lcr-o1-8jW0gg'
Running [A2]: autfilt '/home/xschwar3/telatko/concur_response_experiments/randaut/autcross/lcr-i12-70ne1i' > '/home/xschwar3/telatko/concur_response_experiments/randaut/autcross/lcr-o2-bGt9gg' --simplify-acceptance
Running [A3]: autfilt '/home/xschwar3/telatko/concur_response_experiments/randaut/autcross/lcr-i12-IaDw8h' > '/home/xschwar3/telatko/concur_response_experiments/randaut/autcross/lcr-o3-WI7IJf' --small
Gathering statistics...

ltl2tgba.hoa:374.1-392.7	p3 M G((p0 | p2) & Xp2)
Running [A0]: autfilt '/home/xschwar3/telatko/concur_response_experiments/randaut/autcross/lcr-i13-bhLBSf' > '/home/xschwar3/telatko/concur_response_experiments/randaut/autcross/lcr-o0-pt4Clf'
Running [A1]: /home/xschwar3/telatko/telatko.py -F '/home/xschwar3/telatko/concur_response_experiments/randaut/autcross/lcr-i13-3UdNGf' -T 30 -L 3 -I -G -O '/home/xschwar3/telatko/concur_response_experiments/randaut/autcross/lcr-o1-9RJCze'
Running [A2]: autfilt '/home/xschwar3/telatko/concur_response_experiments/randaut/autcross/lcr-i13-EMmx5i' > '/home/xschwar3/telatko/concur_response_experiments/randaut/autcross/lcr-o2-tOOqYf' --simplify-acceptance
Running [A3]: autfilt '/home/xschwar3/telatko/concur_response_experiments/randaut/autcross/lcr-i13-g0Ffxi' > '/home/xschwar3/telatko/concur_response_experiments/randaut/autcross/lcr-o3-wntirf' --small
Gathering statistics...

ltl2tgba.hoa:393.1-430.7	(G(Gp1 | Xp2) | Xp0) W p2
Running [A0]: autfilt '/home/xschwar3/telatko/concur_response_experiments/randaut/autcross/lcr-i14-XIjlyh' > '/home/xschwar3/telatko/concur_response_experiments/randaut/autcross/lcr-o0-jp8I5h'
Running [A1]: /home/xschwar3/telatko/telatko.py -F '/home/xschwar3/telatko/concur_response_experiments/randaut/autcross/lcr-i14-QPXgQh' -T 30 -L 3 -I -G -O '/home/xschwar3/telatko/concur_response_experiments/randaut/autcross/lcr-o1-C2JnDg'
Running [A2]: autfilt '/home/xschwar3/telatko/concur_response_experiments/randaut/autcross/lcr-i14-Q2I7ig' > '/home/xschwar3/telatko/concur_response_experiments/randaut/autcross/lcr-o2-UOdHnf' --simplify-acceptance
Running [A3]: autfilt '/home/xschwar3/telatko/concur_response_experiments/randaut/autcross/lcr-i14-Dz0nif' > '/home/xschwar3/telatko/concur_response_experiments/randaut/autcross/lcr-o3-ObkcZg' --small
Gathering statistics...

ltl2tgba.hoa:431.1-449.7	Gp1 & XXp2
Running [A0]: autfilt '/home/xschwar3/telatko/concur_response_experiments/randaut/autcross/lcr-i15-bd1TUh' > '/home/xschwar3/telatko/concur_response_experiments/randaut/autcross/lcr-o0-sr1e5f'
Running [A1]: /home/xschwar3/telatko/telatko.py -F '/home/xschwar3/telatko/concur_response_experiments/randaut/autcross/lcr-i15-ESCYei' -T 30 -L 3 -I -G -O '/home/xschwar3/telatko/concur_response_experiments/randaut/autcross/lcr-o1-ykboZf'
Running [A2]: autfilt '/home/xschwar3/telatko/concur_response_experiments/randaut/autcross/lcr-i15-o7HTuf' > '/home/xschwar3/telatko/concur_response_experiments/randaut/autcross/lcr-o2-SIYnZh' --simplify-acceptance
Running [A3]: autfilt '/home/xschwar3/telatko/concur_response_experiments/randaut/autcross/lcr-i15-hlASIe' > '/home/xschwar3/telatko/concur_response_experiments/randaut/autcross/lcr-o3-NU3NHe' --small
Gathering statistics...

ltl2tgba.hoa:450.1-462.7	1
Running [A0]: autfilt '/home/xschwar3/telatko/concur_response_experiments/randaut/autcross/lcr-i16-IPHvbj' > '/home/xschwar3/telatko/concur_response_experiments/randaut/autcross/lcr-o0-tzFbmh'
Running [A1]: /home/xschwar3/telatko/telatko.py -F '/home/xschwar3/telatko/concur_response_experiments/randaut/autcross/lcr-i16-gqxwHf' -T 30 -L 3 -I -G -O '/home/xschwar3/telatko/concur_response_experiments/randaut/autcross/lcr-o1-qT2cgf'
Running [A2]: autfilt '/home/xschwar3/telatko/concur_response_experiments/randaut/autcross/lcr-i16-2Lm9ff' > '/home/xschwar3/telatko/concur_response_experiments/randaut/autcross/lcr-o2-Qtbj9i' --simplify-acceptance
Running [A3]: autfilt '/home/xschwar3/telatko/concur_response_experiments/randaut/autcross/lcr-i16-oG2oEe' > '/home/xschwar3/telatko/concur_response_experiments/randaut/autcross/lcr-o3-wE9C4h' --small
Gathering statistics...

ltl2tgba.hoa:463.1-505.7	(p0 U Gp2) R (p0 R Xp1)
Running [A0]: autfilt '/home/xschwar3/telatko/concur_response_experiments/randaut/autcross/lcr-i17-3Dqrmf' > '/home/xschwar3/telatko/concur_response_experiments/randaut/autcross/lcr-o0-Gt2lIg'
Running [A1]: /home/xschwar3/telatko/telatko.py -F '/home/xschwar3/telatko/concur_response_experiments/randaut/autcross/lcr-i17-IfoO5i' -T 30 -L 3 -I -G -O '/home/xschwar3/telatko/concur_response_experiments/randaut/autcross/lcr-o1-AssGCe'
Running [A2]: autfilt '/home/xschwar3/telatko/concur_response_experiments/randaut/autcross/lcr-i17-VOYsgh' > '/home/xschwar3/telatko/concur_response_experiments/randaut/autcross/lcr-o2-Eq6qii' --simplify-acceptance
Running [A3]: autfilt '/home/xschwar3/telatko/concur_response_experiments/randaut/autcross/lcr-i17-xMNrih' > '/home/xschwar3/telatko/concur_response_experiments/randaut/autcross/lcr-o3-QHHwbg' --small
Gathering statistics...

ltl2tgba.hoa:506.1-543.7	(p0 xor Gp1) xor (!p3 & X!p3)
Running [A0]: autfilt '/home/xschwar3/telatko/concur_response_experiments/randaut/autcross/lcr-i18-X0hbQh' > '/home/xschwar3/telatko/concur_response_experiments/randaut/autcross/lcr-o0-3dLKng'
Running [A1]: /home/xschwar3/telatko/telatko.py -F '/home/xschwar3/telatko/concur_response_experiments/randaut/autcross/lcr-i18-zxX1mi' -T 30 -L 3 -I -G -O '/home/xschwar3/telatko/concur_response_experiments/randaut/autcross/lcr-o1-55gm8f'
Running [A2]: autfilt '/home/xschwar3/telatko/concur_response_experiments/randaut/autcross/lcr-i18-Mr3qni' > '/home/xschwar3/telatko/concur_response_experiments/randaut/autcross/lcr-o2-UJBxfi' --simplify-acceptance
Running [A3]: autfilt '/home/xschwar3/telatko/concur_response_experiments/randaut/autcross/lcr-i18-91J9Wf' > '/home/xschwar3/telatko/concur_response_experiments/randaut/autcross/lcr-o3-6EuWvf' --small
Gathering statistics...

ltl2tgba.hoa:544.1-564.7	X!p2 | GF(!p0 & !p3)
Running [A0]: autfilt '/home/xschwar3/telatko/concur_response_experiments/randaut/autcross/lcr-i19-2DJsCf' > '/home/xschwar3/telatko/concur_response_experiments/randaut/autcross/lcr-o0-S8Ayki'
Running [A1]: /home/xschwar3/telatko/telatko.py -F '/home/xschwar3/telatko/concur_response_experiments/randaut/autcross/lcr-i19-jqo6lf' -T 30 -L 3 -I -G -O '/home/xschwar3/telatko/concur_response_experiments/randaut/autcross/lcr-o1-aGtcKi'
Running [A2]: autfilt '/home/xschwar3/telatko/concur_response_experiments/randaut/autcross/lcr-i19-ZyYreh' > '/home/xschwar3/telatko/concur_response_experiments/randaut/autcross/lcr-o2-fxmW9f' --simplify-acceptance
Running [A3]: autfilt '/home/xschwar3/telatko/concur_response_experiments/randaut/autcross/lcr-i19-DUWB7e' > '/home/xschwar3/telatko/concur_response_experiments/randaut/autcross/lcr-o3-4XNsph' --small
Gathering statistics...

ltl2tgba.hoa:565.1-585.7	X(!p2 | XFp1)
Running [A0]: autfilt '/home/xschwar3/telatko/concur_response_experiments/randaut/autcross/lcr-i20-Pbw6Zi' > '/home/xschwar3/telatko/concur_response_experiments/randaut/autcross/lcr-o0-XPsslg'
Running [A1]: /home/xschwar3/telatko/telatko.py -F '/home/xschwar3/telatko/concur_response_experiments/randaut/autcross/lcr-i20-e4nNzi' -T 30 -L 3 -I -G -O '/home/xschwar3/telatko/concur_response_experiments/randaut/autcross/lcr-o1-DZHHTh'
Running [A2]: autfilt '/home/xschwar3/telatko/concur_response_experiments/randaut/autcross/lcr-i20-WJAzcj' > '/home/xschwar3/telatko/concur_response_experiments/randaut/autcross/lcr-o2-UaxkRg' --simplify-acceptance
Running [A3]: autfilt '/home/xschwar3/telatko/concur_response_experiments/randaut/autcross/lcr-i20-irRYei' > '/home/xschwar3/telatko/concur_response_experiments/randaut/autcross/lcr-o3-4j9Fri' --small
Gathering statistics...

ltl2tgba.hoa:586.1-603.7	XFp3
Running [A0]: autfilt '/home/xschwar3/telatko/concur_response_experiments/randaut/autcross/lcr-i21-9Uu6lh' > '/home/xschwar3/telatko/concur_response_experiments/randaut/autcross/lcr-o0-zMxlDh'
Running [A1]: /home/xschwar3/telatko/telatko.py -F '/home/xschwar3/telatko/concur_response_experiments/randaut/autcross/lcr-i21-W0Eikg' -T 30 -L 3 -I -G -O '/home/xschwar3/telatko/concur_response_experiments/randaut/autcross/lcr-o1-sMAucj'
Running [A2]: autfilt '/home/xschwar3/telatko/concur_response_experiments/randaut/autcross/lcr-i21-K48Fff' > '/home/xschwar3/telatko/concur_response_experiments/randaut/autcross/lcr-o2-leprXe' --simplify-acceptance
Running [A3]: autfilt '/home/xschwar3/telatko/concur_response_experiments/randaut/autcross/lcr-i21-sHGVNe' > '/home/xschwar3/telatko/concur_response_experiments/randaut/autcross/lcr-o3-dQ16df' --small
Gathering statistics...

ltl2tgba.hoa:604.1-619.7	p3 W p1
Running [A0]: autfilt '/home/xschwar3/telatko/concur_response_experiments/randaut/autcross/lcr-i22-bFp9Ni' > '/home/xschwar3/telatko/concur_response_experiments/randaut/autcross/lcr-o0-nfWPoh'
Running [A1]: /home/xschwar3/telatko/telatko.py -F '/home/xschwar3/telatko/concur_response_experiments/randaut/autcross/lcr-i22-b5a5Af' -T 30 -L 3 -I -G -O '/home/xschwar3/telatko/concur_response_experiments/randaut/autcross/lcr-o1-BBVbNe'
Running [A2]: autfilt '/home/xschwar3/telatko/concur_response_experiments/randaut/autcross/lcr-i22-f1iHwh' > '/home/xschwar3/telatko/concur_response_experiments/randaut/autcross/lcr-o2-Q14Aci' --simplify-acceptance
Running [A3]: autfilt '/home/xschwar3/telatko/concur_response_experiments/randaut/autcross/lcr-i22-Yx1Tpf' > '/home/xschwar3/telatko/concur_response_experiments/randaut/autcross/lcr-o3-xZYa6i' --small
Gathering statistics...

ltl2tgba.hoa:620.1-634.7	!p1
Running [A0]: autfilt '/home/xschwar3/telatko/concur_response_experiments/randaut/autcross/lcr-i23-lfwhZh' > '/home/xschwar3/telatko/concur_response_experiments/randaut/autcross/lcr-o0-TA4w3i'
Running [A1]: /home/xschwar3/telatko/telatko.py -F '/home/xschwar3/telatko/concur_response_experiments/randaut/autcross/lcr-i23-bOiiZf' -T 30 -L 3 -I -G -O '/home/xschwar3/telatko/concur_response_experiments/randaut/autcross/lcr-o1-6G4Iuh'
Running [A2]: autfilt '/home/xschwar3/telatko/concur_response_experiments/randaut/autcross/lcr-i23-PfNCuh' > '/home/xschwar3/telatko/concur_response_experiments/randaut/autcross/lcr-o2-OSAoLg' --simplify-acceptance
Running [A3]: autfilt '/home/xschwar3/telatko/concur_response_experiments/randaut/autcross/lcr-i23-rsYx6g' > '/home/xschwar3/telatko/concur_response_experiments/randaut/autcross/lcr-o3-Zlq59g' --small
Gathering statistics...

ltl2tgba.hoa:635.1-649.7	XG!p3
Running [A0]: autfilt '/home/xschwar3/telatko/concur_response_experiments/randaut/autcross/lcr-i24-Qx5S2g' > '/home/xschwar3/telatko/concur_response_experiments/randaut/autcross/lcr-o0-8dEJOf'
Running [A1]: /home/xschwar3/telatko/telatko.py -F '/home/xschwar3/telatko/concur_response_experiments/randaut/autcross/lcr-i24-iFmc6h' -T 30 -L 3 -I -G -O '/home/xschwar3/telatko/concur_response_experiments/randaut/autcross/lcr-o1-ICDN9h'
Running [A2]: autfilt '/home/xschwar3/telatko/concur_response_experiments/randaut/autcross/lcr-i24-MaxoYi' > '/home/xschwar3/telatko/concur_response_experiments/randaut/autcross/lcr-o2-Hn8hgg' --simplify-acceptance
Running [A3]: autfilt '/home/xschwar3/telatko/concur_response_experiments/randaut/autcross/lcr-i24-4zqEnf' > '/home/xschwar3/telatko/concur_response_experiments/randaut/autcross/lcr-o3-wTAXWi' --small
Gathering statistics...

ltl2tgba.hoa:650.1-746.7	F((!p2 & F(Fp1 R p3)) | (p2 & G(G!p1 U !p3)))
Running [A0]: autfilt '/home/xschwar3/telatko/concur_response_experiments/randaut/autcross/lcr-i25-kjd8Gg' > '/home/xschwar3/telatko/concur_response_experiments/randaut/autcross/lcr-o0-sVGyVi'
Running [A1]: /home/xschwar3/telatko/telatko.py -F '/home/xschwar3/telatko/concur_response_experiments/randaut/autcross/lcr-i25-Z0l4zg' -T 30 -L 3 -I -G -O '/home/xschwar3/telatko/concur_response_experiments/randaut/autcross/lcr-o1-S6NaCg'
Running [A2]: autfilt '/home/xschwar3/telatko/concur_response_experiments/randaut/autcross/lcr-i25-YY8R6g' > '/home/xschwar3/telatko/concur_response_experiments/randaut/autcross/lcr-o2-Hh8Rhg' --simplify-acceptance
Running [A3]: autfilt '/home/xschwar3/telatko/concur_response_experiments/randaut/autcross/lcr-i25-ej1Sdi' > '/home/xschwar3/telatko/concur_response_experiments/randaut/autcross/lcr-o3-Tfg3Xh' --small
Gathering statistics...

ltl2tgba.hoa:747.1-807.7	XXF(((Xp0 & (!p2 R F!p0)) | ((p2 U Gp0) & X!p0)) R !p0)
Running [A0]: autfilt '/home/xschwar3/telatko/concur_response_experiments/randaut/autcross/lcr-i26-EgS2Rh' > '/home/xschwar3/telatko/concur_response_experiments/randaut/autcross/lcr-o0-l1J1Pf'
Running [A1]: /home/xschwar3/telatko/telatko.py -F '/home/xschwar3/telatko/concur_response_experiments/randaut/autcross/lcr-i26-nG68Ph' -T 30 -L 3 -I -G -O '/home/xschwar3/telatko/concur_response_experiments/randaut/autcross/lcr-o1-eZrwSg'
Running [A2]: autfilt '/home/xschwar3/telatko/concur_response_experiments/randaut/autcross/lcr-i26-OstgGf' > '/home/xschwar3/telatko/concur_response_experiments/randaut/autcross/lcr-o2-OZJGjf' --simplify-acceptance
Running [A3]: autfilt '/home/xschwar3/telatko/concur_response_experiments/randaut/autcross/lcr-i26-baVF2f' > '/home/xschwar3/telatko/concur_response_experiments/randaut/autcross/lcr-o3-sKetKf' --small
Gathering statistics...

ltl2tgba.hoa:808.1-858.7	X(p0 | Xp1) | (Xp2 M (p0 M p3))
Running [A0]: autfilt '/home/xschwar3/telatko/concur_response_experiments/randaut/autcross/lcr-i27-VNbWxi' > '/home/xschwar3/telatko/concur_response_experiments/randaut/autcross/lcr-o0-wZahki'
Running [A1]: /home/xschwar3/telatko/telatko.py -F '/home/xschwar3/telatko/concur_response_experiments/randaut/autcross/lcr-i27-pEUBDe' -T 30 -L 3 -I -G -O '/home/xschwar3/telatko/concur_response_experiments/randaut/autcross/lcr-o1-F2qo9g'
Running [A2]: autfilt '/home/xschwar3/telatko/concur_response_experiments/randaut/autcross/lcr-i27-z32pgg' > '/home/xschwar3/telatko/concur_response_experiments/randaut/autcross/lcr-o2-vKrg9h' --simplify-acceptance
Running [A3]: autfilt '/home/xschwar3/telatko/concur_response_experiments/randaut/autcross/lcr-i27-qWPRCg' > '/home/xschwar3/telatko/concur_response_experiments/randaut/autcross/lcr-o3-aaSdSf' --small
Gathering statistics...

ltl2tgba.hoa:859.1-871.7	1
Running [A0]: autfilt '/home/xschwar3/telatko/concur_response_experiments/randaut/autcross/lcr-i28-5EQ7Dh' > '/home/xschwar3/telatko/concur_response_experiments/randaut/autcross/lcr-o0-OMJUzi'
Running [A1]: /home/xschwar3/telatko/telatko.py -F '/home/xschwar3/telatko/concur_response_experiments/randaut/autcross/lcr-i28-j3w8ye' -T 30 -L 3 -I -G -O '/home/xschwar3/telatko/concur_response_experiments/randaut/autcross/lcr-o1-ccrg0e'
Running [A2]: autfilt '/home/xschwar3/telatko/concur_response_experiments/randaut/autcross/lcr-i28-vz2xJf' > '/home/xschwar3/telatko/concur_response_experiments/randaut/autcross/lcr-o2-QxOyfh' --simplify-acceptance
Running [A3]: autfilt '/home/xschwar3/telatko/concur_response_experiments/randaut/autcross/lcr-i28-cf0Jqh' > '/home/xschwar3/telatko/concur_response_experiments/randaut/autcross/lcr-o3-LYP3Rh' --small
Gathering statistics...

ltl2tgba.hoa:872.1-919.7	X(!p3 <-> F((Fp2 & Gp3) | (G!p2 & F!p3)))
Running [A0]: autfilt '/home/xschwar3/telatko/concur_response_experiments/randaut/autcross/lcr-i29-8fxHXg' > '/home/xschwar3/telatko/concur_response_experiments/randaut/autcross/lcr-o0-L8g2Ve'
Running [A1]: /home/xschwar3/telatko/telatko.py -F '/home/xschwar3/telatko/concur_response_experiments/randaut/autcross/lcr-i29-oHTYJg' -T 30 -L 3 -I -G -O '/home/xschwar3/telatko/concur_response_experiments/randaut/autcross/lcr-o1-1DTkJf'
Running [A2]: autfilt '/home/xschwar3/telatko/concur_response_experiments/randaut/autcross/lcr-i29-ZsaYLh' > '/home/xschwar3/telatko/concur_response_experiments/randaut/autcross/lcr-o2-fGpp3f' --simplify-acceptance
Running [A3]: autfilt '/home/xschwar3/telatko/concur_response_experiments/randaut/autcross/lcr-i29-YdfMCf' > '/home/xschwar3/telatko/concur_response_experiments/randaut/autcross/lcr-o3-xPpX8i' --small
Gathering statistics...

ltl2tgba.hoa:920.1-957.7	XX(Fp2 & (p3 xor (p2 <-> XFp3)))
Running [A0]: autfilt '/home/xschwar3/telatko/concur_response_experiments/randaut/autcross/lcr-i30-l44TKg' > '/home/xschwar3/telatko/concur_response_experiments/randaut/autcross/lcr-o0-g0YQBg'
Running [A1]: /home/xschwar3/telatko/telatko.py -F '/home/xschwar3/telatko/concur_response_experiments/randaut/autcross/lcr-i30-tk1qlh' -T 30 -L 3 -I -G -O '/home/xschwar3/telatko/concur_response_experiments/randaut/autcross/lcr-o1-VMpwCh'
Running [A2]: autfilt '/home/xschwar3/telatko/concur_response_experiments/randaut/autcross/lcr-i30-lnl1vg' > '/home/xschwar3/telatko/concur_response_experiments/randaut/autcross/lcr-o2-KKmlXe' --simplify-acceptance
Running [A3]: autfilt '/home/xschwar3/telatko/concur_response_experiments/randaut/autcross/lcr-i30-KzI2kf' > '/home/xschwar3/telatko/concur_response_experiments/randaut/autcross/lcr-o3-xJVLch' --small
Gathering statistics...

ltl2tgba.hoa:958.1-982.7	(p3 | (!p1 U !p0)) W (!p2 R p1)
Running [A0]: autfilt '/home/xschwar3/telatko/concur_response_experiments/randaut/autcross/lcr-i31-jTkMdh' > '/home/xschwar3/telatko/concur_response_experiments/randaut/autcross/lcr-o0-cAolRh'
Running [A1]: /home/xschwar3/telatko/telatko.py -F '/home/xschwar3/telatko/concur_response_experiments/randaut/autcross/lcr-i31-nynhYf' -T 30 -L 3 -I -G -O '/home/xschwar3/telatko/concur_response_experiments/randaut/autcross/lcr-o1-PFfzbi'
Running [A2]: autfilt '/home/xschwar3/telatko/concur_response_experiments/randaut/autcross/lcr-i31-bLoZdh' > '/home/xschwar3/telatko/concur_response_experiments/randaut/autcross/lcr-o2-mCv1hi' --simplify-acceptance
Running [A3]: autfilt '/home/xschwar3/telatko/concur_response_experiments/randaut/autcross/lcr-i31-XioQ4f' > '/home/xschwar3/telatko/concur_response_experiments/randaut/autcross/lcr-o3-OhdDNf' --small
Gathering statistics...

ltl2tgba.hoa:983.1-997.7	p1
Running [A0]: autfilt '/home/xschwar3/telatko/concur_response_experiments/randaut/autcross/lcr-i32-pTysVf' > '/home/xschwar3/telatko/concur_response_experiments/randaut/autcross/lcr-o0-FVWKrf'
Running [A1]: /home/xschwar3/telatko/telatko.py -F '/home/xschwar3/telatko/concur_response_experiments/randaut/autcross/lcr-i32-VvRGyi' -T 30 -L 3 -I -G -O '/home/xschwar3/telatko/concur_response_experiments/randaut/autcross/lcr-o1-18CEpg'
Running [A2]: autfilt '/home/xschwar3/telatko/concur_response_experiments/randaut/autcross/lcr-i32-CTJXwi' > '/home/xschwar3/telatko/concur_response_experiments/randaut/autcross/lcr-o2-C29eqi' --simplify-acceptance
Running [A3]: autfilt '/home/xschwar3/telatko/concur_response_experiments/randaut/autcross/lcr-i32-Dmcq0g' > '/home/xschwar3/telatko/concur_response_experiments/randaut/autcross/lcr-o3-3kB1Ng' --small
Gathering statistics...

ltl2tgba.hoa:998.1-1016.7	(p1 & p2) | F!p3
Running [A0]: autfilt '/home/xschwar3/telatko/concur_response_experiments/randaut/autcross/lcr-i33-5ZHBhh' > '/home/xschwar3/telatko/concur_response_experiments/randaut/autcross/lcr-o0-v1FL4f'
Running [A1]: /home/xschwar3/telatko/telatko.py -F '/home/xschwar3/telatko/concur_response_experiments/randaut/autcross/lcr-i33-4Gnb5e' -T 30 -L 3 -I -G -O '/home/xschwar3/telatko/concur_response_experiments/randaut/autcross/lcr-o1-N8yCgf'
Running [A2]: autfilt '/home/xschwar3/telatko/concur_response_experiments/randaut/autcross/lcr-i33-HbWpTi' > '/home/xschwar3/telatko/concur_response_experiments/randaut/autcross/lcr-o2-7SKbYe' --simplify-acceptance
Running [A3]: autfilt '/home/xschwar3/telatko/concur_response_experiments/randaut/autcross/lcr-i33-NY3QLh' > '/home/xschwar3/telatko/concur_response_experiments/randaut/autcross/lcr-o3-6yGqaf' --small
Gathering statistics...

ltl2tgba.hoa:1017.1-1065.7	p0 | G(FGp0 U ((p2 | Gp3) R p3))
Running [A0]: autfilt '/home/xschwar3/telatko/concur_response_experiments/randaut/autcross/lcr-i34-06026h' > '/home/xschwar3/telatko/concur_response_experiments/randaut/autcross/lcr-o0-ZTZBwh'
Running [A1]: /home/xschwar3/telatko/telatko.py -F '/home/xschwar3/telatko/concur_response_experiments/randaut/autcross/lcr-i34-rOuNAe' -T 30 -L 3 -I -G -O '/home/xschwar3/telatko/concur_response_experiments/randaut/autcross/lcr-o1-XkBMSe'
autcross: received signal 1
