ltl3tela.filt.hoa:1.1-22.7
Running [A0]: autfilt '/home/xschwar3/telatko/concur_response_experiments/randaut/autcross/lcr-i0-ZCI3MC' > '/home/xschwar3/telatko/concur_response_experiments/randaut/autcross/lcr-o0-DkMapE'
Running [A1]: /home/xschwar3/telatko/telatko.py -F '/home/xschwar3/telatko/concur_response_experiments/randaut/autcross/lcr-i0-nj82JF' -T 30 -L 3 -I -G -O '/home/xschwar3/telatko/concur_response_experiments/randaut/autcross/lcr-o1-eiNTcE'
Running [A2]: autfilt '/home/xschwar3/telatko/concur_response_experiments/randaut/autcross/lcr-i0-OPuX3F' > '/home/xschwar3/telatko/concur_response_experiments/randaut/autcross/lcr-o2-rVSF0F' --simplify-acceptance
Running [A3]: autfilt '/home/xschwar3/telatko/concur_response_experiments/randaut/autcross/lcr-i0-MXE3gF' > '/home/xschwar3/telatko/concur_response_experiments/randaut/autcross/lcr-o3-l99gBE' --small
Gathering statistics...

ltl3tela.filt.hoa:23.1-53.7
Running [A0]: autfilt '/home/xschwar3/telatko/concur_response_experiments/randaut/autcross/lcr-i1-KLc2VC' > '/home/xschwar3/telatko/concur_response_experiments/randaut/autcross/lcr-o0-LHQtuD'
Running [A1]: /home/xschwar3/telatko/telatko.py -F '/home/xschwar3/telatko/concur_response_experiments/randaut/autcross/lcr-i1-WjzwSC' -T 30 -L 3 -I -G -O '/home/xschwar3/telatko/concur_response_experiments/randaut/autcross/lcr-o1-IpGAMG'
Running [A2]: autfilt '/home/xschwar3/telatko/concur_response_experiments/randaut/autcross/lcr-i1-AaFwCC' > '/home/xschwar3/telatko/concur_response_experiments/randaut/autcross/lcr-o2-vTCsxF' --simplify-acceptance
Running [A3]: autfilt '/home/xschwar3/telatko/concur_response_experiments/randaut/autcross/lcr-i1-ofQ64E' > '/home/xschwar3/telatko/concur_response_experiments/randaut/autcross/lcr-o3-U09neC' --small
Gathering statistics...

ltl3tela.filt.hoa:54.1-92.7
Running [A0]: autfilt '/home/xschwar3/telatko/concur_response_experiments/randaut/autcross/lcr-i2-X5OpxD' > '/home/xschwar3/telatko/concur_response_experiments/randaut/autcross/lcr-o0-P2yDKD'
Running [A1]: /home/xschwar3/telatko/telatko.py -F '/home/xschwar3/telatko/concur_response_experiments/randaut/autcross/lcr-i2-Q1dtOE' -T 30 -L 3 -I -G -O '/home/xschwar3/telatko/concur_response_experiments/randaut/autcross/lcr-o1-Zf1xiG'
Running [A2]: autfilt '/home/xschwar3/telatko/concur_response_experiments/randaut/autcross/lcr-i2-RgIONC' > '/home/xschwar3/telatko/concur_response_experiments/randaut/autcross/lcr-o2-2JfPwE' --simplify-acceptance
Running [A3]: autfilt '/home/xschwar3/telatko/concur_response_experiments/randaut/autcross/lcr-i2-y81f6F' > '/home/xschwar3/telatko/concur_response_experiments/randaut/autcross/lcr-o3-QbIDAC' --small
Gathering statistics...

ltl3tela.filt.hoa:93.1-129.7
Running [A0]: autfilt '/home/xschwar3/telatko/concur_response_experiments/randaut/autcross/lcr-i3-hJFLuC' > '/home/xschwar3/telatko/concur_response_experiments/randaut/autcross/lcr-o0-pWWKXF'
Running [A1]: /home/xschwar3/telatko/telatko.py -F '/home/xschwar3/telatko/concur_response_experiments/randaut/autcross/lcr-i3-o6JRtC' -T 30 -L 3 -I -G -O '/home/xschwar3/telatko/concur_response_experiments/randaut/autcross/lcr-o1-arBDaE'
Running [A2]: autfilt '/home/xschwar3/telatko/concur_response_experiments/randaut/autcross/lcr-i3-2VmTjC' > '/home/xschwar3/telatko/concur_response_experiments/randaut/autcross/lcr-o2-WM3mnD' --simplify-acceptance
Running [A3]: autfilt '/home/xschwar3/telatko/concur_response_experiments/randaut/autcross/lcr-i3-E0KXTD' > '/home/xschwar3/telatko/concur_response_experiments/randaut/autcross/lcr-o3-ujO2tD' --small
Gathering statistics...

ltl3tela.filt.hoa:130.1-163.7
Running [A0]: autfilt '/home/xschwar3/telatko/concur_response_experiments/randaut/autcross/lcr-i4-7g1amE' > '/home/xschwar3/telatko/concur_response_experiments/randaut/autcross/lcr-o0-ZUuBMD'
Running [A1]: /home/xschwar3/telatko/telatko.py -F '/home/xschwar3/telatko/concur_response_experiments/randaut/autcross/lcr-i4-BfdMyG' -T 30 -L 3 -I -G -O '/home/xschwar3/telatko/concur_response_experiments/randaut/autcross/lcr-o1-M98CPF'
Running [A2]: autfilt '/home/xschwar3/telatko/concur_response_experiments/randaut/autcross/lcr-i4-SOrXhC' > '/home/xschwar3/telatko/concur_response_experiments/randaut/autcross/lcr-o2-tcS2AG' --simplify-acceptance
Running [A3]: autfilt '/home/xschwar3/telatko/concur_response_experiments/randaut/autcross/lcr-i4-A3y1WC' > '/home/xschwar3/telatko/concur_response_experiments/randaut/autcross/lcr-o3-CY8mtG' --small
Gathering statistics...

ltl3tela.filt.hoa:164.1-183.7
Running [A0]: autfilt '/home/xschwar3/telatko/concur_response_experiments/randaut/autcross/lcr-i5-UK7yUD' > '/home/xschwar3/telatko/concur_response_experiments/randaut/autcross/lcr-o0-FHA20C'
Running [A1]: /home/xschwar3/telatko/telatko.py -F '/home/xschwar3/telatko/concur_response_experiments/randaut/autcross/lcr-i5-HQtLDE' -T 30 -L 3 -I -G -O '/home/xschwar3/telatko/concur_response_experiments/randaut/autcross/lcr-o1-Cf9QZC'
Running [A2]: autfilt '/home/xschwar3/telatko/concur_response_experiments/randaut/autcross/lcr-i5-ck97cD' > '/home/xschwar3/telatko/concur_response_experiments/randaut/autcross/lcr-o2-fuzYvE' --simplify-acceptance
Running [A3]: autfilt '/home/xschwar3/telatko/concur_response_experiments/randaut/autcross/lcr-i5-9gGrWF' > '/home/xschwar3/telatko/concur_response_experiments/randaut/autcross/lcr-o3-aC269C' --small
Gathering statistics...

ltl3tela.filt.hoa:184.1-202.7
Running [A0]: autfilt '/home/xschwar3/telatko/concur_response_experiments/randaut/autcross/lcr-i6-Fd68PC' > '/home/xschwar3/telatko/concur_response_experiments/randaut/autcross/lcr-o0-WlgHZF'
Running [A1]: /home/xschwar3/telatko/telatko.py -F '/home/xschwar3/telatko/concur_response_experiments/randaut/autcross/lcr-i6-qLcZnD' -T 30 -L 3 -I -G -O '/home/xschwar3/telatko/concur_response_experiments/randaut/autcross/lcr-o1-12GllE'
Running [A2]: autfilt '/home/xschwar3/telatko/concur_response_experiments/randaut/autcross/lcr-i6-kGG9rG' > '/home/xschwar3/telatko/concur_response_experiments/randaut/autcross/lcr-o2-ThPIfF' --simplify-acceptance
Running [A3]: autfilt '/home/xschwar3/telatko/concur_response_experiments/randaut/autcross/lcr-i6-fd9p4E' > '/home/xschwar3/telatko/concur_response_experiments/randaut/autcross/lcr-o3-hKkjrC' --small
Gathering statistics...

ltl3tela.filt.hoa:203.1-217.7
Running [A0]: autfilt '/home/xschwar3/telatko/concur_response_experiments/randaut/autcross/lcr-i7-2mIxrF' > '/home/xschwar3/telatko/concur_response_experiments/randaut/autcross/lcr-o0-LONqnF'
Running [A1]: /home/xschwar3/telatko/telatko.py -F '/home/xschwar3/telatko/concur_response_experiments/randaut/autcross/lcr-i7-8QYkeC' -T 30 -L 3 -I -G -O '/home/xschwar3/telatko/concur_response_experiments/randaut/autcross/lcr-o1-AQnlpD'
Running [A2]: autfilt '/home/xschwar3/telatko/concur_response_experiments/randaut/autcross/lcr-i7-wIrikE' > '/home/xschwar3/telatko/concur_response_experiments/randaut/autcross/lcr-o2-tPh2IC' --simplify-acceptance
Running [A3]: autfilt '/home/xschwar3/telatko/concur_response_experiments/randaut/autcross/lcr-i7-O1n8gE' > '/home/xschwar3/telatko/concur_response_experiments/randaut/autcross/lcr-o3-fvyALC' --small
Gathering statistics...

ltl3tela.filt.hoa:218.1-251.7
Running [A0]: autfilt '/home/xschwar3/telatko/concur_response_experiments/randaut/autcross/lcr-i8-RvRwsG' > '/home/xschwar3/telatko/concur_response_experiments/randaut/autcross/lcr-o0-sqGVwE'
Running [A1]: /home/xschwar3/telatko/telatko.py -F '/home/xschwar3/telatko/concur_response_experiments/randaut/autcross/lcr-i8-BwTQoC' -T 30 -L 3 -I -G -O '/home/xschwar3/telatko/concur_response_experiments/randaut/autcross/lcr-o1-9uuZnE'
Running [A2]: autfilt '/home/xschwar3/telatko/concur_response_experiments/randaut/autcross/lcr-i8-nf4KJF' > '/home/xschwar3/telatko/concur_response_experiments/randaut/autcross/lcr-o2-LusZcF' --simplify-acceptance
Running [A3]: autfilt '/home/xschwar3/telatko/concur_response_experiments/randaut/autcross/lcr-i8-hG3BnG' > '/home/xschwar3/telatko/concur_response_experiments/randaut/autcross/lcr-o3-wil9MD' --small
Gathering statistics...

ltl3tela.filt.hoa:252.1-271.7
Running [A0]: autfilt '/home/xschwar3/telatko/concur_response_experiments/randaut/autcross/lcr-i9-sW6msF' > '/home/xschwar3/telatko/concur_response_experiments/randaut/autcross/lcr-o0-K0gQiF'
Running [A1]: /home/xschwar3/telatko/telatko.py -F '/home/xschwar3/telatko/concur_response_experiments/randaut/autcross/lcr-i9-VZU43F' -T 30 -L 3 -I -G -O '/home/xschwar3/telatko/concur_response_experiments/randaut/autcross/lcr-o1-GjPiyG'
Running [A2]: autfilt '/home/xschwar3/telatko/concur_response_experiments/randaut/autcross/lcr-i9-H5myeC' > '/home/xschwar3/telatko/concur_response_experiments/randaut/autcross/lcr-o2-CmcTYF' --simplify-acceptance
Running [A3]: autfilt '/home/xschwar3/telatko/concur_response_experiments/randaut/autcross/lcr-i9-3F5VoG' > '/home/xschwar3/telatko/concur_response_experiments/randaut/autcross/lcr-o3-cmheUC' --small
Gathering statistics...

ltl3tela.filt.hoa:272.1-289.7
Running [A0]: autfilt '/home/xschwar3/telatko/concur_response_experiments/randaut/autcross/lcr-i10-Pu7fCC' > '/home/xschwar3/telatko/concur_response_experiments/randaut/autcross/lcr-o0-HjaUwF'
Running [A1]: /home/xschwar3/telatko/telatko.py -F '/home/xschwar3/telatko/concur_response_experiments/randaut/autcross/lcr-i10-OUIDmF' -T 30 -L 3 -I -G -O '/home/xschwar3/telatko/concur_response_experiments/randaut/autcross/lcr-o1-GRG5wE'
Running [A2]: autfilt '/home/xschwar3/telatko/concur_response_experiments/randaut/autcross/lcr-i10-T4ljGE' > '/home/xschwar3/telatko/concur_response_experiments/randaut/autcross/lcr-o2-XqJDWE' --simplify-acceptance
Running [A3]: autfilt '/home/xschwar3/telatko/concur_response_experiments/randaut/autcross/lcr-i10-BnMyuC' > '/home/xschwar3/telatko/concur_response_experiments/randaut/autcross/lcr-o3-Nm9OgG' --small
Gathering statistics...

ltl3tela.filt.hoa:290.1-319.7
Running [A0]: autfilt '/home/xschwar3/telatko/concur_response_experiments/randaut/autcross/lcr-i11-9PwqqC' > '/home/xschwar3/telatko/concur_response_experiments/randaut/autcross/lcr-o0-IQCozD'
Running [A1]: /home/xschwar3/telatko/telatko.py -F '/home/xschwar3/telatko/concur_response_experiments/randaut/autcross/lcr-i11-e8zgmD' -T 30 -L 3 -I -G -O '/home/xschwar3/telatko/concur_response_experiments/randaut/autcross/lcr-o1-RLLORE'
Running [A2]: autfilt '/home/xschwar3/telatko/concur_response_experiments/randaut/autcross/lcr-i11-FyBMCC' > '/home/xschwar3/telatko/concur_response_experiments/randaut/autcross/lcr-o2-unjUGF' --simplify-acceptance
Running [A3]: autfilt '/home/xschwar3/telatko/concur_response_experiments/randaut/autcross/lcr-i11-KHiYwD' > '/home/xschwar3/telatko/concur_response_experiments/randaut/autcross/lcr-o3-GszeVD' --small
Gathering statistics...

ltl3tela.filt.hoa:320.1-346.7
Running [A0]: autfilt '/home/xschwar3/telatko/concur_response_experiments/randaut/autcross/lcr-i12-ih1DpD' > '/home/xschwar3/telatko/concur_response_experiments/randaut/autcross/lcr-o0-C979tC'
Running [A1]: /home/xschwar3/telatko/telatko.py -F '/home/xschwar3/telatko/concur_response_experiments/randaut/autcross/lcr-i12-2IV04E' -T 30 -L 3 -I -G -O '/home/xschwar3/telatko/concur_response_experiments/randaut/autcross/lcr-o1-SjpQdG'
Running [A2]: autfilt '/home/xschwar3/telatko/concur_response_experiments/randaut/autcross/lcr-i12-fYmA2E' > '/home/xschwar3/telatko/concur_response_experiments/randaut/autcross/lcr-o2-6ak6yD' --simplify-acceptance
Running [A3]: autfilt '/home/xschwar3/telatko/concur_response_experiments/randaut/autcross/lcr-i12-tJpzmD' > '/home/xschwar3/telatko/concur_response_experiments/randaut/autcross/lcr-o3-Ild5bE' --small
Gathering statistics...

ltl3tela.filt.hoa:347.1-363.7
Running [A0]: autfilt '/home/xschwar3/telatko/concur_response_experiments/randaut/autcross/lcr-i13-iEArZF' > '/home/xschwar3/telatko/concur_response_experiments/randaut/autcross/lcr-o0-ohhsHC'
Running [A1]: /home/xschwar3/telatko/telatko.py -F '/home/xschwar3/telatko/concur_response_experiments/randaut/autcross/lcr-i13-YnOPwD' -T 30 -L 3 -I -G -O '/home/xschwar3/telatko/concur_response_experiments/randaut/autcross/lcr-o1-OqyExE'
Running [A2]: autfilt '/home/xschwar3/telatko/concur_response_experiments/randaut/autcross/lcr-i13-RtTgGE' > '/home/xschwar3/telatko/concur_response_experiments/randaut/autcross/lcr-o2-IOq32E' --simplify-acceptance
Running [A3]: autfilt '/home/xschwar3/telatko/concur_response_experiments/randaut/autcross/lcr-i13-lSuLTF' > '/home/xschwar3/telatko/concur_response_experiments/randaut/autcross/lcr-o3-Ld5rTE' --small
Gathering statistics...

ltl3tela.filt.hoa:364.1-383.7
Running [A0]: autfilt '/home/xschwar3/telatko/concur_response_experiments/randaut/autcross/lcr-i14-kRzT1F' > '/home/xschwar3/telatko/concur_response_experiments/randaut/autcross/lcr-o0-QwF2qG'
Running [A1]: /home/xschwar3/telatko/telatko.py -F '/home/xschwar3/telatko/concur_response_experiments/randaut/autcross/lcr-i14-h0OMsC' -T 30 -L 3 -I -G -O '/home/xschwar3/telatko/concur_response_experiments/randaut/autcross/lcr-o1-07PetF'
Running [A2]: autfilt '/home/xschwar3/telatko/concur_response_experiments/randaut/autcross/lcr-i14-1pBHxF' > '/home/xschwar3/telatko/concur_response_experiments/randaut/autcross/lcr-o2-8JZoOF' --simplify-acceptance
Running [A3]: autfilt '/home/xschwar3/telatko/concur_response_experiments/randaut/autcross/lcr-i14-3uevvE' > '/home/xschwar3/telatko/concur_response_experiments/randaut/autcross/lcr-o3-1dSdcD' --small
Gathering statistics...

ltl3tela.filt.hoa:384.1-414.7
Running [A0]: autfilt '/home/xschwar3/telatko/concur_response_experiments/randaut/autcross/lcr-i15-dWEhQF' > '/home/xschwar3/telatko/concur_response_experiments/randaut/autcross/lcr-o0-yhFkbC'
Running [A1]: /home/xschwar3/telatko/telatko.py -F '/home/xschwar3/telatko/concur_response_experiments/randaut/autcross/lcr-i15-E0yNtE' -T 30 -L 3 -I -G -O '/home/xschwar3/telatko/concur_response_experiments/randaut/autcross/lcr-o1-A19KAE'
Running [A2]: autfilt '/home/xschwar3/telatko/concur_response_experiments/randaut/autcross/lcr-i15-JLD2uG' > '/home/xschwar3/telatko/concur_response_experiments/randaut/autcross/lcr-o2-ifBhxC' --simplify-acceptance
Running [A3]: autfilt '/home/xschwar3/telatko/concur_response_experiments/randaut/autcross/lcr-i15-oAj2cF' > '/home/xschwar3/telatko/concur_response_experiments/randaut/autcross/lcr-o3-oQfriG' --small
Gathering statistics...

ltl3tela.filt.hoa:415.1-429.7
Running [A0]: autfilt '/home/xschwar3/telatko/concur_response_experiments/randaut/autcross/lcr-i16-HzSYvG' > '/home/xschwar3/telatko/concur_response_experiments/randaut/autcross/lcr-o0-1oUVkG'
Running [A1]: /home/xschwar3/telatko/telatko.py -F '/home/xschwar3/telatko/concur_response_experiments/randaut/autcross/lcr-i16-vERpdE' -T 30 -L 3 -I -G -O '/home/xschwar3/telatko/concur_response_experiments/randaut/autcross/lcr-o1-FEcKVD'
Running [A2]: autfilt '/home/xschwar3/telatko/concur_response_experiments/randaut/autcross/lcr-i16-mjC3jC' > '/home/xschwar3/telatko/concur_response_experiments/randaut/autcross/lcr-o2-4x1BUE' --simplify-acceptance
Running [A3]: autfilt '/home/xschwar3/telatko/concur_response_experiments/randaut/autcross/lcr-i16-44lfpF' > '/home/xschwar3/telatko/concur_response_experiments/randaut/autcross/lcr-o3-M7X80F' --small
Gathering statistics...

ltl3tela.filt.hoa:430.1-456.7
Running [A0]: autfilt '/home/xschwar3/telatko/concur_response_experiments/randaut/autcross/lcr-i17-2R7cPE' > '/home/xschwar3/telatko/concur_response_experiments/randaut/autcross/lcr-o0-SkPh3E'
Running [A1]: /home/xschwar3/telatko/telatko.py -F '/home/xschwar3/telatko/concur_response_experiments/randaut/autcross/lcr-i17-CJjwQD' -T 30 -L 3 -I -G -O '/home/xschwar3/telatko/concur_response_experiments/randaut/autcross/lcr-o1-jjrUQD'
Running [A2]: autfilt '/home/xschwar3/telatko/concur_response_experiments/randaut/autcross/lcr-i17-mJncPF' > '/home/xschwar3/telatko/concur_response_experiments/randaut/autcross/lcr-o2-W6LDfE' --simplify-acceptance
Running [A3]: autfilt '/home/xschwar3/telatko/concur_response_experiments/randaut/autcross/lcr-i17-8uOVCF' > '/home/xschwar3/telatko/concur_response_experiments/randaut/autcross/lcr-o3-JJwqUD' --small
Gathering statistics...

ltl3tela.filt.hoa:457.1-473.7
Running [A0]: autfilt '/home/xschwar3/telatko/concur_response_experiments/randaut/autcross/lcr-i18-n22QlE' > '/home/xschwar3/telatko/concur_response_experiments/randaut/autcross/lcr-o0-LRtxXE'
Running [A1]: /home/xschwar3/telatko/telatko.py -F '/home/xschwar3/telatko/concur_response_experiments/randaut/autcross/lcr-i18-pCBwSE' -T 30 -L 3 -I -G -O '/home/xschwar3/telatko/concur_response_experiments/randaut/autcross/lcr-o1-Hyb7eD'
Running [A2]: autfilt '/home/xschwar3/telatko/concur_response_experiments/randaut/autcross/lcr-i18-71080F' > '/home/xschwar3/telatko/concur_response_experiments/randaut/autcross/lcr-o2-oGNXuE' --simplify-acceptance
Running [A3]: autfilt '/home/xschwar3/telatko/concur_response_experiments/randaut/autcross/lcr-i18-VbX1mC' > '/home/xschwar3/telatko/concur_response_experiments/randaut/autcross/lcr-o3-hAYvqE' --small
Gathering statistics...

ltl3tela.filt.hoa:474.1-488.7
Running [A0]: autfilt '/home/xschwar3/telatko/concur_response_experiments/randaut/autcross/lcr-i19-HEja1C' > '/home/xschwar3/telatko/concur_response_experiments/randaut/autcross/lcr-o0-89XKuF'
Running [A1]: /home/xschwar3/telatko/telatko.py -F '/home/xschwar3/telatko/concur_response_experiments/randaut/autcross/lcr-i19-eGQRqC' -T 30 -L 3 -I -G -O '/home/xschwar3/telatko/concur_response_experiments/randaut/autcross/lcr-o1-GdbSeF'
Running [A2]: autfilt '/home/xschwar3/telatko/concur_response_experiments/randaut/autcross/lcr-i19-i7pVbC' > '/home/xschwar3/telatko/concur_response_experiments/randaut/autcross/lcr-o2-QJMEnC' --simplify-acceptance
Running [A3]: autfilt '/home/xschwar3/telatko/concur_response_experiments/randaut/autcross/lcr-i19-G2rOfD' > '/home/xschwar3/telatko/concur_response_experiments/randaut/autcross/lcr-o3-7xnd1E' --small
Gathering statistics...

ltl3tela.filt.hoa:489.1-502.7
Running [A0]: autfilt '/home/xschwar3/telatko/concur_response_experiments/randaut/autcross/lcr-i20-pX2ztD' > '/home/xschwar3/telatko/concur_response_experiments/randaut/autcross/lcr-o0-PDWVBD'
Running [A1]: /home/xschwar3/telatko/telatko.py -F '/home/xschwar3/telatko/concur_response_experiments/randaut/autcross/lcr-i20-MGTWOC' -T 30 -L 3 -I -G -O '/home/xschwar3/telatko/concur_response_experiments/randaut/autcross/lcr-o1-S9jLCC'
Running [A2]: autfilt '/home/xschwar3/telatko/concur_response_experiments/randaut/autcross/lcr-i20-SN3aDF' > '/home/xschwar3/telatko/concur_response_experiments/randaut/autcross/lcr-o2-PZRL8D' --simplify-acceptance
Running [A3]: autfilt '/home/xschwar3/telatko/concur_response_experiments/randaut/autcross/lcr-i20-u9vaFE' > '/home/xschwar3/telatko/concur_response_experiments/randaut/autcross/lcr-o3-aNrbEF' --small
Gathering statistics...

ltl3tela.filt.hoa:503.1-521.7
Running [A0]: autfilt '/home/xschwar3/telatko/concur_response_experiments/randaut/autcross/lcr-i21-kza4zC' > '/home/xschwar3/telatko/concur_response_experiments/randaut/autcross/lcr-o0-LruFcF'
Running [A1]: /home/xschwar3/telatko/telatko.py -F '/home/xschwar3/telatko/concur_response_experiments/randaut/autcross/lcr-i21-ZVwMdC' -T 30 -L 3 -I -G -O '/home/xschwar3/telatko/concur_response_experiments/randaut/autcross/lcr-o1-WQYaVC'
Running [A2]: autfilt '/home/xschwar3/telatko/concur_response_experiments/randaut/autcross/lcr-i21-4Np5iC' > '/home/xschwar3/telatko/concur_response_experiments/randaut/autcross/lcr-o2-rTWo6E' --simplify-acceptance
Running [A3]: autfilt '/home/xschwar3/telatko/concur_response_experiments/randaut/autcross/lcr-i21-BzQM7D' > '/home/xschwar3/telatko/concur_response_experiments/randaut/autcross/lcr-o3-Ik4XrC' --small
Gathering statistics...

ltl3tela.filt.hoa:522.1-550.7
Running [A0]: autfilt '/home/xschwar3/telatko/concur_response_experiments/randaut/autcross/lcr-i22-zpDExD' > '/home/xschwar3/telatko/concur_response_experiments/randaut/autcross/lcr-o0-aEGisD'
Running [A1]: /home/xschwar3/telatko/telatko.py -F '/home/xschwar3/telatko/concur_response_experiments/randaut/autcross/lcr-i22-uygb9F' -T 30 -L 3 -I -G -O '/home/xschwar3/telatko/concur_response_experiments/randaut/autcross/lcr-o1-wFlZAE'
Running [A2]: autfilt '/home/xschwar3/telatko/concur_response_experiments/randaut/autcross/lcr-i22-y0pclE' > '/home/xschwar3/telatko/concur_response_experiments/randaut/autcross/lcr-o2-zFxiyC' --simplify-acceptance
Running [A3]: autfilt '/home/xschwar3/telatko/concur_response_experiments/randaut/autcross/lcr-i22-itH8QF' > '/home/xschwar3/telatko/concur_response_experiments/randaut/autcross/lcr-o3-1qsYIG' --small
Gathering statistics...

ltl3tela.filt.hoa:551.1-610.7
Running [A0]: autfilt '/home/xschwar3/telatko/concur_response_experiments/randaut/autcross/lcr-i23-AFa16E' > '/home/xschwar3/telatko/concur_response_experiments/randaut/autcross/lcr-o0-aMQ78F'
Running [A1]: /home/xschwar3/telatko/telatko.py -F '/home/xschwar3/telatko/concur_response_experiments/randaut/autcross/lcr-i23-I7V7VE' -T 30 -L 3 -I -G -O '/home/xschwar3/telatko/concur_response_experiments/randaut/autcross/lcr-o1-jSUlcF'
Running [A2]: autfilt '/home/xschwar3/telatko/concur_response_experiments/randaut/autcross/lcr-i23-2CVhZC' > '/home/xschwar3/telatko/concur_response_experiments/randaut/autcross/lcr-o2-fpoxJD' --simplify-acceptance
Running [A3]: autfilt '/home/xschwar3/telatko/concur_response_experiments/randaut/autcross/lcr-i23-Yr6LJC' > '/home/xschwar3/telatko/concur_response_experiments/randaut/autcross/lcr-o3-PIc87F' --small
Gathering statistics...

ltl3tela.filt.hoa:611.1-625.7
Running [A0]: autfilt '/home/xschwar3/telatko/concur_response_experiments/randaut/autcross/lcr-i24-tAf8tC' > '/home/xschwar3/telatko/concur_response_experiments/randaut/autcross/lcr-o0-bkAZZE'
Running [A1]: /home/xschwar3/telatko/telatko.py -F '/home/xschwar3/telatko/concur_response_experiments/randaut/autcross/lcr-i24-X9iKaE' -T 30 -L 3 -I -G -O '/home/xschwar3/telatko/concur_response_experiments/randaut/autcross/lcr-o1-NOWJTF'
Running [A2]: autfilt '/home/xschwar3/telatko/concur_response_experiments/randaut/autcross/lcr-i24-1OoxGF' > '/home/xschwar3/telatko/concur_response_experiments/randaut/autcross/lcr-o2-qtyDyE' --simplify-acceptance
Running [A3]: autfilt '/home/xschwar3/telatko/concur_response_experiments/randaut/autcross/lcr-i24-KucNwE' > '/home/xschwar3/telatko/concur_response_experiments/randaut/autcross/lcr-o3-y8eOPF' --small
Gathering statistics...

ltl3tela.filt.hoa:626.1-648.7
Running [A0]: autfilt '/home/xschwar3/telatko/concur_response_experiments/randaut/autcross/lcr-i25-Bb67MC' > '/home/xschwar3/telatko/concur_response_experiments/randaut/autcross/lcr-o0-OVTZOD'
Running [A1]: /home/xschwar3/telatko/telatko.py -F '/home/xschwar3/telatko/concur_response_experiments/randaut/autcross/lcr-i25-8Kd2PF' -T 30 -L 3 -I -G -O '/home/xschwar3/telatko/concur_response_experiments/randaut/autcross/lcr-o1-SWCTBG'
Running [A2]: autfilt '/home/xschwar3/telatko/concur_response_experiments/randaut/autcross/lcr-i25-pUaFJC' > '/home/xschwar3/telatko/concur_response_experiments/randaut/autcross/lcr-o2-fFDbvG' --simplify-acceptance
Running [A3]: autfilt '/home/xschwar3/telatko/concur_response_experiments/randaut/autcross/lcr-i25-5zryHC' > '/home/xschwar3/telatko/concur_response_experiments/randaut/autcross/lcr-o3-FGvFKG' --small
Gathering statistics...

ltl3tela.filt.hoa:649.1-665.7
Running [A0]: autfilt '/home/xschwar3/telatko/concur_response_experiments/randaut/autcross/lcr-i26-GbaoaC' > '/home/xschwar3/telatko/concur_response_experiments/randaut/autcross/lcr-o0-tOcteD'
Running [A1]: /home/xschwar3/telatko/telatko.py -F '/home/xschwar3/telatko/concur_response_experiments/randaut/autcross/lcr-i26-0wmIiF' -T 30 -L 3 -I -G -O '/home/xschwar3/telatko/concur_response_experiments/randaut/autcross/lcr-o1-LITpUE'
Running [A2]: autfilt '/home/xschwar3/telatko/concur_response_experiments/randaut/autcross/lcr-i26-zSamcF' > '/home/xschwar3/telatko/concur_response_experiments/randaut/autcross/lcr-o2-i4IJJD' --simplify-acceptance
Running [A3]: autfilt '/home/xschwar3/telatko/concur_response_experiments/randaut/autcross/lcr-i26-vqUuLC' > '/home/xschwar3/telatko/concur_response_experiments/randaut/autcross/lcr-o3-z0kQRD' --small
Gathering statistics...

ltl3tela.filt.hoa:666.1-685.7
Running [A0]: autfilt '/home/xschwar3/telatko/concur_response_experiments/randaut/autcross/lcr-i27-oH7tLE' > '/home/xschwar3/telatko/concur_response_experiments/randaut/autcross/lcr-o0-tyMWcF'
Running [A1]: /home/xschwar3/telatko/telatko.py -F '/home/xschwar3/telatko/concur_response_experiments/randaut/autcross/lcr-i27-E86DsG' -T 30 -L 3 -I -G -O '/home/xschwar3/telatko/concur_response_experiments/randaut/autcross/lcr-o1-oLcn9E'
Running [A2]: autfilt '/home/xschwar3/telatko/concur_response_experiments/randaut/autcross/lcr-i27-jTv5DC' > '/home/xschwar3/telatko/concur_response_experiments/randaut/autcross/lcr-o2-CndCmF' --simplify-acceptance
Running [A3]: autfilt '/home/xschwar3/telatko/concur_response_experiments/randaut/autcross/lcr-i27-hAXgTC' > '/home/xschwar3/telatko/concur_response_experiments/randaut/autcross/lcr-o3-yC5XuF' --small
Gathering statistics...

ltl3tela.filt.hoa:686.1-721.7
Running [A0]: autfilt '/home/xschwar3/telatko/concur_response_experiments/randaut/autcross/lcr-i28-QLikFF' > '/home/xschwar3/telatko/concur_response_experiments/randaut/autcross/lcr-o0-ZKVmNC'
Running [A1]: /home/xschwar3/telatko/telatko.py -F '/home/xschwar3/telatko/concur_response_experiments/randaut/autcross/lcr-i28-OpElGC' -T 30 -L 3 -I -G -O '/home/xschwar3/telatko/concur_response_experiments/randaut/autcross/lcr-o1-p7zuDF'
Running [A2]: autfilt '/home/xschwar3/telatko/concur_response_experiments/randaut/autcross/lcr-i28-P5447D' > '/home/xschwar3/telatko/concur_response_experiments/randaut/autcross/lcr-o2-Y654hC' --simplify-acceptance
Running [A3]: autfilt '/home/xschwar3/telatko/concur_response_experiments/randaut/autcross/lcr-i28-QW8CRC' > '/home/xschwar3/telatko/concur_response_experiments/randaut/autcross/lcr-o3-RiBH3C' --small
Gathering statistics...

ltl3tela.filt.hoa:722.1-755.7
Running [A0]: autfilt '/home/xschwar3/telatko/concur_response_experiments/randaut/autcross/lcr-i29-8LjdRE' > '/home/xschwar3/telatko/concur_response_experiments/randaut/autcross/lcr-o0-N3zyKG'
Running [A1]: /home/xschwar3/telatko/telatko.py -F '/home/xschwar3/telatko/concur_response_experiments/randaut/autcross/lcr-i29-ARQsMF' -T 30 -L 3 -I -G -O '/home/xschwar3/telatko/concur_response_experiments/randaut/autcross/lcr-o1-KP0OoC'
Running [A2]: autfilt '/home/xschwar3/telatko/concur_response_experiments/randaut/autcross/lcr-i29-Gyx8YC' > '/home/xschwar3/telatko/concur_response_experiments/randaut/autcross/lcr-o2-Hpij0E' --simplify-acceptance
Running [A3]: autfilt '/home/xschwar3/telatko/concur_response_experiments/randaut/autcross/lcr-i29-dYj9EF' > '/home/xschwar3/telatko/concur_response_experiments/randaut/autcross/lcr-o3-rb834D' --small
Gathering statistics...

ltl3tela.filt.hoa:756.1-789.7
Running [A0]: autfilt '/home/xschwar3/telatko/concur_response_experiments/randaut/autcross/lcr-i30-bcXCFD' > '/home/xschwar3/telatko/concur_response_experiments/randaut/autcross/lcr-o0-skldtE'
Running [A1]: /home/xschwar3/telatko/telatko.py -F '/home/xschwar3/telatko/concur_response_experiments/randaut/autcross/lcr-i30-IuTWoD' -T 30 -L 3 -I -G -O '/home/xschwar3/telatko/concur_response_experiments/randaut/autcross/lcr-o1-YwLZHC'
Running [A2]: autfilt '/home/xschwar3/telatko/concur_response_experiments/randaut/autcross/lcr-i30-2xfyXD' > '/home/xschwar3/telatko/concur_response_experiments/randaut/autcross/lcr-o2-M0QVMF' --simplify-acceptance
Running [A3]: autfilt '/home/xschwar3/telatko/concur_response_experiments/randaut/autcross/lcr-i30-ojtUDC' > '/home/xschwar3/telatko/concur_response_experiments/randaut/autcross/lcr-o3-9IDKLE' --small
Gathering statistics...

ltl3tela.filt.hoa:790.1-812.7
Running [A0]: autfilt '/home/xschwar3/telatko/concur_response_experiments/randaut/autcross/lcr-i31-XgQTtC' > '/home/xschwar3/telatko/concur_response_experiments/randaut/autcross/lcr-o0-fH3c4D'
Running [A1]: /home/xschwar3/telatko/telatko.py -F '/home/xschwar3/telatko/concur_response_experiments/randaut/autcross/lcr-i31-bdCzyG' -T 30 -L 3 -I -G -O '/home/xschwar3/telatko/concur_response_experiments/randaut/autcross/lcr-o1-C1H9hC'
Running [A2]: autfilt '/home/xschwar3/telatko/concur_response_experiments/randaut/autcross/lcr-i31-U1m4mC' > '/home/xschwar3/telatko/concur_response_experiments/randaut/autcross/lcr-o2-oQwz8D' --simplify-acceptance
Running [A3]: autfilt '/home/xschwar3/telatko/concur_response_experiments/randaut/autcross/lcr-i31-e3UEeG' > '/home/xschwar3/telatko/concur_response_experiments/randaut/autcross/lcr-o3-ErWaeE' --small
Gathering statistics...

ltl3tela.filt.hoa:813.1-832.7
Running [A0]: autfilt '/home/xschwar3/telatko/concur_response_experiments/randaut/autcross/lcr-i32-tR9lXD' > '/home/xschwar3/telatko/concur_response_experiments/randaut/autcross/lcr-o0-SLrkqC'
Running [A1]: /home/xschwar3/telatko/telatko.py -F '/home/xschwar3/telatko/concur_response_experiments/randaut/autcross/lcr-i32-UdP6EC' -T 30 -L 3 -I -G -O '/home/xschwar3/telatko/concur_response_experiments/randaut/autcross/lcr-o1-PnHdKF'
Running [A2]: autfilt '/home/xschwar3/telatko/concur_response_experiments/randaut/autcross/lcr-i32-ROAOzC' > '/home/xschwar3/telatko/concur_response_experiments/randaut/autcross/lcr-o2-FXNX4E' --simplify-acceptance
Running [A3]: autfilt '/home/xschwar3/telatko/concur_response_experiments/randaut/autcross/lcr-i32-5ghWuD' > '/home/xschwar3/telatko/concur_response_experiments/randaut/autcross/lcr-o3-GJjG1C' --small
Gathering statistics...

ltl3tela.filt.hoa:833.1-853.7
Running [A0]: autfilt '/home/xschwar3/telatko/concur_response_experiments/randaut/autcross/lcr-i33-K3PdVF' > '/home/xschwar3/telatko/concur_response_experiments/randaut/autcross/lcr-o0-p6o36D'
Running [A1]: /home/xschwar3/telatko/telatko.py -F '/home/xschwar3/telatko/concur_response_experiments/randaut/autcross/lcr-i33-eIZiGF' -T 30 -L 3 -I -G -O '/home/xschwar3/telatko/concur_response_experiments/randaut/autcross/lcr-o1-ueHQKC'
Running [A2]: autfilt '/home/xschwar3/telatko/concur_response_experiments/randaut/autcross/lcr-i33-nzPIzE' > '/home/xschwar3/telatko/concur_response_experiments/randaut/autcross/lcr-o2-OYFxKF' --simplify-acceptance
Running [A3]: autfilt '/home/xschwar3/telatko/concur_response_experiments/randaut/autcross/lcr-i33-PxIKWC' > '/home/xschwar3/telatko/concur_response_experiments/randaut/autcross/lcr-o3-z3THzC' --small
Gathering statistics...

ltl3tela.filt.hoa:854.1-879.7
Running [A0]: autfilt '/home/xschwar3/telatko/concur_response_experiments/randaut/autcross/lcr-i34-Jgx0SD' > '/home/xschwar3/telatko/concur_response_experiments/randaut/autcross/lcr-o0-sq8yGE'
Running [A1]: /home/xschwar3/telatko/telatko.py -F '/home/xschwar3/telatko/concur_response_experiments/randaut/autcross/lcr-i34-jM88kC' -T 30 -L 3 -I -G -O '/home/xschwar3/telatko/concur_response_experiments/randaut/autcross/lcr-o1-Krvk0C'
Running [A2]: autfilt '/home/xschwar3/telatko/concur_response_experiments/randaut/autcross/lcr-i34-u6aQlF' > '/home/xschwar3/telatko/concur_response_experiments/randaut/autcross/lcr-o2-kmw2ID' --simplify-acceptance
Running [A3]: autfilt '/home/xschwar3/telatko/concur_response_experiments/randaut/autcross/lcr-i34-cfs1nF' > '/home/xschwar3/telatko/concur_response_experiments/randaut/autcross/lcr-o3-OuqYeE' --small
Gathering statistics...

ltl3tela.filt.hoa:880.1-917.7
Running [A0]: autfilt '/home/xschwar3/telatko/concur_response_experiments/randaut/autcross/lcr-i35-XUDppG' > '/home/xschwar3/telatko/concur_response_experiments/randaut/autcross/lcr-o0-07eqaF'
Running [A1]: /home/xschwar3/telatko/telatko.py -F '/home/xschwar3/telatko/concur_response_experiments/randaut/autcross/lcr-i35-V6OHIF' -T 30 -L 3 -I -G -O '/home/xschwar3/telatko/concur_response_experiments/randaut/autcross/lcr-o1-w08eHE'
Running [A2]: autfilt '/home/xschwar3/telatko/concur_response_experiments/randaut/autcross/lcr-i35-zSzBIE' > '/home/xschwar3/telatko/concur_response_experiments/randaut/autcross/lcr-o2-ebEBFE' --simplify-acceptance
Running [A3]: autfilt '/home/xschwar3/telatko/concur_response_experiments/randaut/autcross/lcr-i35-g5BTOF' > '/home/xschwar3/telatko/concur_response_experiments/randaut/autcross/lcr-o3-Xf4JlF' --small
Gathering statistics...

ltl3tela.filt.hoa:918.1-991.7
Running [A0]: autfilt '/home/xschwar3/telatko/concur_response_experiments/randaut/autcross/lcr-i36-FdEQEE' > '/home/xschwar3/telatko/concur_response_experiments/randaut/autcross/lcr-o0-KQBGdG'
Running [A1]: /home/xschwar3/telatko/telatko.py -F '/home/xschwar3/telatko/concur_response_experiments/randaut/autcross/lcr-i36-9iZs5E' -T 30 -L 3 -I -G -O '/home/xschwar3/telatko/concur_response_experiments/randaut/autcross/lcr-o1-oHSi7F'
Running [A2]: autfilt '/home/xschwar3/telatko/concur_response_experiments/randaut/autcross/lcr-i36-FsXAQC' > '/home/xschwar3/telatko/concur_response_experiments/randaut/autcross/lcr-o2-Vh5j2C' --simplify-acceptance
Running [A3]: autfilt '/home/xschwar3/telatko/concur_response_experiments/randaut/autcross/lcr-i36-TOcsAD' > '/home/xschwar3/telatko/concur_response_experiments/randaut/autcross/lcr-o3-S6BUmF' --small
Gathering statistics...

ltl3tela.filt.hoa:992.1-1010.7
Running [A0]: autfilt '/home/xschwar3/telatko/concur_response_experiments/randaut/autcross/lcr-i37-fdrJ2C' > '/home/xschwar3/telatko/concur_response_experiments/randaut/autcross/lcr-o0-pzADDG'
Running [A1]: /home/xschwar3/telatko/telatko.py -F '/home/xschwar3/telatko/concur_response_experiments/randaut/autcross/lcr-i37-FFQxsE' -T 30 -L 3 -I -G -O '/home/xschwar3/telatko/concur_response_experiments/randaut/autcross/lcr-o1-GbjMsG'
Running [A2]: autfilt '/home/xschwar3/telatko/concur_response_experiments/randaut/autcross/lcr-i37-sTg0cD' > '/home/xschwar3/telatko/concur_response_experiments/randaut/autcross/lcr-o2-QCYOKG' --simplify-acceptance
Running [A3]: autfilt '/home/xschwar3/telatko/concur_response_experiments/randaut/autcross/lcr-i37-g1PFND' > '/home/xschwar3/telatko/concur_response_experiments/randaut/autcross/lcr-o3-ghCjTF' --small
Gathering statistics...

ltl3tela.filt.hoa:1011.1-1045.7
Running [A0]: autfilt '/home/xschwar3/telatko/concur_response_experiments/randaut/autcross/lcr-i38-w64A6E' > '/home/xschwar3/telatko/concur_response_experiments/randaut/autcross/lcr-o0-g6DbRC'
Running [A1]: /home/xschwar3/telatko/telatko.py -F '/home/xschwar3/telatko/concur_response_experiments/randaut/autcross/lcr-i38-ZOcnsE' -T 30 -L 3 -I -G -O '/home/xschwar3/telatko/concur_response_experiments/randaut/autcross/lcr-o1-bNrUuE'
Running [A2]: autfilt '/home/xschwar3/telatko/concur_response_experiments/randaut/autcross/lcr-i38-m1PraD' > '/home/xschwar3/telatko/concur_response_experiments/randaut/autcross/lcr-o2-Vag0mF' --simplify-acceptance
Running [A3]: autfilt '/home/xschwar3/telatko/concur_response_experiments/randaut/autcross/lcr-i38-d4aYdF' > '/home/xschwar3/telatko/concur_response_experiments/randaut/autcross/lcr-o3-FJvPEG' --small
Gathering statistics...

ltl3tela.filt.hoa:1046.1-1064.7
Running [A0]: autfilt '/home/xschwar3/telatko/concur_response_experiments/randaut/autcross/lcr-i39-dDhRTF' > '/home/xschwar3/telatko/concur_response_experiments/randaut/autcross/lcr-o0-TcJQFG'
Running [A1]: /home/xschwar3/telatko/telatko.py -F '/home/xschwar3/telatko/concur_response_experiments/randaut/autcross/lcr-i39-JtAmLD' -T 30 -L 3 -I -G -O '/home/xschwar3/telatko/concur_response_experiments/randaut/autcross/lcr-o1-NozDNF'
Running [A2]: autfilt '/home/xschwar3/telatko/concur_response_experiments/randaut/autcross/lcr-i39-tK4fGD' > '/home/xschwar3/telatko/concur_response_experiments/randaut/autcross/lcr-o2-LCTy5D' --simplify-acceptance
Running [A3]: autfilt '/home/xschwar3/telatko/concur_response_experiments/randaut/autcross/lcr-i39-aPOK7C' > '/home/xschwar3/telatko/concur_response_experiments/randaut/autcross/lcr-o3-p6pTZE' --small
Gathering statistics...

ltl3tela.filt.hoa:1065.1-1084.7
Running [A0]: autfilt '/home/xschwar3/telatko/concur_response_experiments/randaut/autcross/lcr-i40-RutRIG' > '/home/xschwar3/telatko/concur_response_experiments/randaut/autcross/lcr-o0-7bg9UF'
Running [A1]: /home/xschwar3/telatko/telatko.py -F '/home/xschwar3/telatko/concur_response_experiments/randaut/autcross/lcr-i40-CUoaMC' -T 30 -L 3 -I -G -O '/home/xschwar3/telatko/concur_response_experiments/randaut/autcross/lcr-o1-cGIJNF'
Running [A2]: autfilt '/home/xschwar3/telatko/concur_response_experiments/randaut/autcross/lcr-i40-1PUwoC' > '/home/xschwar3/telatko/concur_response_experiments/randaut/autcross/lcr-o2-HMC3bG' --simplify-acceptance
Running [A3]: autfilt '/home/xschwar3/telatko/concur_response_experiments/randaut/autcross/lcr-i40-9tWnfG' > '/home/xschwar3/telatko/concur_response_experiments/randaut/autcross/lcr-o3-zMPrGC' --small
Gathering statistics...

ltl3tela.filt.hoa:1085.1-1099.7
Running [A0]: autfilt '/home/xschwar3/telatko/concur_response_experiments/randaut/autcross/lcr-i41-jZpgFC' > '/home/xschwar3/telatko/concur_response_experiments/randaut/autcross/lcr-o0-tILDSD'
Running [A1]: /home/xschwar3/telatko/telatko.py -F '/home/xschwar3/telatko/concur_response_experiments/randaut/autcross/lcr-i41-ikEEVF' -T 30 -L 3 -I -G -O '/home/xschwar3/telatko/concur_response_experiments/randaut/autcross/lcr-o1-xxhgjC'
Running [A2]: autfilt '/home/xschwar3/telatko/concur_response_experiments/randaut/autcross/lcr-i41-wIOfvG' > '/home/xschwar3/telatko/concur_response_experiments/randaut/autcross/lcr-o2-YWRz3E' --simplify-acceptance
Running [A3]: autfilt '/home/xschwar3/telatko/concur_response_experiments/randaut/autcross/lcr-i41-AZm9fC' > '/home/xschwar3/telatko/concur_response_experiments/randaut/autcross/lcr-o3-YJrx0F' --small
Gathering statistics...

ltl3tela.filt.hoa:1100.1-1113.7
Running [A0]: autfilt '/home/xschwar3/telatko/concur_response_experiments/randaut/autcross/lcr-i42-grHZ8C' > '/home/xschwar3/telatko/concur_response_experiments/randaut/autcross/lcr-o0-ojxD5D'
Running [A1]: /home/xschwar3/telatko/telatko.py -F '/home/xschwar3/telatko/concur_response_experiments/randaut/autcross/lcr-i42-09GwKC' -T 30 -L 3 -I -G -O '/home/xschwar3/telatko/concur_response_experiments/randaut/autcross/lcr-o1-l6TmjE'
Running [A2]: autfilt '/home/xschwar3/telatko/concur_response_experiments/randaut/autcross/lcr-i42-hqSxqG' > '/home/xschwar3/telatko/concur_response_experiments/randaut/autcross/lcr-o2-XOE9hE' --simplify-acceptance
Running [A3]: autfilt '/home/xschwar3/telatko/concur_response_experiments/randaut/autcross/lcr-i42-6nofOC' > '/home/xschwar3/telatko/concur_response_experiments/randaut/autcross/lcr-o3-D27VkG' --small
Gathering statistics...

ltl3tela.filt.hoa:1114.1-1139.7
Running [A0]: autfilt '/home/xschwar3/telatko/concur_response_experiments/randaut/autcross/lcr-i43-2ZIOcG' > '/home/xschwar3/telatko/concur_response_experiments/randaut/autcross/lcr-o0-3C586F'
Running [A1]: /home/xschwar3/telatko/telatko.py -F '/home/xschwar3/telatko/concur_response_experiments/randaut/autcross/lcr-i43-f0z2kC' -T 30 -L 3 -I -G -O '/home/xschwar3/telatko/concur_response_experiments/randaut/autcross/lcr-o1-j4B1VC'
Running [A2]: autfilt '/home/xschwar3/telatko/concur_response_experiments/randaut/autcross/lcr-i43-WuPl2D' > '/home/xschwar3/telatko/concur_response_experiments/randaut/autcross/lcr-o2-Rv7GjE' --simplify-acceptance
Running [A3]: autfilt '/home/xschwar3/telatko/concur_response_experiments/randaut/autcross/lcr-i43-qsiJ6F' > '/home/xschwar3/telatko/concur_response_experiments/randaut/autcross/lcr-o3-HAlr1F' --small
Gathering statistics...

ltl3tela.filt.hoa:1140.1-1158.7
Running [A0]: autfilt '/home/xschwar3/telatko/concur_response_experiments/randaut/autcross/lcr-i44-pnj6JC' > '/home/xschwar3/telatko/concur_response_experiments/randaut/autcross/lcr-o0-f7CztF'
Running [A1]: /home/xschwar3/telatko/telatko.py -F '/home/xschwar3/telatko/concur_response_experiments/randaut/autcross/lcr-i44-4w5nFD' -T 30 -L 3 -I -G -O '/home/xschwar3/telatko/concur_response_experiments/randaut/autcross/lcr-o1-FNgTeE'
Running [A2]: autfilt '/home/xschwar3/telatko/concur_response_experiments/randaut/autcross/lcr-i44-Ut5jKC' > '/home/xschwar3/telatko/concur_response_experiments/randaut/autcross/lcr-o2-mv1VeE' --simplify-acceptance
Running [A3]: autfilt '/home/xschwar3/telatko/concur_response_experiments/randaut/autcross/lcr-i44-XBccKE' > '/home/xschwar3/telatko/concur_response_experiments/randaut/autcross/lcr-o3-ptft7F' --small
Gathering statistics...

ltl3tela.filt.hoa:1159.1-1190.7
Running [A0]: autfilt '/home/xschwar3/telatko/concur_response_experiments/randaut/autcross/lcr-i45-d0KxMD' > '/home/xschwar3/telatko/concur_response_experiments/randaut/autcross/lcr-o0-B42L8E'
Running [A1]: /home/xschwar3/telatko/telatko.py -F '/home/xschwar3/telatko/concur_response_experiments/randaut/autcross/lcr-i45-ABPOmG' -T 30 -L 3 -I -G -O '/home/xschwar3/telatko/concur_response_experiments/randaut/autcross/lcr-o1-cupcLG'
Running [A2]: autfilt '/home/xschwar3/telatko/concur_response_experiments/randaut/autcross/lcr-i45-d8YyOF' > '/home/xschwar3/telatko/concur_response_experiments/randaut/autcross/lcr-o2-adoTDG' --simplify-acceptance
Running [A3]: autfilt '/home/xschwar3/telatko/concur_response_experiments/randaut/autcross/lcr-i45-uZiYYF' > '/home/xschwar3/telatko/concur_response_experiments/randaut/autcross/lcr-o3-t0l9oC' --small
Gathering statistics...

ltl3tela.filt.hoa:1191.1-1204.7
Running [A0]: autfilt '/home/xschwar3/telatko/concur_response_experiments/randaut/autcross/lcr-i46-Ha7eXD' > '/home/xschwar3/telatko/concur_response_experiments/randaut/autcross/lcr-o0-d3wVGD'
Running [A1]: /home/xschwar3/telatko/telatko.py -F '/home/xschwar3/telatko/concur_response_experiments/randaut/autcross/lcr-i46-WMUnkG' -T 30 -L 3 -I -G -O '/home/xschwar3/telatko/concur_response_experiments/randaut/autcross/lcr-o1-BofmrD'
Running [A2]: autfilt '/home/xschwar3/telatko/concur_response_experiments/randaut/autcross/lcr-i46-p8umVE' > '/home/xschwar3/telatko/concur_response_experiments/randaut/autcross/lcr-o2-b24TZD' --simplify-acceptance
Running [A3]: autfilt '/home/xschwar3/telatko/concur_response_experiments/randaut/autcross/lcr-i46-ayz6VC' > '/home/xschwar3/telatko/concur_response_experiments/randaut/autcross/lcr-o3-hz4ttD' --small
Gathering statistics...

ltl3tela.filt.hoa:1205.1-1239.7
Running [A0]: autfilt '/home/xschwar3/telatko/concur_response_experiments/randaut/autcross/lcr-i47-J1QpwF' > '/home/xschwar3/telatko/concur_response_experiments/randaut/autcross/lcr-o0-i5U4mG'
Running [A1]: /home/xschwar3/telatko/telatko.py -F '/home/xschwar3/telatko/concur_response_experiments/randaut/autcross/lcr-i47-ByfrjF' -T 30 -L 3 -I -G -O '/home/xschwar3/telatko/concur_response_experiments/randaut/autcross/lcr-o1-K45AmG'
Running [A2]: autfilt '/home/xschwar3/telatko/concur_response_experiments/randaut/autcross/lcr-i47-xEiMbG' > '/home/xschwar3/telatko/concur_response_experiments/randaut/autcross/lcr-o2-6TBKQD' --simplify-acceptance
Running [A3]: autfilt '/home/xschwar3/telatko/concur_response_experiments/randaut/autcross/lcr-i47-S08mtC' > '/home/xschwar3/telatko/concur_response_experiments/randaut/autcross/lcr-o3-T0SXvC' --small
Gathering statistics...

ltl3tela.filt.hoa:1240.1-1329.7
Running [A0]: autfilt '/home/xschwar3/telatko/concur_response_experiments/randaut/autcross/lcr-i48-Q6DYtD' > '/home/xschwar3/telatko/concur_response_experiments/randaut/autcross/lcr-o0-ulKKSC'
Running [A1]: /home/xschwar3/telatko/telatko.py -F '/home/xschwar3/telatko/concur_response_experiments/randaut/autcross/lcr-i48-YNG9rG' -T 30 -L 3 -I -G -O '/home/xschwar3/telatko/concur_response_experiments/randaut/autcross/lcr-o1-d3vruF'
Running [A2]: autfilt '/home/xschwar3/telatko/concur_response_experiments/randaut/autcross/lcr-i48-wowwCF' > '/home/xschwar3/telatko/concur_response_experiments/randaut/autcross/lcr-o2-gKbOTF' --simplify-acceptance
Running [A3]: autfilt '/home/xschwar3/telatko/concur_response_experiments/randaut/autcross/lcr-i48-VXCXKD' > '/home/xschwar3/telatko/concur_response_experiments/randaut/autcross/lcr-o3-UPe0MF' --small
Gathering statistics...

ltl3tela.filt.hoa:1330.1-1355.7
Running [A0]: autfilt '/home/xschwar3/telatko/concur_response_experiments/randaut/autcross/lcr-i49-JBNX2C' > '/home/xschwar3/telatko/concur_response_experiments/randaut/autcross/lcr-o0-mUJ0ZD'
Running [A1]: /home/xschwar3/telatko/telatko.py -F '/home/xschwar3/telatko/concur_response_experiments/randaut/autcross/lcr-i49-FbCiLG' -T 30 -L 3 -I -G -O '/home/xschwar3/telatko/concur_response_experiments/randaut/autcross/lcr-o1-vsg6aF'
Running [A2]: autfilt '/home/xschwar3/telatko/concur_response_experiments/randaut/autcross/lcr-i49-KNaRlF' > '/home/xschwar3/telatko/concur_response_experiments/randaut/autcross/lcr-o2-P3ZZQD' --simplify-acceptance
Running [A3]: autfilt '/home/xschwar3/telatko/concur_response_experiments/randaut/autcross/lcr-i49-6r1cPE' > '/home/xschwar3/telatko/concur_response_experiments/randaut/autcross/lcr-o3-EKq0RC' --small
Gathering statistics...

No problem detected.
